[0.375s] DEBUG:colcon:Command line arguments: ['/usr/bin/colcon', 'build', '--symlink-install']
[0.375s] DEBUG:colcon:Parsed command line arguments: Namespace(log_base=None, log_level=None, verb_name='build', build_base='build', install_base='install', merge_install=False, symlink_install=True, test_result_base=None, continue_on_error=False, executor='parallel', parallel_workers=16, event_handlers=None, ignore_user_meta=False, metas=['./colcon.meta'], base_paths=['.'], packages_ignore=None, packages_ignore_regex=None, paths=None, packages_up_to=None, packages_up_to_regex=None, packages_above=None, packages_above_and_dependencies=None, packages_above_depth=None, packages_select_by_dep=None, packages_skip_by_dep=None, packages_skip_up_to=None, packages_select_build_failed=False, packages_skip_build_finished=False, packages_select_test_failures=False, packages_skip_test_passed=False, packages_select=None, packages_skip=None, packages_select_regex=None, packages_skip_regex=None, packages_start=None, packages_end=None, allow_overriding=[], cmake_args=None, cmake_target=None, cmake_target_skip_unavailable=False, cmake_clean_cache=False, cmake_clean_first=False, cmake_force_configure=False, ament_cmake_args=None, catkin_cmake_args=None, catkin_skip_building_tests=False, verb_parser=<colcon_defaults.argument_parser.defaults.DefaultArgumentsDecorator object at 0x7fb2b4c2b580>, verb_extension=<colcon_core.verb.build.BuildVerb object at 0x7fb2b5435f30>, main=<bound method BuildVerb.main of <colcon_core.verb.build.BuildVerb object at 0x7fb2b5435f30>>)
[0.415s] Level 1:colcon.colcon_core.package_discovery:discover_packages(colcon_meta) check parameters
[0.416s] Level 1:colcon.colcon_core.package_discovery:discover_packages(recursive) check parameters
[0.416s] Level 1:colcon.colcon_core.package_discovery:discover_packages(ignore) check parameters
[0.416s] Level 1:colcon.colcon_core.package_discovery:discover_packages(path) check parameters
[0.416s] Level 1:colcon.colcon_core.package_discovery:discover_packages(colcon_meta) discover
[0.416s] Level 1:colcon.colcon_core.package_discovery:discover_packages(recursive) discover
[0.416s] INFO:colcon.colcon_core.package_discovery:Crawling recursively for packages in '/home/karch/ws/hunter20_ws'
[0.416s] Level 1:colcon.colcon_core.package_identification:_identify(.) by extensions ['ignore', 'ignore_ament_install']
[0.416s] Level 1:colcon.colcon_core.package_identification:_identify(.) by extension 'ignore'
[0.416s] Level 1:colcon.colcon_core.package_identification:_identify(.) by extension 'ignore_ament_install'
[0.416s] Level 1:colcon.colcon_core.package_identification:_identify(.) by extensions ['colcon_pkg']
[0.416s] Level 1:colcon.colcon_core.package_identification:_identify(.) by extension 'colcon_pkg'
[0.416s] Level 1:colcon.colcon_core.package_identification:_identify(.) by extensions ['colcon_meta']
[0.416s] Level 1:colcon.colcon_core.package_identification:_identify(.) by extension 'colcon_meta'
[0.416s] Level 1:colcon.colcon_core.package_identification:_identify(.) by extensions ['ros']
[0.416s] Level 1:colcon.colcon_core.package_identification:_identify(.) by extension 'ros'
[0.427s] Level 1:colcon.colcon_core.package_identification:_identify(.) by extensions ['cmake', 'python']
[0.427s] Level 1:colcon.colcon_core.package_identification:_identify(.) by extension 'cmake'
[0.427s] Level 1:colcon.colcon_core.package_identification:_identify(.) by extension 'python'
[0.428s] Level 1:colcon.colcon_core.package_identification:_identify(.) by extensions ['python_setup_py']
[0.428s] Level 1:colcon.colcon_core.package_identification:_identify(.) by extension 'python_setup_py'
[0.428s] Level 1:colcon.colcon_core.package_identification:_identify(build) by extensions ['ignore', 'ignore_ament_install']
[0.428s] Level 1:colcon.colcon_core.package_identification:_identify(build) by extension 'ignore'
[0.428s] Level 1:colcon.colcon_core.package_identification:_identify(build) ignored
[0.428s] Level 1:colcon.colcon_core.package_identification:_identify(install) by extensions ['ignore', 'ignore_ament_install']
[0.428s] Level 1:colcon.colcon_core.package_identification:_identify(install) by extension 'ignore'
[0.428s] Level 1:colcon.colcon_core.package_identification:_identify(install) ignored
[0.428s] Level 1:colcon.colcon_core.package_identification:_identify(log) by extensions ['ignore', 'ignore_ament_install']
[0.428s] Level 1:colcon.colcon_core.package_identification:_identify(log) by extension 'ignore'
[0.428s] Level 1:colcon.colcon_core.package_identification:_identify(log) ignored
[0.428s] Level 1:colcon.colcon_core.package_identification:_identify(src) by extensions ['ignore', 'ignore_ament_install']
[0.428s] Level 1:colcon.colcon_core.package_identification:_identify(src) by extension 'ignore'
[0.429s] Level 1:colcon.colcon_core.package_identification:_identify(src) by extension 'ignore_ament_install'
[0.429s] Level 1:colcon.colcon_core.package_identification:_identify(src) by extensions ['colcon_pkg']
[0.429s] Level 1:colcon.colcon_core.package_identification:_identify(src) by extension 'colcon_pkg'
[0.429s] Level 1:colcon.colcon_core.package_identification:_identify(src) by extensions ['colcon_meta']
[0.429s] Level 1:colcon.colcon_core.package_identification:_identify(src) by extension 'colcon_meta'
[0.429s] Level 1:colcon.colcon_core.package_identification:_identify(src) by extensions ['ros']
[0.429s] Level 1:colcon.colcon_core.package_identification:_identify(src) by extension 'ros'
[0.429s] Level 1:colcon.colcon_core.package_identification:_identify(src) by extensions ['cmake', 'python']
[0.429s] Level 1:colcon.colcon_core.package_identification:_identify(src) by extension 'cmake'
[0.429s] Level 1:colcon.colcon_core.package_identification:_identify(src) by extension 'python'
[0.429s] Level 1:colcon.colcon_core.package_identification:_identify(src) by extensions ['python_setup_py']
[0.429s] Level 1:colcon.colcon_core.package_identification:_identify(src) by extension 'python_setup_py'
[0.429s] Level 1:colcon.colcon_core.package_identification:_identify(src/hunter_ros2) by extensions ['ignore', 'ignore_ament_install']
[0.429s] Level 1:colcon.colcon_core.package_identification:_identify(src/hunter_ros2) by extension 'ignore'
[0.429s] Level 1:colcon.colcon_core.package_identification:_identify(src/hunter_ros2) by extension 'ignore_ament_install'
[0.429s] Level 1:colcon.colcon_core.package_identification:_identify(src/hunter_ros2) by extensions ['colcon_pkg']
[0.429s] Level 1:colcon.colcon_core.package_identification:_identify(src/hunter_ros2) by extension 'colcon_pkg'
[0.429s] Level 1:colcon.colcon_core.package_identification:_identify(src/hunter_ros2) by extensions ['colcon_meta']
[0.429s] Level 1:colcon.colcon_core.package_identification:_identify(src/hunter_ros2) by extension 'colcon_meta'
[0.429s] Level 1:colcon.colcon_core.package_identification:_identify(src/hunter_ros2) by extensions ['ros']
[0.430s] Level 1:colcon.colcon_core.package_identification:_identify(src/hunter_ros2) by extension 'ros'
[0.430s] Level 1:colcon.colcon_core.package_identification:_identify(src/hunter_ros2) by extensions ['cmake', 'python']
[0.430s] Level 1:colcon.colcon_core.package_identification:_identify(src/hunter_ros2) by extension 'cmake'
[0.430s] Level 1:colcon.colcon_core.package_identification:_identify(src/hunter_ros2) by extension 'python'
[0.430s] Level 1:colcon.colcon_core.package_identification:_identify(src/hunter_ros2) by extensions ['python_setup_py']
[0.430s] Level 1:colcon.colcon_core.package_identification:_identify(src/hunter_ros2) by extension 'python_setup_py'
[0.430s] Level 1:colcon.colcon_core.package_identification:_identify(src/hunter_ros2/hunter_base) by extensions ['ignore', 'ignore_ament_install']
[0.430s] Level 1:colcon.colcon_core.package_identification:_identify(src/hunter_ros2/hunter_base) by extension 'ignore'
[0.430s] Level 1:colcon.colcon_core.package_identification:_identify(src/hunter_ros2/hunter_base) by extension 'ignore_ament_install'
[0.430s] Level 1:colcon.colcon_core.package_identification:_identify(src/hunter_ros2/hunter_base) by extensions ['colcon_pkg']
[0.430s] Level 1:colcon.colcon_core.package_identification:_identify(src/hunter_ros2/hunter_base) by extension 'colcon_pkg'
[0.430s] Level 1:colcon.colcon_core.package_identification:_identify(src/hunter_ros2/hunter_base) by extensions ['colcon_meta']
[0.430s] Level 1:colcon.colcon_core.package_identification:_identify(src/hunter_ros2/hunter_base) by extension 'colcon_meta'
[0.430s] Level 1:colcon.colcon_core.package_identification:_identify(src/hunter_ros2/hunter_base) by extensions ['ros']
[0.430s] Level 1:colcon.colcon_core.package_identification:_identify(src/hunter_ros2/hunter_base) by extension 'ros'
[0.434s] DEBUG:colcon.colcon_core.package_identification:Package 'src/hunter_ros2/hunter_base' with type 'ros.ament_cmake' and name 'hunter_base'
[0.434s] Level 1:colcon.colcon_core.package_identification:_identify(src/hunter_ros2/hunter_msgs) by extensions ['ignore', 'ignore_ament_install']
[0.434s] Level 1:colcon.colcon_core.package_identification:_identify(src/hunter_ros2/hunter_msgs) by extension 'ignore'
[0.434s] Level 1:colcon.colcon_core.package_identification:_identify(src/hunter_ros2/hunter_msgs) by extension 'ignore_ament_install'
[0.434s] Level 1:colcon.colcon_core.package_identification:_identify(src/hunter_ros2/hunter_msgs) by extensions ['colcon_pkg']
[0.435s] Level 1:colcon.colcon_core.package_identification:_identify(src/hunter_ros2/hunter_msgs) by extension 'colcon_pkg'
[0.435s] Level 1:colcon.colcon_core.package_identification:_identify(src/hunter_ros2/hunter_msgs) by extensions ['colcon_meta']
[0.435s] Level 1:colcon.colcon_core.package_identification:_identify(src/hunter_ros2/hunter_msgs) by extension 'colcon_meta'
[0.435s] Level 1:colcon.colcon_core.package_identification:_identify(src/hunter_ros2/hunter_msgs) by extensions ['ros']
[0.435s] Level 1:colcon.colcon_core.package_identification:_identify(src/hunter_ros2/hunter_msgs) by extension 'ros'
[0.436s] DEBUG:colcon.colcon_core.package_identification:Package 'src/hunter_ros2/hunter_msgs' with type 'ros.ament_cmake' and name 'hunter_msgs'
[0.436s] Level 1:colcon.colcon_core.package_identification:_identify(src/ugv_sdk) by extensions ['ignore', 'ignore_ament_install']
[0.436s] Level 1:colcon.colcon_core.package_identification:_identify(src/ugv_sdk) by extension 'ignore'
[0.436s] Level 1:colcon.colcon_core.package_identification:_identify(src/ugv_sdk) by extension 'ignore_ament_install'
[0.436s] Level 1:colcon.colcon_core.package_identification:_identify(src/ugv_sdk) by extensions ['colcon_pkg']
[0.436s] Level 1:colcon.colcon_core.package_identification:_identify(src/ugv_sdk) by extension 'colcon_pkg'
[0.436s] Level 1:colcon.colcon_core.package_identification:_identify(src/ugv_sdk) by extensions ['colcon_meta']
[0.436s] Level 1:colcon.colcon_core.package_identification:_identify(src/ugv_sdk) by extension 'colcon_meta'
[0.436s] Level 1:colcon.colcon_core.package_identification:_identify(src/ugv_sdk) by extensions ['ros']
[0.436s] Level 1:colcon.colcon_core.package_identification:_identify(src/ugv_sdk) by extension 'ros'
[0.437s] DEBUG:colcon.colcon_core.package_identification:Package 'src/ugv_sdk' with type 'ros.catkin' and name 'ugv_sdk'
[0.437s] Level 1:colcon.colcon_core.package_discovery:discover_packages(recursive) using defaults
[0.437s] Level 1:colcon.colcon_core.package_discovery:discover_packages(ignore) discover
[0.437s] Level 1:colcon.colcon_core.package_discovery:discover_packages(ignore) using defaults
[0.437s] Level 1:colcon.colcon_core.package_discovery:discover_packages(path) discover
[0.437s] Level 1:colcon.colcon_core.package_discovery:discover_packages(path) using defaults
[0.462s] Level 1:colcon.colcon_core.package_discovery:discover_packages(prefix_path) check parameters
[0.462s] Level 1:colcon.colcon_core.package_discovery:discover_packages(prefix_path) discover
[0.467s] DEBUG:colcon.colcon_installed_package_information.package_discovery:Found 6 installed packages in /home/karch/ws/hokuyo_ws/install
[0.468s] DEBUG:colcon.colcon_installed_package_information.package_discovery:Found 3 installed packages in /home/karch/ws/hunter20_ws/install
[0.469s] DEBUG:colcon.colcon_installed_package_information.package_discovery:Found 1 installed packages in /home/karch/ws/dev_ws/install
[0.472s] DEBUG:colcon.colcon_installed_package_information.package_discovery:Found 318 installed packages in /opt/ros/humble
[0.473s] Level 1:colcon.colcon_core.package_discovery:discover_packages(prefix_path) using defaults
[0.556s] Level 5:colcon.colcon_core.verb:set package 'hunter_msgs' build argument 'cmake_args' from command line to 'None'
[0.556s] Level 5:colcon.colcon_core.verb:set package 'hunter_msgs' build argument 'cmake_target' from command line to 'None'
[0.556s] Level 5:colcon.colcon_core.verb:set package 'hunter_msgs' build argument 'cmake_target_skip_unavailable' from command line to 'False'
[0.556s] Level 5:colcon.colcon_core.verb:set package 'hunter_msgs' build argument 'cmake_clean_cache' from command line to 'False'
[0.556s] Level 5:colcon.colcon_core.verb:set package 'hunter_msgs' build argument 'cmake_clean_first' from command line to 'False'
[0.556s] Level 5:colcon.colcon_core.verb:set package 'hunter_msgs' build argument 'cmake_force_configure' from command line to 'False'
[0.556s] Level 5:colcon.colcon_core.verb:set package 'hunter_msgs' build argument 'ament_cmake_args' from command line to 'None'
[0.556s] Level 5:colcon.colcon_core.verb:set package 'hunter_msgs' build argument 'catkin_cmake_args' from command line to 'None'
[0.556s] Level 5:colcon.colcon_core.verb:set package 'hunter_msgs' build argument 'catkin_skip_building_tests' from command line to 'False'
[0.556s] DEBUG:colcon.colcon_core.verb:Building package 'hunter_msgs' with the following arguments: {'ament_cmake_args': None, 'build_base': '/home/karch/ws/hunter20_ws/build/hunter_msgs', 'catkin_cmake_args': None, 'catkin_skip_building_tests': False, 'cmake_args': None, 'cmake_clean_cache': False, 'cmake_clean_first': False, 'cmake_force_configure': False, 'cmake_target': None, 'cmake_target_skip_unavailable': False, 'install_base': '/home/karch/ws/hunter20_ws/install/hunter_msgs', 'merge_install': False, 'path': '/home/karch/ws/hunter20_ws/src/hunter_ros2/hunter_msgs', 'symlink_install': True, 'test_result_base': None}
[0.557s] Level 5:colcon.colcon_core.verb:set package 'ugv_sdk' build argument 'cmake_args' from command line to 'None'
[0.557s] Level 5:colcon.colcon_core.verb:set package 'ugv_sdk' build argument 'cmake_target' from command line to 'None'
[0.557s] Level 5:colcon.colcon_core.verb:set package 'ugv_sdk' build argument 'cmake_target_skip_unavailable' from command line to 'False'
[0.557s] Level 5:colcon.colcon_core.verb:set package 'ugv_sdk' build argument 'cmake_clean_cache' from command line to 'False'
[0.557s] Level 5:colcon.colcon_core.verb:set package 'ugv_sdk' build argument 'cmake_clean_first' from command line to 'False'
[0.557s] Level 5:colcon.colcon_core.verb:set package 'ugv_sdk' build argument 'cmake_force_configure' from command line to 'False'
[0.557s] Level 5:colcon.colcon_core.verb:set package 'ugv_sdk' build argument 'ament_cmake_args' from command line to 'None'
[0.557s] Level 5:colcon.colcon_core.verb:set package 'ugv_sdk' build argument 'catkin_cmake_args' from command line to 'None'
[0.557s] Level 5:colcon.colcon_core.verb:set package 'ugv_sdk' build argument 'catkin_skip_building_tests' from command line to 'False'
[0.557s] DEBUG:colcon.colcon_core.verb:Building package 'ugv_sdk' with the following arguments: {'ament_cmake_args': None, 'build_base': '/home/karch/ws/hunter20_ws/build/ugv_sdk', 'catkin_cmake_args': None, 'catkin_skip_building_tests': False, 'cmake_args': None, 'cmake_clean_cache': False, 'cmake_clean_first': False, 'cmake_force_configure': False, 'cmake_target': None, 'cmake_target_skip_unavailable': False, 'install_base': '/home/karch/ws/hunter20_ws/install/ugv_sdk', 'merge_install': False, 'path': '/home/karch/ws/hunter20_ws/src/ugv_sdk', 'symlink_install': True, 'test_result_base': None}
[0.558s] Level 5:colcon.colcon_core.verb:set package 'hunter_base' build argument 'cmake_args' from command line to 'None'
[0.558s] Level 5:colcon.colcon_core.verb:set package 'hunter_base' build argument 'cmake_target' from command line to 'None'
[0.558s] Level 5:colcon.colcon_core.verb:set package 'hunter_base' build argument 'cmake_target_skip_unavailable' from command line to 'False'
[0.558s] Level 5:colcon.colcon_core.verb:set package 'hunter_base' build argument 'cmake_clean_cache' from command line to 'False'
[0.558s] Level 5:colcon.colcon_core.verb:set package 'hunter_base' build argument 'cmake_clean_first' from command line to 'False'
[0.558s] Level 5:colcon.colcon_core.verb:set package 'hunter_base' build argument 'cmake_force_configure' from command line to 'False'
[0.558s] Level 5:colcon.colcon_core.verb:set package 'hunter_base' build argument 'ament_cmake_args' from command line to 'None'
[0.558s] Level 5:colcon.colcon_core.verb:set package 'hunter_base' build argument 'catkin_cmake_args' from command line to 'None'
[0.558s] Level 5:colcon.colcon_core.verb:set package 'hunter_base' build argument 'catkin_skip_building_tests' from command line to 'False'
[0.558s] DEBUG:colcon.colcon_core.verb:Building package 'hunter_base' with the following arguments: {'ament_cmake_args': None, 'build_base': '/home/karch/ws/hunter20_ws/build/hunter_base', 'catkin_cmake_args': None, 'catkin_skip_building_tests': False, 'cmake_args': None, 'cmake_clean_cache': False, 'cmake_clean_first': False, 'cmake_force_configure': False, 'cmake_target': None, 'cmake_target_skip_unavailable': False, 'install_base': '/home/karch/ws/hunter20_ws/install/hunter_base', 'merge_install': False, 'path': '/home/karch/ws/hunter20_ws/src/hunter_ros2/hunter_base', 'symlink_install': True, 'test_result_base': None}
[0.559s] INFO:colcon.colcon_core.executor:Executing jobs using 'parallel' executor
[0.562s] DEBUG:colcon.colcon_parallel_executor.executor.parallel:run_until_complete
[0.562s] INFO:colcon.colcon_ros.task.ament_cmake.build:Building ROS package in '/home/karch/ws/hunter20_ws/src/hunter_ros2/hunter_msgs' with build type 'ament_cmake'
[0.562s] INFO:colcon.colcon_cmake.task.cmake.build:Building CMake package in '/home/karch/ws/hunter20_ws/src/hunter_ros2/hunter_msgs'
[0.568s] INFO:colcon.colcon_core.plugin_system:Skipping extension 'colcon_core.shell.bat': Not used on non-Windows systems
[0.568s] INFO:colcon.colcon_core.shell:Skip shell extension 'powershell' for command environment: Not usable outside of PowerShell
[0.568s] DEBUG:colcon.colcon_core.shell:Skip shell extension 'dsv' for command environment
[0.574s] INFO:colcon.colcon_ros.task.catkin.build:Building ROS package in '/home/karch/ws/hunter20_ws/src/ugv_sdk' with build type 'catkin'
[0.575s] INFO:colcon.colcon_cmake.task.cmake.build:Building CMake package in '/home/karch/ws/hunter20_ws/src/ugv_sdk'
[0.576s] INFO:colcon.colcon_core.shell:Skip shell extension 'powershell' for command environment: Not usable outside of PowerShell
[0.576s] DEBUG:colcon.colcon_core.shell:Skip shell extension 'dsv' for command environment
[0.586s] DEBUG:colcon.colcon_core.event_handler.log_command:Invoking command in '/home/karch/ws/hunter20_ws/build/hunter_msgs': CMAKE_PREFIX_PATH=/home/karch/ws/hokuyo_ws/install/urg_node:/home/karch/ws/hokuyo_ws/install/urg_node_msgs:/home/karch/ws/hokuyo_ws/install/urg_c:/home/karch/ws/hokuyo_ws/install/tfg_pkg:/home/karch/ws/hokuyo_ws/install/keyboard_control:/home/karch/ws/hokuyo_ws/install/coppelia_ros2_pkg:/home/karch/ws/hunter20_ws/install/hunter_base:/opt/ros/humble:/home/karch/ws/hunter20_ws/install/ugv_sdk:/home/karch/ws/hunter20_ws/install/hunter_msgs:/home/karch/ws/dev_ws/install/first_pkg /usr/bin/cmake --build /home/karch/ws/hunter20_ws/build/hunter_msgs -- -j16 -l16
[0.594s] DEBUG:colcon.colcon_core.event_handler.log_command:Invoking command in '/home/karch/ws/hunter20_ws/build/ugv_sdk': /usr/bin/cmake --build /home/karch/ws/hunter20_ws/build/ugv_sdk -- -j16 -l16
[0.747s] DEBUG:colcon.colcon_core.event_handler.log_command:Invoked command in '/home/karch/ws/hunter20_ws/build/ugv_sdk' returned '0': /usr/bin/cmake --build /home/karch/ws/hunter20_ws/build/ugv_sdk -- -j16 -l16
[0.872s] DEBUG:colcon.colcon_core.event_handler.log_command:Invoking command in '/home/karch/ws/hunter20_ws/build/ugv_sdk': /usr/bin/cmake --install /home/karch/ws/hunter20_ws/build/ugv_sdk
[0.885s] DEBUG:colcon.colcon_core.event_handler.log_command:Invoked command in '/home/karch/ws/hunter20_ws/build/ugv_sdk' returned '0': /usr/bin/cmake --install /home/karch/ws/hunter20_ws/build/ugv_sdk
[0.944s] Level 1:colcon.colcon_core.shell:create_environment_hook('ugv_sdk', 'ros_package_path')
[0.945s] INFO:colcon.colcon_core.shell:Creating environment hook '/home/karch/ws/hunter20_ws/install/ugv_sdk/share/ugv_sdk/hook/ros_package_path.ps1'
[0.946s] INFO:colcon.colcon_core.shell:Creating environment descriptor '/home/karch/ws/hunter20_ws/install/ugv_sdk/share/ugv_sdk/hook/ros_package_path.dsv'
[0.946s] INFO:colcon.colcon_core.shell:Creating environment hook '/home/karch/ws/hunter20_ws/install/ugv_sdk/share/ugv_sdk/hook/ros_package_path.sh'
[0.948s] Level 1:colcon.colcon_core.shell:create_environment_hook('ugv_sdk', 'pkg_config_path')
[0.949s] INFO:colcon.colcon_core.shell:Creating environment hook '/home/karch/ws/hunter20_ws/install/ugv_sdk/share/ugv_sdk/hook/pkg_config_path.ps1'
[0.950s] INFO:colcon.colcon_core.shell:Creating environment descriptor '/home/karch/ws/hunter20_ws/install/ugv_sdk/share/ugv_sdk/hook/pkg_config_path.dsv'
[0.950s] INFO:colcon.colcon_core.shell:Creating environment hook '/home/karch/ws/hunter20_ws/install/ugv_sdk/share/ugv_sdk/hook/pkg_config_path.sh'
[0.952s] Level 1:colcon.colcon_core.shell:create_environment_hook('ugv_sdk', 'pkg_config_path_multiarch')
[0.954s] INFO:colcon.colcon_core.shell:Creating environment hook '/home/karch/ws/hunter20_ws/install/ugv_sdk/share/ugv_sdk/hook/pkg_config_path_multiarch.ps1'
[0.954s] INFO:colcon.colcon_core.shell:Creating environment descriptor '/home/karch/ws/hunter20_ws/install/ugv_sdk/share/ugv_sdk/hook/pkg_config_path_multiarch.dsv'
[0.954s] INFO:colcon.colcon_core.shell:Creating environment hook '/home/karch/ws/hunter20_ws/install/ugv_sdk/share/ugv_sdk/hook/pkg_config_path_multiarch.sh'
[0.956s] Level 1:colcon.colcon_core.environment:create_environment_scripts_only(ugv_sdk)
[0.963s] Level 1:colcon.colcon_core.environment:checking '/home/karch/ws/hunter20_ws/install/ugv_sdk' for CMake module files
[0.963s] Level 1:colcon.colcon_core.environment:checking '/home/karch/ws/hunter20_ws/install/ugv_sdk' for CMake config files
[0.963s] Level 1:colcon.colcon_core.shell:create_environment_hook('ugv_sdk', 'cmake_prefix_path')
[0.965s] INFO:colcon.colcon_core.shell:Creating environment hook '/home/karch/ws/hunter20_ws/install/ugv_sdk/share/ugv_sdk/hook/cmake_prefix_path.ps1'
[0.965s] INFO:colcon.colcon_core.shell:Creating environment descriptor '/home/karch/ws/hunter20_ws/install/ugv_sdk/share/ugv_sdk/hook/cmake_prefix_path.dsv'
[0.966s] INFO:colcon.colcon_core.shell:Creating environment hook '/home/karch/ws/hunter20_ws/install/ugv_sdk/share/ugv_sdk/hook/cmake_prefix_path.sh'
[0.967s] Level 1:colcon.colcon_core.environment:checking '/home/karch/ws/hunter20_ws/install/ugv_sdk/lib'
[0.967s] Level 1:colcon.colcon_core.environment:checking '/home/karch/ws/hunter20_ws/install/ugv_sdk/bin'
[0.967s] Level 1:colcon.colcon_core.environment:checking '/home/karch/ws/hunter20_ws/install/ugv_sdk/lib/pkgconfig/ugv_sdk.pc'
[0.967s] Level 1:colcon.colcon_core.environment:checking '/home/karch/ws/hunter20_ws/install/ugv_sdk/lib/python3.10/site-packages'
[0.967s] Level 1:colcon.colcon_core.environment:checking '/home/karch/ws/hunter20_ws/install/ugv_sdk/bin'
[0.969s] INFO:colcon.colcon_core.shell:Creating package script '/home/karch/ws/hunter20_ws/install/ugv_sdk/share/ugv_sdk/package.ps1'
[0.971s] INFO:colcon.colcon_core.shell:Creating package descriptor '/home/karch/ws/hunter20_ws/install/ugv_sdk/share/ugv_sdk/package.dsv'
[0.971s] INFO:colcon.colcon_core.shell:Creating package script '/home/karch/ws/hunter20_ws/install/ugv_sdk/share/ugv_sdk/package.sh'
[0.972s] INFO:colcon.colcon_core.shell:Creating package script '/home/karch/ws/hunter20_ws/install/ugv_sdk/share/ugv_sdk/package.bash'
[0.973s] INFO:colcon.colcon_core.shell:Creating package script '/home/karch/ws/hunter20_ws/install/ugv_sdk/share/ugv_sdk/package.zsh'
[0.973s] Level 1:colcon.colcon_core.environment:create_file_with_runtime_dependencies(/home/karch/ws/hunter20_ws/install/ugv_sdk/share/colcon-core/packages/ugv_sdk)
[0.975s] DEBUG:colcon.colcon_core.event_handler.log_command:Invoked command in '/home/karch/ws/hunter20_ws/build/hunter_msgs' returned '0': CMAKE_PREFIX_PATH=/home/karch/ws/hokuyo_ws/install/urg_node:/home/karch/ws/hokuyo_ws/install/urg_node_msgs:/home/karch/ws/hokuyo_ws/install/urg_c:/home/karch/ws/hokuyo_ws/install/tfg_pkg:/home/karch/ws/hokuyo_ws/install/keyboard_control:/home/karch/ws/hokuyo_ws/install/coppelia_ros2_pkg:/home/karch/ws/hunter20_ws/install/hunter_base:/opt/ros/humble:/home/karch/ws/hunter20_ws/install/ugv_sdk:/home/karch/ws/hunter20_ws/install/hunter_msgs:/home/karch/ws/dev_ws/install/first_pkg /usr/bin/cmake --build /home/karch/ws/hunter20_ws/build/hunter_msgs -- -j16 -l16
[1.116s] DEBUG:colcon.colcon_core.event_handler.log_command:Invoking command in '/home/karch/ws/hunter20_ws/build/hunter_msgs': CMAKE_PREFIX_PATH=/home/karch/ws/hokuyo_ws/install/urg_node:/home/karch/ws/hokuyo_ws/install/urg_node_msgs:/home/karch/ws/hokuyo_ws/install/urg_c:/home/karch/ws/hokuyo_ws/install/tfg_pkg:/home/karch/ws/hokuyo_ws/install/keyboard_control:/home/karch/ws/hokuyo_ws/install/coppelia_ros2_pkg:/home/karch/ws/hunter20_ws/install/hunter_base:/opt/ros/humble:/home/karch/ws/hunter20_ws/install/ugv_sdk:/home/karch/ws/hunter20_ws/install/hunter_msgs:/home/karch/ws/dev_ws/install/first_pkg /usr/bin/cmake --install /home/karch/ws/hunter20_ws/build/hunter_msgs
[1.202s] Level 1:colcon.colcon_core.environment:create_environment_scripts_only(hunter_msgs)
[1.204s] Level 1:colcon.colcon_core.environment:checking '/home/karch/ws/hunter20_ws/install/hunter_msgs' for CMake module files
[1.204s] DEBUG:colcon.colcon_core.event_handler.log_command:Invoked command in '/home/karch/ws/hunter20_ws/build/hunter_msgs' returned '0': CMAKE_PREFIX_PATH=/home/karch/ws/hokuyo_ws/install/urg_node:/home/karch/ws/hokuyo_ws/install/urg_node_msgs:/home/karch/ws/hokuyo_ws/install/urg_c:/home/karch/ws/hokuyo_ws/install/tfg_pkg:/home/karch/ws/hokuyo_ws/install/keyboard_control:/home/karch/ws/hokuyo_ws/install/coppelia_ros2_pkg:/home/karch/ws/hunter20_ws/install/hunter_base:/opt/ros/humble:/home/karch/ws/hunter20_ws/install/ugv_sdk:/home/karch/ws/hunter20_ws/install/hunter_msgs:/home/karch/ws/dev_ws/install/first_pkg /usr/bin/cmake --install /home/karch/ws/hunter20_ws/build/hunter_msgs
[1.205s] Level 1:colcon.colcon_core.environment:checking '/home/karch/ws/hunter20_ws/install/hunter_msgs' for CMake config files
[1.205s] Level 1:colcon.colcon_core.shell:create_environment_hook('hunter_msgs', 'cmake_prefix_path')
[1.206s] INFO:colcon.colcon_core.shell:Creating environment hook '/home/karch/ws/hunter20_ws/install/hunter_msgs/share/hunter_msgs/hook/cmake_prefix_path.ps1'
[1.206s] INFO:colcon.colcon_core.shell:Creating environment descriptor '/home/karch/ws/hunter20_ws/install/hunter_msgs/share/hunter_msgs/hook/cmake_prefix_path.dsv'
[1.207s] INFO:colcon.colcon_core.shell:Creating environment hook '/home/karch/ws/hunter20_ws/install/hunter_msgs/share/hunter_msgs/hook/cmake_prefix_path.sh'
[1.207s] Level 1:colcon.colcon_core.environment:checking '/home/karch/ws/hunter20_ws/install/hunter_msgs/lib'
[1.207s] Level 1:colcon.colcon_core.shell:create_environment_hook('hunter_msgs', 'ld_library_path_lib')
[1.208s] INFO:colcon.colcon_core.shell:Creating environment hook '/home/karch/ws/hunter20_ws/install/hunter_msgs/share/hunter_msgs/hook/ld_library_path_lib.ps1'
[1.208s] INFO:colcon.colcon_core.shell:Creating environment descriptor '/home/karch/ws/hunter20_ws/install/hunter_msgs/share/hunter_msgs/hook/ld_library_path_lib.dsv'
[1.209s] INFO:colcon.colcon_core.shell:Creating environment hook '/home/karch/ws/hunter20_ws/install/hunter_msgs/share/hunter_msgs/hook/ld_library_path_lib.sh'
[1.209s] Level 1:colcon.colcon_core.environment:checking '/home/karch/ws/hunter20_ws/install/hunter_msgs/bin'
[1.209s] Level 1:colcon.colcon_core.environment:checking '/home/karch/ws/hunter20_ws/install/hunter_msgs/lib/pkgconfig/hunter_msgs.pc'
[1.209s] Level 1:colcon.colcon_core.environment:checking '/home/karch/ws/hunter20_ws/install/hunter_msgs/lib/python3.10/site-packages'
[1.209s] Level 1:colcon.colcon_core.environment:checking '/home/karch/ws/hunter20_ws/install/hunter_msgs/bin'
[1.210s] INFO:colcon.colcon_core.shell:Creating package script '/home/karch/ws/hunter20_ws/install/hunter_msgs/share/hunter_msgs/package.ps1'
[1.211s] INFO:colcon.colcon_core.shell:Creating package descriptor '/home/karch/ws/hunter20_ws/install/hunter_msgs/share/hunter_msgs/package.dsv'
[1.211s] INFO:colcon.colcon_core.shell:Creating package script '/home/karch/ws/hunter20_ws/install/hunter_msgs/share/hunter_msgs/package.sh'
[1.211s] INFO:colcon.colcon_core.shell:Creating package script '/home/karch/ws/hunter20_ws/install/hunter_msgs/share/hunter_msgs/package.bash'
[1.211s] INFO:colcon.colcon_core.shell:Creating package script '/home/karch/ws/hunter20_ws/install/hunter_msgs/share/hunter_msgs/package.zsh'
[1.212s] Level 1:colcon.colcon_core.environment:create_file_with_runtime_dependencies(/home/karch/ws/hunter20_ws/install/hunter_msgs/share/colcon-core/packages/hunter_msgs)
[1.358s] Level 1:colcon.colcon_core.environment:create_environment_scripts_only(hunter_msgs)
[1.360s] Level 1:colcon.colcon_core.environment:checking '/home/karch/ws/hunter20_ws/install/hunter_msgs' for CMake module files
[1.360s] Level 1:colcon.colcon_core.environment:checking '/home/karch/ws/hunter20_ws/install/hunter_msgs' for CMake config files
[1.360s] Level 1:colcon.colcon_core.shell:create_environment_hook('hunter_msgs', 'cmake_prefix_path')
[1.361s] INFO:colcon.colcon_core.shell:Creating environment hook '/home/karch/ws/hunter20_ws/install/hunter_msgs/share/hunter_msgs/hook/cmake_prefix_path.ps1'
[1.362s] INFO:colcon.colcon_core.shell:Creating environment descriptor '/home/karch/ws/hunter20_ws/install/hunter_msgs/share/hunter_msgs/hook/cmake_prefix_path.dsv'
[1.362s] INFO:colcon.colcon_core.shell:Creating environment hook '/home/karch/ws/hunter20_ws/install/hunter_msgs/share/hunter_msgs/hook/cmake_prefix_path.sh'
[1.362s] Level 1:colcon.colcon_core.environment:checking '/home/karch/ws/hunter20_ws/install/hunter_msgs/lib'
[1.362s] Level 1:colcon.colcon_core.shell:create_environment_hook('hunter_msgs', 'ld_library_path_lib')
[1.363s] INFO:colcon.colcon_core.shell:Creating environment hook '/home/karch/ws/hunter20_ws/install/hunter_msgs/share/hunter_msgs/hook/ld_library_path_lib.ps1'
[1.364s] INFO:colcon.colcon_core.shell:Creating environment descriptor '/home/karch/ws/hunter20_ws/install/hunter_msgs/share/hunter_msgs/hook/ld_library_path_lib.dsv'
[1.364s] INFO:colcon.colcon_core.shell:Creating environment hook '/home/karch/ws/hunter20_ws/install/hunter_msgs/share/hunter_msgs/hook/ld_library_path_lib.sh'
[1.364s] Level 1:colcon.colcon_core.environment:checking '/home/karch/ws/hunter20_ws/install/hunter_msgs/bin'
[1.364s] Level 1:colcon.colcon_core.environment:checking '/home/karch/ws/hunter20_ws/install/hunter_msgs/lib/pkgconfig/hunter_msgs.pc'
[1.364s] Level 1:colcon.colcon_core.environment:checking '/home/karch/ws/hunter20_ws/install/hunter_msgs/lib/python3.10/site-packages'
[1.365s] Level 1:colcon.colcon_core.environment:checking '/home/karch/ws/hunter20_ws/install/hunter_msgs/bin'
[1.366s] INFO:colcon.colcon_core.shell:Creating package script '/home/karch/ws/hunter20_ws/install/hunter_msgs/share/hunter_msgs/package.ps1'
[1.366s] INFO:colcon.colcon_core.shell:Creating package descriptor '/home/karch/ws/hunter20_ws/install/hunter_msgs/share/hunter_msgs/package.dsv'
[1.367s] INFO:colcon.colcon_core.shell:Creating package script '/home/karch/ws/hunter20_ws/install/hunter_msgs/share/hunter_msgs/package.sh'
[1.368s] INFO:colcon.colcon_core.shell:Creating package script '/home/karch/ws/hunter20_ws/install/hunter_msgs/share/hunter_msgs/package.bash'
[1.368s] INFO:colcon.colcon_core.shell:Creating package script '/home/karch/ws/hunter20_ws/install/hunter_msgs/share/hunter_msgs/package.zsh'
[1.368s] Level 1:colcon.colcon_core.environment:create_file_with_runtime_dependencies(/home/karch/ws/hunter20_ws/install/hunter_msgs/share/colcon-core/packages/hunter_msgs)
[1.369s] INFO:colcon.colcon_ros.task.ament_cmake.build:Building ROS package in '/home/karch/ws/hunter20_ws/src/hunter_ros2/hunter_base' with build type 'ament_cmake'
[1.369s] INFO:colcon.colcon_cmake.task.cmake.build:Building CMake package in '/home/karch/ws/hunter20_ws/src/hunter_ros2/hunter_base'
[1.370s] INFO:colcon.colcon_core.shell:Skip shell extension 'powershell' for command environment: Not usable outside of PowerShell
[1.370s] DEBUG:colcon.colcon_core.shell:Skip shell extension 'dsv' for command environment
[1.389s] DEBUG:colcon.colcon_core.event_handler.log_command:Invoking command in '/home/karch/ws/hunter20_ws/build/hunter_base': CMAKE_PREFIX_PATH=/opt/ros/humble:/home/karch/ws/hunter20_ws/install/ugv_sdk:/home/karch/ws/hunter20_ws/install/hunter_msgs:/home/karch/ws/hokuyo_ws/install/urg_node:/home/karch/ws/hokuyo_ws/install/urg_node_msgs:/home/karch/ws/hokuyo_ws/install/urg_c:/home/karch/ws/hokuyo_ws/install/tfg_pkg:/home/karch/ws/hokuyo_ws/install/keyboard_control:/home/karch/ws/hokuyo_ws/install/coppelia_ros2_pkg:/home/karch/ws/hunter20_ws/install/hunter_base:/home/karch/ws/dev_ws/install/first_pkg LD_LIBRARY_PATH=/home/karch/ws/hunter20_ws/install/hunter_msgs/lib:/home/karch/ws/hokuyo_ws/install/urg_node/lib:/home/karch/ws/hokuyo_ws/install/urg_node_msgs/lib:/home/karch/ws/hokuyo_ws/install/urg_c/lib:/home/karch/ws/hokuyo_ws/install/coppelia_ros2_pkg/lib:/opt/ros/humble/opt/rviz_ogre_vendor/lib:/opt/ros/humble/lib/x86_64-linux-gnu:/opt/ros/humble/lib /usr/bin/cmake --build /home/karch/ws/hunter20_ws/build/hunter_base -- -j16 -l16
[10.794s] DEBUG:colcon.colcon_core.event_handler.log_command:Invoked command in '/home/karch/ws/hunter20_ws/build/hunter_base' returned '0': CMAKE_PREFIX_PATH=/opt/ros/humble:/home/karch/ws/hunter20_ws/install/ugv_sdk:/home/karch/ws/hunter20_ws/install/hunter_msgs:/home/karch/ws/hokuyo_ws/install/urg_node:/home/karch/ws/hokuyo_ws/install/urg_node_msgs:/home/karch/ws/hokuyo_ws/install/urg_c:/home/karch/ws/hokuyo_ws/install/tfg_pkg:/home/karch/ws/hokuyo_ws/install/keyboard_control:/home/karch/ws/hokuyo_ws/install/coppelia_ros2_pkg:/home/karch/ws/hunter20_ws/install/hunter_base:/home/karch/ws/dev_ws/install/first_pkg LD_LIBRARY_PATH=/home/karch/ws/hunter20_ws/install/hunter_msgs/lib:/home/karch/ws/hokuyo_ws/install/urg_node/lib:/home/karch/ws/hokuyo_ws/install/urg_node_msgs/lib:/home/karch/ws/hokuyo_ws/install/urg_c/lib:/home/karch/ws/hokuyo_ws/install/coppelia_ros2_pkg/lib:/opt/ros/humble/opt/rviz_ogre_vendor/lib:/opt/ros/humble/lib/x86_64-linux-gnu:/opt/ros/humble/lib /usr/bin/cmake --build /home/karch/ws/hunter20_ws/build/hunter_base -- -j16 -l16
[10.828s] DEBUG:colcon.colcon_core.event_handler.log_command:Invoking command in '/home/karch/ws/hunter20_ws/build/hunter_base': CMAKE_PREFIX_PATH=/opt/ros/humble:/home/karch/ws/hunter20_ws/install/ugv_sdk:/home/karch/ws/hunter20_ws/install/hunter_msgs:/home/karch/ws/hokuyo_ws/install/urg_node:/home/karch/ws/hokuyo_ws/install/urg_node_msgs:/home/karch/ws/hokuyo_ws/install/urg_c:/home/karch/ws/hokuyo_ws/install/tfg_pkg:/home/karch/ws/hokuyo_ws/install/keyboard_control:/home/karch/ws/hokuyo_ws/install/coppelia_ros2_pkg:/home/karch/ws/hunter20_ws/install/hunter_base:/home/karch/ws/dev_ws/install/first_pkg LD_LIBRARY_PATH=/home/karch/ws/hunter20_ws/install/hunter_msgs/lib:/home/karch/ws/hokuyo_ws/install/urg_node/lib:/home/karch/ws/hokuyo_ws/install/urg_node_msgs/lib:/home/karch/ws/hokuyo_ws/install/urg_c/lib:/home/karch/ws/hokuyo_ws/install/coppelia_ros2_pkg/lib:/opt/ros/humble/opt/rviz_ogre_vendor/lib:/opt/ros/humble/lib/x86_64-linux-gnu:/opt/ros/humble/lib /usr/bin/cmake --install /home/karch/ws/hunter20_ws/build/hunter_base
[10.857s] Level 1:colcon.colcon_core.environment:create_environment_scripts_only(hunter_base)
[10.858s] Level 1:colcon.colcon_core.environment:checking '/home/karch/ws/hunter20_ws/install/hunter_base' for CMake module files
[10.859s] DEBUG:colcon.colcon_core.event_handler.log_command:Invoked command in '/home/karch/ws/hunter20_ws/build/hunter_base' returned '0': CMAKE_PREFIX_PATH=/opt/ros/humble:/home/karch/ws/hunter20_ws/install/ugv_sdk:/home/karch/ws/hunter20_ws/install/hunter_msgs:/home/karch/ws/hokuyo_ws/install/urg_node:/home/karch/ws/hokuyo_ws/install/urg_node_msgs:/home/karch/ws/hokuyo_ws/install/urg_c:/home/karch/ws/hokuyo_ws/install/tfg_pkg:/home/karch/ws/hokuyo_ws/install/keyboard_control:/home/karch/ws/hokuyo_ws/install/coppelia_ros2_pkg:/home/karch/ws/hunter20_ws/install/hunter_base:/home/karch/ws/dev_ws/install/first_pkg LD_LIBRARY_PATH=/home/karch/ws/hunter20_ws/install/hunter_msgs/lib:/home/karch/ws/hokuyo_ws/install/urg_node/lib:/home/karch/ws/hokuyo_ws/install/urg_node_msgs/lib:/home/karch/ws/hokuyo_ws/install/urg_c/lib:/home/karch/ws/hokuyo_ws/install/coppelia_ros2_pkg/lib:/opt/ros/humble/opt/rviz_ogre_vendor/lib:/opt/ros/humble/lib/x86_64-linux-gnu:/opt/ros/humble/lib /usr/bin/cmake --install /home/karch/ws/hunter20_ws/build/hunter_base
[10.859s] Level 1:colcon.colcon_core.environment:checking '/home/karch/ws/hunter20_ws/install/hunter_base' for CMake config files
[10.859s] Level 1:colcon.colcon_core.shell:create_environment_hook('hunter_base', 'cmake_prefix_path')
[10.860s] INFO:colcon.colcon_core.shell:Creating environment hook '/home/karch/ws/hunter20_ws/install/hunter_base/share/hunter_base/hook/cmake_prefix_path.ps1'
[10.861s] INFO:colcon.colcon_core.shell:Creating environment descriptor '/home/karch/ws/hunter20_ws/install/hunter_base/share/hunter_base/hook/cmake_prefix_path.dsv'
[10.861s] INFO:colcon.colcon_core.shell:Creating environment hook '/home/karch/ws/hunter20_ws/install/hunter_base/share/hunter_base/hook/cmake_prefix_path.sh'
[10.861s] Level 1:colcon.colcon_core.environment:checking '/home/karch/ws/hunter20_ws/install/hunter_base/lib'
[10.861s] Level 1:colcon.colcon_core.environment:checking '/home/karch/ws/hunter20_ws/install/hunter_base/bin'
[10.861s] Level 1:colcon.colcon_core.environment:checking '/home/karch/ws/hunter20_ws/install/hunter_base/lib/pkgconfig/hunter_base.pc'
[10.862s] Level 1:colcon.colcon_core.environment:checking '/home/karch/ws/hunter20_ws/install/hunter_base/lib/python3.10/site-packages'
[10.862s] Level 1:colcon.colcon_core.environment:checking '/home/karch/ws/hunter20_ws/install/hunter_base/bin'
[10.863s] INFO:colcon.colcon_core.shell:Creating package script '/home/karch/ws/hunter20_ws/install/hunter_base/share/hunter_base/package.ps1'
[10.863s] INFO:colcon.colcon_core.shell:Creating package descriptor '/home/karch/ws/hunter20_ws/install/hunter_base/share/hunter_base/package.dsv'
[10.863s] INFO:colcon.colcon_core.shell:Creating package script '/home/karch/ws/hunter20_ws/install/hunter_base/share/hunter_base/package.sh'
[10.864s] INFO:colcon.colcon_core.shell:Creating package script '/home/karch/ws/hunter20_ws/install/hunter_base/share/hunter_base/package.bash'
[10.864s] INFO:colcon.colcon_core.shell:Creating package script '/home/karch/ws/hunter20_ws/install/hunter_base/share/hunter_base/package.zsh'
[10.864s] Level 1:colcon.colcon_core.environment:create_file_with_runtime_dependencies(/home/karch/ws/hunter20_ws/install/hunter_base/share/colcon-core/packages/hunter_base)
[10.897s] Level 1:colcon.colcon_core.environment:create_environment_scripts_only(hunter_base)
[10.898s] Level 1:colcon.colcon_core.environment:checking '/home/karch/ws/hunter20_ws/install/hunter_base' for CMake module files
[10.898s] Level 1:colcon.colcon_core.environment:checking '/home/karch/ws/hunter20_ws/install/hunter_base' for CMake config files
[10.898s] Level 1:colcon.colcon_core.shell:create_environment_hook('hunter_base', 'cmake_prefix_path')
[10.900s] INFO:colcon.colcon_core.shell:Creating environment hook '/home/karch/ws/hunter20_ws/install/hunter_base/share/hunter_base/hook/cmake_prefix_path.ps1'
[10.900s] INFO:colcon.colcon_core.shell:Creating environment descriptor '/home/karch/ws/hunter20_ws/install/hunter_base/share/hunter_base/hook/cmake_prefix_path.dsv'
[10.901s] INFO:colcon.colcon_core.shell:Creating environment hook '/home/karch/ws/hunter20_ws/install/hunter_base/share/hunter_base/hook/cmake_prefix_path.sh'
[10.901s] Level 1:colcon.colcon_core.environment:checking '/home/karch/ws/hunter20_ws/install/hunter_base/lib'
[10.901s] Level 1:colcon.colcon_core.environment:checking '/home/karch/ws/hunter20_ws/install/hunter_base/bin'
[10.901s] Level 1:colcon.colcon_core.environment:checking '/home/karch/ws/hunter20_ws/install/hunter_base/lib/pkgconfig/hunter_base.pc'
[10.902s] Level 1:colcon.colcon_core.environment:checking '/home/karch/ws/hunter20_ws/install/hunter_base/lib/python3.10/site-packages'
[10.902s] Level 1:colcon.colcon_core.environment:checking '/home/karch/ws/hunter20_ws/install/hunter_base/bin'
[10.903s] INFO:colcon.colcon_core.shell:Creating package script '/home/karch/ws/hunter20_ws/install/hunter_base/share/hunter_base/package.ps1'
[10.903s] INFO:colcon.colcon_core.shell:Creating package descriptor '/home/karch/ws/hunter20_ws/install/hunter_base/share/hunter_base/package.dsv'
[10.904s] INFO:colcon.colcon_core.shell:Creating package script '/home/karch/ws/hunter20_ws/install/hunter_base/share/hunter_base/package.sh'
[10.904s] INFO:colcon.colcon_core.shell:Creating package script '/home/karch/ws/hunter20_ws/install/hunter_base/share/hunter_base/package.bash'
[10.904s] INFO:colcon.colcon_core.shell:Creating package script '/home/karch/ws/hunter20_ws/install/hunter_base/share/hunter_base/package.zsh'
[10.905s] Level 1:colcon.colcon_core.environment:create_file_with_runtime_dependencies(/home/karch/ws/hunter20_ws/install/hunter_base/share/colcon-core/packages/hunter_base)
[10.905s] DEBUG:colcon.colcon_parallel_executor.executor.parallel:closing loop
[10.905s] DEBUG:colcon.colcon_parallel_executor.executor.parallel:loop closed
[10.905s] DEBUG:colcon.colcon_parallel_executor.executor.parallel:run_until_complete finished with '0'
[10.905s] DEBUG:colcon.colcon_core.event_reactor:joining thread
[10.912s] INFO:colcon.colcon_core.plugin_system:Skipping extension 'colcon_notification.desktop_notification.terminal_notifier': Not used on non-Darwin systems
[10.912s] INFO:colcon.colcon_core.plugin_system:Skipping extension 'colcon_notification.desktop_notification.win32': Not used on non-Windows systems
[10.912s] INFO:colcon.colcon_notification.desktop_notification:Sending desktop notification using 'notify2'
[10.930s] DEBUG:colcon.colcon_core.event_reactor:joined thread
[10.931s] INFO:colcon.colcon_core.shell:Creating prefix script '/home/karch/ws/hunter20_ws/install/local_setup.ps1'
[10.933s] INFO:colcon.colcon_core.shell:Creating prefix util module '/home/karch/ws/hunter20_ws/install/_local_setup_util_ps1.py'
[10.934s] INFO:colcon.colcon_core.shell:Creating prefix chain script '/home/karch/ws/hunter20_ws/install/setup.ps1'
[10.937s] INFO:colcon.colcon_core.shell:Creating prefix script '/home/karch/ws/hunter20_ws/install/local_setup.sh'
[10.938s] INFO:colcon.colcon_core.shell:Creating prefix util module '/home/karch/ws/hunter20_ws/install/_local_setup_util_sh.py'
[10.938s] INFO:colcon.colcon_core.shell:Creating prefix chain script '/home/karch/ws/hunter20_ws/install/setup.sh'
[10.941s] INFO:colcon.colcon_core.shell:Creating prefix script '/home/karch/ws/hunter20_ws/install/local_setup.bash'
[10.942s] INFO:colcon.colcon_core.shell:Creating prefix chain script '/home/karch/ws/hunter20_ws/install/setup.bash'
[10.944s] INFO:colcon.colcon_core.shell:Creating prefix script '/home/karch/ws/hunter20_ws/install/local_setup.zsh'
[10.945s] INFO:colcon.colcon_core.shell:Creating prefix chain script '/home/karch/ws/hunter20_ws/install/setup.zsh'
