[  1%] Built target hunter_msgs__cpp
[  3%] [32mBuilding C object CMakeFiles/hunter_msgs__rosidl_generator_c.dir/rosidl_generator_c/hunter_msgs/msg/detail/hunter_actuator_state__functions.c.o[0m
[  4%] [32mBuilding C object CMakeFiles/hunter_msgs__rosidl_generator_c.dir/rosidl_generator_c/hunter_msgs/msg/detail/hunter_light_state__functions.c.o[0m
[  6%] [32mBuilding C object CMakeFiles/hunter_msgs__rosidl_generator_c.dir/rosidl_generator_c/hunter_msgs/msg/detail/hunter_light_cmd__functions.c.o[0m
[  7%] [32mBuilding C object CMakeFiles/hunter_msgs__rosidl_generator_c.dir/rosidl_generator_c/hunter_msgs/msg/detail/hunter_rc_state__functions.c.o[0m
[  9%] [32mBuilding C object CMakeFiles/hunter_msgs__rosidl_generator_c.dir/rosidl_generator_c/hunter_msgs/msg/detail/hunter_status__functions.c.o[0m
[  9%] Built target ament_cmake_python_symlink_hunter_msgs
[ 11%] [32mBuilding CXX object CMakeFiles/hunter_msgs__rosidl_typesupport_introspection_cpp.dir/rosidl_typesupport_introspection_cpp/hunter_msgs/msg/detail/hunter_light_cmd__type_support.cpp.o[0m
[ 12%] [32mBuilding CXX object CMakeFiles/hunter_msgs__rosidl_typesupport_introspection_cpp.dir/rosidl_typesupport_introspection_cpp/hunter_msgs/msg/detail/hunter_actuator_state__type_support.cpp.o[0m
[ 14%] [32mBuilding CXX object CMakeFiles/hunter_msgs__rosidl_typesupport_cpp.dir/rosidl_typesupport_cpp/hunter_msgs/msg/hunter_rc_state__type_support.cpp.o[0m
[ 15%] [32mBuilding CXX object CMakeFiles/hunter_msgs__rosidl_typesupport_fastrtps_cpp.dir/rosidl_typesupport_fastrtps_cpp/hunter_msgs/msg/detail/dds_fastrtps/hunter_actuator_state__type_support.cpp.o[0m
[ 17%] [32mBuilding CXX object CMakeFiles/hunter_msgs__rosidl_typesupport_cpp.dir/rosidl_typesupport_cpp/hunter_msgs/msg/hunter_light_state__type_support.cpp.o[0m
[ 19%] [32mBuilding CXX object CMakeFiles/hunter_msgs__rosidl_typesupport_introspection_cpp.dir/rosidl_typesupport_introspection_cpp/hunter_msgs/msg/detail/hunter_light_state__type_support.cpp.o[0m
[ 20%] [32mBuilding CXX object CMakeFiles/hunter_msgs__rosidl_typesupport_cpp.dir/rosidl_typesupport_cpp/hunter_msgs/msg/hunter_actuator_state__type_support.cpp.o[0m
[ 22%] [32mBuilding CXX object CMakeFiles/hunter_msgs__rosidl_typesupport_cpp.dir/rosidl_typesupport_cpp/hunter_msgs/msg/hunter_status__type_support.cpp.o[0m
[ 25%] [32mBuilding CXX object CMakeFiles/hunter_msgs__rosidl_typesupport_cpp.dir/rosidl_typesupport_cpp/hunter_msgs/msg/hunter_light_cmd__type_support.cpp.o[0m
[ 25%] [32mBuilding CXX object CMakeFiles/hunter_msgs__rosidl_typesupport_fastrtps_cpp.dir/rosidl_typesupport_fastrtps_cpp/hunter_msgs/msg/detail/dds_fastrtps/hunter_light_cmd__type_support.cpp.o[0m
[ 26%] [32mBuilding CXX object CMakeFiles/hunter_msgs__rosidl_typesupport_fastrtps_cpp.dir/rosidl_typesupport_fastrtps_cpp/hunter_msgs/msg/detail/dds_fastrtps/hunter_rc_state__type_support.cpp.o[0m
[ 30%] [32mBuilding CXX object CMakeFiles/hunter_msgs__rosidl_typesupport_introspection_cpp.dir/rosidl_typesupport_introspection_cpp/hunter_msgs/msg/detail/hunter_rc_state__type_support.cpp.o[0m
[ 30%] [32mBuilding CXX object CMakeFiles/hunter_msgs__rosidl_typesupport_fastrtps_cpp.dir/rosidl_typesupport_fastrtps_cpp/hunter_msgs/msg/detail/dds_fastrtps/hunter_light_state__type_support.cpp.o[0m
[ 31%] [32m[1mLinking C shared library libhunter_msgs__rosidl_generator_c.so[0m
[ 33%] [32mBuilding CXX object CMakeFiles/hunter_msgs__rosidl_typesupport_introspection_cpp.dir/rosidl_typesupport_introspection_cpp/hunter_msgs/msg/detail/hunter_status__type_support.cpp.o[0m
[ 34%] Built target hunter_msgs__rosidl_generator_c
[ 36%] [32mBuilding CXX object CMakeFiles/hunter_msgs__rosidl_typesupport_fastrtps_cpp.dir/rosidl_typesupport_fastrtps_cpp/hunter_msgs/msg/detail/dds_fastrtps/hunter_status__type_support.cpp.o[0m
[ 38%] [32mBuilding CXX object CMakeFiles/hunter_msgs__rosidl_typesupport_fastrtps_c.dir/rosidl_typesupport_fastrtps_c/hunter_msgs/msg/detail/hunter_actuator_state__type_support_c.cpp.o[0m
[ 39%] [32mBuilding C object CMakeFiles/hunter_msgs__rosidl_typesupport_introspection_c.dir/rosidl_typesupport_introspection_c/hunter_msgs/msg/detail/hunter_actuator_state__type_support.c.o[0m
[ 42%] [32mBuilding CXX object CMakeFiles/hunter_msgs__rosidl_typesupport_c.dir/rosidl_typesupport_c/hunter_msgs/msg/hunter_actuator_state__type_support.cpp.o[0m
[ 42%] [32mBuilding C object CMakeFiles/hunter_msgs__rosidl_typesupport_introspection_c.dir/rosidl_typesupport_introspection_c/hunter_msgs/msg/detail/hunter_light_cmd__type_support.c.o[0m
[ 44%] [32mBuilding C object CMakeFiles/hunter_msgs__rosidl_typesupport_introspection_c.dir/rosidl_typesupport_introspection_c/hunter_msgs/msg/detail/hunter_rc_state__type_support.c.o[0m
[ 46%] [32mBuilding C object CMakeFiles/hunter_msgs__rosidl_typesupport_introspection_c.dir/rosidl_typesupport_introspection_c/hunter_msgs/msg/detail/hunter_light_state__type_support.c.o[0m
[ 49%] [32mBuilding CXX object CMakeFiles/hunter_msgs__rosidl_typesupport_c.dir/rosidl_typesupport_c/hunter_msgs/msg/hunter_light_cmd__type_support.cpp.o[0m
[ 49%] [32mBuilding C object CMakeFiles/hunter_msgs__rosidl_typesupport_introspection_c.dir/rosidl_typesupport_introspection_c/hunter_msgs/msg/detail/hunter_status__type_support.c.o[0m
[ 50%] [32mBuilding CXX object CMakeFiles/hunter_msgs__rosidl_typesupport_fastrtps_c.dir/rosidl_typesupport_fastrtps_c/hunter_msgs/msg/detail/hunter_light_cmd__type_support_c.cpp.o[0m
running egg_info
writing hunter_msgs.egg-info/PKG-INFO
writing dependency_links to hunter_msgs.egg-info/dependency_links.txt
writing top-level names to hunter_msgs.egg-info/top_level.txt
reading manifest file 'hunter_msgs.egg-info/SOURCES.txt'
writing manifest file 'hunter_msgs.egg-info/SOURCES.txt'
[ 52%] [32m[1mLinking CXX shared library libhunter_msgs__rosidl_typesupport_cpp.so[0m
[ 53%] [32mBuilding CXX object CMakeFiles/hunter_msgs__rosidl_typesupport_c.dir/rosidl_typesupport_c/hunter_msgs/msg/hunter_light_state__type_support.cpp.o[0m
[ 55%] [32mBuilding CXX object CMakeFiles/hunter_msgs__rosidl_typesupport_c.dir/rosidl_typesupport_c/hunter_msgs/msg/hunter_rc_state__type_support.cpp.o[0m
[ 57%] [32mBuilding CXX object CMakeFiles/hunter_msgs__rosidl_typesupport_fastrtps_c.dir/rosidl_typesupport_fastrtps_c/hunter_msgs/msg/detail/hunter_light_state__type_support_c.cpp.o[0m
[ 58%] [32mBuilding CXX object CMakeFiles/hunter_msgs__rosidl_typesupport_fastrtps_c.dir/rosidl_typesupport_fastrtps_c/hunter_msgs/msg/detail/hunter_rc_state__type_support_c.cpp.o[0m
[ 60%] [32m[1mLinking C shared library libhunter_msgs__rosidl_typesupport_introspection_c.so[0m
[ 61%] [32mBuilding CXX object CMakeFiles/hunter_msgs__rosidl_typesupport_c.dir/rosidl_typesupport_c/hunter_msgs/msg/hunter_status__type_support.cpp.o[0m
[ 63%] [32mBuilding CXX object CMakeFiles/hunter_msgs__rosidl_typesupport_fastrtps_c.dir/rosidl_typesupport_fastrtps_c/hunter_msgs/msg/detail/hunter_status__type_support_c.cpp.o[0m
[ 65%] Built target hunter_msgs__rosidl_typesupport_cpp
[ 65%] Built target ament_cmake_python_build_hunter_msgs_egg
[ 66%] [32m[1mLinking CXX shared library libhunter_msgs__rosidl_typesupport_c.so[0m
[ 68%] Built target hunter_msgs__rosidl_typesupport_introspection_c
[ 69%] [32m[1mLinking CXX shared library libhunter_msgs__rosidl_typesupport_introspection_cpp.so[0m
[ 71%] Built target hunter_msgs__rosidl_typesupport_c
[ 73%] [32m[1mLinking CXX shared library libhunter_msgs__rosidl_typesupport_fastrtps_cpp.so[0m
[ 74%] Built target hunter_msgs__rosidl_typesupport_introspection_cpp
[ 76%] Built target hunter_msgs__rosidl_typesupport_fastrtps_cpp
[ 77%] [32m[1mLinking CXX shared library libhunter_msgs__rosidl_typesupport_fastrtps_c.so[0m
[ 79%] Built target hunter_msgs__rosidl_typesupport_fastrtps_c
[ 79%] Built target hunter_msgs
[ 80%] Built target hunter_msgs__py
[ 82%] [32mBuilding C object CMakeFiles/hunter_msgs__rosidl_generator_py.dir/rosidl_generator_py/hunter_msgs/msg/_hunter_actuator_state_s.c.o[0m
[ 84%] [32mBuilding C object CMakeFiles/hunter_msgs__rosidl_generator_py.dir/rosidl_generator_py/hunter_msgs/msg/_hunter_light_cmd_s.c.o[0m
[ 85%] [32mBuilding C object CMakeFiles/hunter_msgs__rosidl_generator_py.dir/rosidl_generator_py/hunter_msgs/msg/_hunter_rc_state_s.c.o[0m
[ 87%] [32mBuilding C object CMakeFiles/hunter_msgs__rosidl_generator_py.dir/rosidl_generator_py/hunter_msgs/msg/_hunter_light_state_s.c.o[0m
[ 88%] [32mBuilding C object CMakeFiles/hunter_msgs__rosidl_generator_py.dir/rosidl_generator_py/hunter_msgs/msg/_hunter_status_s.c.o[0m
[ 90%] [32m[1mLinking C shared library rosidl_generator_py/hunter_msgs/libhunter_msgs__rosidl_generator_py.so[0m
[ 90%] Built target hunter_msgs__rosidl_generator_py
[ 92%] [32mBuilding C object CMakeFiles/hunter_msgs__rosidl_typesupport_fastrtps_c__pyext.dir/rosidl_generator_py/hunter_msgs/_hunter_msgs_s.ep.rosidl_typesupport_fastrtps_c.c.o[0m
[ 93%] [32mBuilding C object CMakeFiles/hunter_msgs__rosidl_typesupport_introspection_c__pyext.dir/rosidl_generator_py/hunter_msgs/_hunter_msgs_s.ep.rosidl_typesupport_introspection_c.c.o[0m
[ 95%] [32mBuilding C object CMakeFiles/hunter_msgs__rosidl_typesupport_c__pyext.dir/rosidl_generator_py/hunter_msgs/_hunter_msgs_s.ep.rosidl_typesupport_c.c.o[0m
[ 96%] [32m[1mLinking C shared library rosidl_generator_py/hunter_msgs/hunter_msgs_s__rosidl_typesupport_fastrtps_c.cpython-310-x86_64-linux-gnu.so[0m
[ 98%] [32m[1mLinking C shared library rosidl_generator_py/hunter_msgs/hunter_msgs_s__rosidl_typesupport_introspection_c.cpython-310-x86_64-linux-gnu.so[0m
[100%] [32m[1mLinking C shared library rosidl_generator_py/hunter_msgs/hunter_msgs_s__rosidl_typesupport_c.cpython-310-x86_64-linux-gnu.so[0m
[100%] Built target hunter_msgs__rosidl_typesupport_fastrtps_c__pyext
[100%] Built target hunter_msgs__rosidl_typesupport_c__pyext
[100%] Built target hunter_msgs__rosidl_typesupport_introspection_c__pyext
-- Install configuration: ""
-- Execute custom install script
-- Up-to-date symlink: /home/karch/ws/hunter20_ws/install/hunter_msgs/share/ament_index/resource_index/rosidl_interfaces/hunter_msgs
-- Up-to-date symlink: /home/karch/ws/hunter20_ws/install/hunter_msgs/include/hunter_msgs/hunter_msgs/msg/detail/hunter_actuator_state__functions.h
-- Up-to-date symlink: /home/karch/ws/hunter20_ws/install/hunter_msgs/include/hunter_msgs/hunter_msgs/msg/detail/hunter_actuator_state__struct.h
-- Up-to-date symlink: /home/karch/ws/hunter20_ws/install/hunter_msgs/include/hunter_msgs/hunter_msgs/msg/detail/hunter_actuator_state__type_support.h
-- Up-to-date symlink: /home/karch/ws/hunter20_ws/install/hunter_msgs/include/hunter_msgs/hunter_msgs/msg/detail/hunter_light_cmd__functions.h
-- Up-to-date symlink: /home/karch/ws/hunter20_ws/install/hunter_msgs/include/hunter_msgs/hunter_msgs/msg/detail/hunter_light_cmd__struct.h
-- Up-to-date symlink: /home/karch/ws/hunter20_ws/install/hunter_msgs/include/hunter_msgs/hunter_msgs/msg/detail/hunter_light_cmd__type_support.h
-- Up-to-date symlink: /home/karch/ws/hunter20_ws/install/hunter_msgs/include/hunter_msgs/hunter_msgs/msg/detail/hunter_light_state__functions.h
-- Up-to-date symlink: /home/karch/ws/hunter20_ws/install/hunter_msgs/include/hunter_msgs/hunter_msgs/msg/detail/hunter_light_state__struct.h
-- Up-to-date symlink: /home/karch/ws/hunter20_ws/install/hunter_msgs/include/hunter_msgs/hunter_msgs/msg/detail/hunter_light_state__type_support.h
-- Up-to-date symlink: /home/karch/ws/hunter20_ws/install/hunter_msgs/include/hunter_msgs/hunter_msgs/msg/detail/hunter_rc_state__functions.h
-- Up-to-date symlink: /home/karch/ws/hunter20_ws/install/hunter_msgs/include/hunter_msgs/hunter_msgs/msg/detail/hunter_rc_state__struct.h
-- Up-to-date symlink: /home/karch/ws/hunter20_ws/install/hunter_msgs/include/hunter_msgs/hunter_msgs/msg/detail/hunter_rc_state__type_support.h
-- Up-to-date symlink: /home/karch/ws/hunter20_ws/install/hunter_msgs/include/hunter_msgs/hunter_msgs/msg/detail/hunter_status__functions.h
-- Up-to-date symlink: /home/karch/ws/hunter20_ws/install/hunter_msgs/include/hunter_msgs/hunter_msgs/msg/detail/hunter_status__struct.h
-- Up-to-date symlink: /home/karch/ws/hunter20_ws/install/hunter_msgs/include/hunter_msgs/hunter_msgs/msg/detail/hunter_status__type_support.h
-- Up-to-date symlink: /home/karch/ws/hunter20_ws/install/hunter_msgs/include/hunter_msgs/hunter_msgs/msg/hunter_actuator_state.h
-- Up-to-date symlink: /home/karch/ws/hunter20_ws/install/hunter_msgs/include/hunter_msgs/hunter_msgs/msg/hunter_light_cmd.h
-- Up-to-date symlink: /home/karch/ws/hunter20_ws/install/hunter_msgs/include/hunter_msgs/hunter_msgs/msg/hunter_light_state.h
-- Up-to-date symlink: /home/karch/ws/hunter20_ws/install/hunter_msgs/include/hunter_msgs/hunter_msgs/msg/hunter_rc_state.h
-- Up-to-date symlink: /home/karch/ws/hunter20_ws/install/hunter_msgs/include/hunter_msgs/hunter_msgs/msg/hunter_status.h
-- Up-to-date symlink: /home/karch/ws/hunter20_ws/install/hunter_msgs/include/hunter_msgs/hunter_msgs/msg/rosidl_generator_c__visibility_control.h
-- Up-to-date symlink: /home/karch/ws/hunter20_ws/install/hunter_msgs/share/hunter_msgs/environment/library_path.sh
-- Up-to-date symlink: /home/karch/ws/hunter20_ws/install/hunter_msgs/share/hunter_msgs/environment/library_path.dsv
-- Up-to-date symlink: /home/karch/ws/hunter20_ws/install/hunter_msgs/include/hunter_msgs/hunter_msgs/msg/detail/hunter_actuator_state__rosidl_typesupport_fastrtps_c.h
-- Up-to-date symlink: /home/karch/ws/hunter20_ws/install/hunter_msgs/include/hunter_msgs/hunter_msgs/msg/detail/hunter_light_cmd__rosidl_typesupport_fastrtps_c.h
-- Up-to-date symlink: /home/karch/ws/hunter20_ws/install/hunter_msgs/include/hunter_msgs/hunter_msgs/msg/detail/hunter_light_state__rosidl_typesupport_fastrtps_c.h
-- Up-to-date symlink: /home/karch/ws/hunter20_ws/install/hunter_msgs/include/hunter_msgs/hunter_msgs/msg/detail/hunter_rc_state__rosidl_typesupport_fastrtps_c.h
-- Up-to-date symlink: /home/karch/ws/hunter20_ws/install/hunter_msgs/include/hunter_msgs/hunter_msgs/msg/detail/hunter_status__rosidl_typesupport_fastrtps_c.h
-- Up-to-date symlink: /home/karch/ws/hunter20_ws/install/hunter_msgs/include/hunter_msgs/hunter_msgs/msg/rosidl_typesupport_fastrtps_c__visibility_control.h
-- Up-to-date symlink: /home/karch/ws/hunter20_ws/install/hunter_msgs/include/hunter_msgs/hunter_msgs/msg/detail/hunter_actuator_state__builder.hpp
-- Up-to-date symlink: /home/karch/ws/hunter20_ws/install/hunter_msgs/include/hunter_msgs/hunter_msgs/msg/detail/hunter_actuator_state__struct.hpp
-- Up-to-date symlink: /home/karch/ws/hunter20_ws/install/hunter_msgs/include/hunter_msgs/hunter_msgs/msg/detail/hunter_actuator_state__traits.hpp
-- Up-to-date symlink: /home/karch/ws/hunter20_ws/install/hunter_msgs/include/hunter_msgs/hunter_msgs/msg/detail/hunter_light_cmd__builder.hpp
-- Up-to-date symlink: /home/karch/ws/hunter20_ws/install/hunter_msgs/include/hunter_msgs/hunter_msgs/msg/detail/hunter_light_cmd__struct.hpp
-- Up-to-date symlink: /home/karch/ws/hunter20_ws/install/hunter_msgs/include/hunter_msgs/hunter_msgs/msg/detail/hunter_light_cmd__traits.hpp
-- Up-to-date symlink: /home/karch/ws/hunter20_ws/install/hunter_msgs/include/hunter_msgs/hunter_msgs/msg/detail/hunter_light_state__builder.hpp
-- Up-to-date symlink: /home/karch/ws/hunter20_ws/install/hunter_msgs/include/hunter_msgs/hunter_msgs/msg/detail/hunter_light_state__struct.hpp
-- Up-to-date symlink: /home/karch/ws/hunter20_ws/install/hunter_msgs/include/hunter_msgs/hunter_msgs/msg/detail/hunter_light_state__traits.hpp
-- Up-to-date symlink: /home/karch/ws/hunter20_ws/install/hunter_msgs/include/hunter_msgs/hunter_msgs/msg/detail/hunter_rc_state__builder.hpp
-- Up-to-date symlink: /home/karch/ws/hunter20_ws/install/hunter_msgs/include/hunter_msgs/hunter_msgs/msg/detail/hunter_rc_state__struct.hpp
-- Up-to-date symlink: /home/karch/ws/hunter20_ws/install/hunter_msgs/include/hunter_msgs/hunter_msgs/msg/detail/hunter_rc_state__traits.hpp
-- Up-to-date symlink: /home/karch/ws/hunter20_ws/install/hunter_msgs/include/hunter_msgs/hunter_msgs/msg/detail/hunter_status__builder.hpp
-- Up-to-date symlink: /home/karch/ws/hunter20_ws/install/hunter_msgs/include/hunter_msgs/hunter_msgs/msg/detail/hunter_status__struct.hpp
-- Up-to-date symlink: /home/karch/ws/hunter20_ws/install/hunter_msgs/include/hunter_msgs/hunter_msgs/msg/detail/hunter_status__traits.hpp
-- Up-to-date symlink: /home/karch/ws/hunter20_ws/install/hunter_msgs/include/hunter_msgs/hunter_msgs/msg/hunter_actuator_state.hpp
-- Up-to-date symlink: /home/karch/ws/hunter20_ws/install/hunter_msgs/include/hunter_msgs/hunter_msgs/msg/hunter_light_cmd.hpp
-- Up-to-date symlink: /home/karch/ws/hunter20_ws/install/hunter_msgs/include/hunter_msgs/hunter_msgs/msg/hunter_light_state.hpp
-- Up-to-date symlink: /home/karch/ws/hunter20_ws/install/hunter_msgs/include/hunter_msgs/hunter_msgs/msg/hunter_rc_state.hpp
-- Up-to-date symlink: /home/karch/ws/hunter20_ws/install/hunter_msgs/include/hunter_msgs/hunter_msgs/msg/hunter_status.hpp
-- Up-to-date symlink: /home/karch/ws/hunter20_ws/install/hunter_msgs/include/hunter_msgs/hunter_msgs/msg/detail/hunter_actuator_state__rosidl_typesupport_fastrtps_cpp.hpp
-- Up-to-date symlink: /home/karch/ws/hunter20_ws/install/hunter_msgs/include/hunter_msgs/hunter_msgs/msg/detail/hunter_light_cmd__rosidl_typesupport_fastrtps_cpp.hpp
-- Up-to-date symlink: /home/karch/ws/hunter20_ws/install/hunter_msgs/include/hunter_msgs/hunter_msgs/msg/detail/hunter_light_state__rosidl_typesupport_fastrtps_cpp.hpp
-- Up-to-date symlink: /home/karch/ws/hunter20_ws/install/hunter_msgs/include/hunter_msgs/hunter_msgs/msg/detail/hunter_rc_state__rosidl_typesupport_fastrtps_cpp.hpp
-- Up-to-date symlink: /home/karch/ws/hunter20_ws/install/hunter_msgs/include/hunter_msgs/hunter_msgs/msg/detail/hunter_status__rosidl_typesupport_fastrtps_cpp.hpp
-- Up-to-date symlink: /home/karch/ws/hunter20_ws/install/hunter_msgs/include/hunter_msgs/hunter_msgs/msg/rosidl_typesupport_fastrtps_cpp__visibility_control.h
-- Up-to-date symlink: /home/karch/ws/hunter20_ws/install/hunter_msgs/include/hunter_msgs/hunter_msgs/msg/detail/hunter_actuator_state__rosidl_typesupport_introspection_c.h
-- Up-to-date symlink: /home/karch/ws/hunter20_ws/install/hunter_msgs/include/hunter_msgs/hunter_msgs/msg/detail/hunter_light_cmd__rosidl_typesupport_introspection_c.h
-- Up-to-date symlink: /home/karch/ws/hunter20_ws/install/hunter_msgs/include/hunter_msgs/hunter_msgs/msg/detail/hunter_light_state__rosidl_typesupport_introspection_c.h
-- Up-to-date symlink: /home/karch/ws/hunter20_ws/install/hunter_msgs/include/hunter_msgs/hunter_msgs/msg/detail/hunter_rc_state__rosidl_typesupport_introspection_c.h
-- Up-to-date symlink: /home/karch/ws/hunter20_ws/install/hunter_msgs/include/hunter_msgs/hunter_msgs/msg/detail/hunter_status__rosidl_typesupport_introspection_c.h
-- Up-to-date symlink: /home/karch/ws/hunter20_ws/install/hunter_msgs/include/hunter_msgs/hunter_msgs/msg/rosidl_typesupport_introspection_c__visibility_control.h
-- Up-to-date symlink: /home/karch/ws/hunter20_ws/install/hunter_msgs/include/hunter_msgs/hunter_msgs/msg/detail/hunter_actuator_state__rosidl_typesupport_introspection_cpp.hpp
-- Up-to-date symlink: /home/karch/ws/hunter20_ws/install/hunter_msgs/include/hunter_msgs/hunter_msgs/msg/detail/hunter_light_cmd__rosidl_typesupport_introspection_cpp.hpp
-- Up-to-date symlink: /home/karch/ws/hunter20_ws/install/hunter_msgs/include/hunter_msgs/hunter_msgs/msg/detail/hunter_light_state__rosidl_typesupport_introspection_cpp.hpp
-- Up-to-date symlink: /home/karch/ws/hunter20_ws/install/hunter_msgs/include/hunter_msgs/hunter_msgs/msg/detail/hunter_rc_state__rosidl_typesupport_introspection_cpp.hpp
-- Up-to-date symlink: /home/karch/ws/hunter20_ws/install/hunter_msgs/include/hunter_msgs/hunter_msgs/msg/detail/hunter_status__rosidl_typesupport_introspection_cpp.hpp
-- Up-to-date symlink: /home/karch/ws/hunter20_ws/install/hunter_msgs/share/hunter_msgs/environment/pythonpath.sh
-- Up-to-date symlink: /home/karch/ws/hunter20_ws/install/hunter_msgs/share/hunter_msgs/environment/pythonpath.dsv
-- Up-to-date symlink: /home/karch/ws/hunter20_ws/install/hunter_msgs/local/lib/python3.10/dist-packages/hunter_msgs-0.0.1-py3.10.egg-info/PKG-INFO
-- Up-to-date symlink: /home/karch/ws/hunter20_ws/install/hunter_msgs/local/lib/python3.10/dist-packages/hunter_msgs-0.0.1-py3.10.egg-info/SOURCES.txt
-- Up-to-date symlink: /home/karch/ws/hunter20_ws/install/hunter_msgs/local/lib/python3.10/dist-packages/hunter_msgs-0.0.1-py3.10.egg-info/dependency_links.txt
-- Up-to-date symlink: /home/karch/ws/hunter20_ws/install/hunter_msgs/local/lib/python3.10/dist-packages/hunter_msgs-0.0.1-py3.10.egg-info/top_level.txt
-- Up-to-date symlink: /home/karch/ws/hunter20_ws/install/hunter_msgs/local/lib/python3.10/dist-packages/hunter_msgs/__init__.py
-- Up-to-date symlink: /home/karch/ws/hunter20_ws/install/hunter_msgs/local/lib/python3.10/dist-packages/hunter_msgs/_hunter_msgs_s.ep.rosidl_typesupport_c.c
-- Up-to-date symlink: /home/karch/ws/hunter20_ws/install/hunter_msgs/local/lib/python3.10/dist-packages/hunter_msgs/_hunter_msgs_s.ep.rosidl_typesupport_fastrtps_c.c
-- Up-to-date symlink: /home/karch/ws/hunter20_ws/install/hunter_msgs/local/lib/python3.10/dist-packages/hunter_msgs/_hunter_msgs_s.ep.rosidl_typesupport_introspection_c.c
-- Up-to-date symlink: /home/karch/ws/hunter20_ws/install/hunter_msgs/local/lib/python3.10/dist-packages/hunter_msgs/hunter_msgs_s__rosidl_typesupport_c.cpython-310-x86_64-linux-gnu.so
-- Up-to-date symlink: /home/karch/ws/hunter20_ws/install/hunter_msgs/local/lib/python3.10/dist-packages/hunter_msgs/hunter_msgs_s__rosidl_typesupport_fastrtps_c.cpython-310-x86_64-linux-gnu.so
-- Up-to-date symlink: /home/karch/ws/hunter20_ws/install/hunter_msgs/local/lib/python3.10/dist-packages/hunter_msgs/hunter_msgs_s__rosidl_typesupport_introspection_c.cpython-310-x86_64-linux-gnu.so
-- Up-to-date symlink: /home/karch/ws/hunter20_ws/install/hunter_msgs/local/lib/python3.10/dist-packages/hunter_msgs/libhunter_msgs__rosidl_generator_py.so
-- Up-to-date symlink: /home/karch/ws/hunter20_ws/install/hunter_msgs/local/lib/python3.10/dist-packages/hunter_msgs/msg/__init__.py
-- Up-to-date symlink: /home/karch/ws/hunter20_ws/install/hunter_msgs/local/lib/python3.10/dist-packages/hunter_msgs/msg/_hunter_actuator_state.py
-- Up-to-date symlink: /home/karch/ws/hunter20_ws/install/hunter_msgs/local/lib/python3.10/dist-packages/hunter_msgs/msg/_hunter_actuator_state_s.c
-- Up-to-date symlink: /home/karch/ws/hunter20_ws/install/hunter_msgs/local/lib/python3.10/dist-packages/hunter_msgs/msg/_hunter_light_cmd.py
-- Up-to-date symlink: /home/karch/ws/hunter20_ws/install/hunter_msgs/local/lib/python3.10/dist-packages/hunter_msgs/msg/_hunter_light_cmd_s.c
-- Up-to-date symlink: /home/karch/ws/hunter20_ws/install/hunter_msgs/local/lib/python3.10/dist-packages/hunter_msgs/msg/_hunter_light_state.py
-- Up-to-date symlink: /home/karch/ws/hunter20_ws/install/hunter_msgs/local/lib/python3.10/dist-packages/hunter_msgs/msg/_hunter_light_state_s.c
-- Up-to-date symlink: /home/karch/ws/hunter20_ws/install/hunter_msgs/local/lib/python3.10/dist-packages/hunter_msgs/msg/_hunter_rc_state.py
-- Up-to-date symlink: /home/karch/ws/hunter20_ws/install/hunter_msgs/local/lib/python3.10/dist-packages/hunter_msgs/msg/_hunter_rc_state_s.c
-- Up-to-date symlink: /home/karch/ws/hunter20_ws/install/hunter_msgs/local/lib/python3.10/dist-packages/hunter_msgs/msg/_hunter_status.py
-- Up-to-date symlink: /home/karch/ws/hunter20_ws/install/hunter_msgs/local/lib/python3.10/dist-packages/hunter_msgs/msg/_hunter_status_s.c
-- Up-to-date symlink: /home/karch/ws/hunter20_ws/install/hunter_msgs/local/lib/python3.10/dist-packages/hunter_msgs/hunter_msgs_s__rosidl_typesupport_fastrtps_c.cpython-310-x86_64-linux-gnu.so
-- Up-to-date symlink: /home/karch/ws/hunter20_ws/install/hunter_msgs/local/lib/python3.10/dist-packages/hunter_msgs/hunter_msgs_s__rosidl_typesupport_introspection_c.cpython-310-x86_64-linux-gnu.so
-- Up-to-date symlink: /home/karch/ws/hunter20_ws/install/hunter_msgs/local/lib/python3.10/dist-packages/hunter_msgs/hunter_msgs_s__rosidl_typesupport_c.cpython-310-x86_64-linux-gnu.so
-- Up-to-date symlink: /home/karch/ws/hunter20_ws/install/hunter_msgs/share/hunter_msgs/msg/HunterActuatorState.idl
-- Up-to-date symlink: /home/karch/ws/hunter20_ws/install/hunter_msgs/share/hunter_msgs/msg/HunterLightCmd.idl
-- Up-to-date symlink: /home/karch/ws/hunter20_ws/install/hunter_msgs/share/hunter_msgs/msg/HunterLightState.idl
-- Up-to-date symlink: /home/karch/ws/hunter20_ws/install/hunter_msgs/share/hunter_msgs/msg/HunterRCState.idl
-- Up-to-date symlink: /home/karch/ws/hunter20_ws/install/hunter_msgs/share/hunter_msgs/msg/HunterStatus.idl
-- Up-to-date symlink: /home/karch/ws/hunter20_ws/install/hunter_msgs/share/hunter_msgs/msg/HunterActuatorState.msg
-- Up-to-date symlink: /home/karch/ws/hunter20_ws/install/hunter_msgs/share/hunter_msgs/msg/HunterLightCmd.msg
-- Up-to-date symlink: /home/karch/ws/hunter20_ws/install/hunter_msgs/share/hunter_msgs/msg/HunterLightState.msg
-- Up-to-date symlink: /home/karch/ws/hunter20_ws/install/hunter_msgs/share/hunter_msgs/msg/HunterRCState.msg
-- Up-to-date symlink: /home/karch/ws/hunter20_ws/install/hunter_msgs/share/hunter_msgs/msg/HunterStatus.msg
-- Up-to-date symlink: /home/karch/ws/hunter20_ws/install/hunter_msgs/share/ament_index/resource_index/package_run_dependencies/hunter_msgs
-- Up-to-date symlink: /home/karch/ws/hunter20_ws/install/hunter_msgs/share/ament_index/resource_index/parent_prefix_path/hunter_msgs
-- Up-to-date symlink: /home/karch/ws/hunter20_ws/install/hunter_msgs/share/hunter_msgs/environment/ament_prefix_path.sh
-- Up-to-date symlink: /home/karch/ws/hunter20_ws/install/hunter_msgs/share/hunter_msgs/environment/ament_prefix_path.dsv
-- Up-to-date symlink: /home/karch/ws/hunter20_ws/install/hunter_msgs/share/hunter_msgs/environment/path.sh
-- Up-to-date symlink: /home/karch/ws/hunter20_ws/install/hunter_msgs/share/hunter_msgs/environment/path.dsv
-- Up-to-date symlink: /home/karch/ws/hunter20_ws/install/hunter_msgs/share/hunter_msgs/local_setup.bash
-- Up-to-date symlink: /home/karch/ws/hunter20_ws/install/hunter_msgs/share/hunter_msgs/local_setup.sh
-- Up-to-date symlink: /home/karch/ws/hunter20_ws/install/hunter_msgs/share/hunter_msgs/local_setup.zsh
-- Up-to-date symlink: /home/karch/ws/hunter20_ws/install/hunter_msgs/share/hunter_msgs/local_setup.dsv
-- Symlinking: /home/karch/ws/hunter20_ws/install/hunter_msgs/share/hunter_msgs/package.dsv
-- Up-to-date symlink: /home/karch/ws/hunter20_ws/install/hunter_msgs/share/ament_index/resource_index/packages/hunter_msgs
-- Up-to-date symlink: /home/karch/ws/hunter20_ws/install/hunter_msgs/share/hunter_msgs/cmake/rosidl_cmake-extras.cmake
-- Up-to-date symlink: /home/karch/ws/hunter20_ws/install/hunter_msgs/share/hunter_msgs/cmake/ament_cmake_export_dependencies-extras.cmake
-- Up-to-date symlink: /home/karch/ws/hunter20_ws/install/hunter_msgs/share/hunter_msgs/cmake/ament_cmake_export_include_directories-extras.cmake
-- Up-to-date symlink: /home/karch/ws/hunter20_ws/install/hunter_msgs/share/hunter_msgs/cmake/ament_cmake_export_libraries-extras.cmake
-- Up-to-date symlink: /home/karch/ws/hunter20_ws/install/hunter_msgs/share/hunter_msgs/cmake/ament_cmake_export_targets-extras.cmake
-- Up-to-date symlink: /home/karch/ws/hunter20_ws/install/hunter_msgs/share/hunter_msgs/cmake/rosidl_cmake_export_typesupport_targets-extras.cmake
-- Up-to-date symlink: /home/karch/ws/hunter20_ws/install/hunter_msgs/share/hunter_msgs/cmake/rosidl_cmake_export_typesupport_libraries-extras.cmake
-- Up-to-date symlink: /home/karch/ws/hunter20_ws/install/hunter_msgs/share/hunter_msgs/cmake/hunter_msgsConfig.cmake
-- Up-to-date symlink: /home/karch/ws/hunter20_ws/install/hunter_msgs/share/hunter_msgs/cmake/hunter_msgsConfig-version.cmake
-- Up-to-date symlink: /home/karch/ws/hunter20_ws/install/hunter_msgs/share/hunter_msgs/package.xml
-- Installing: /home/karch/ws/hunter20_ws/install/hunter_msgs/lib/libhunter_msgs__rosidl_generator_c.so
-- Set runtime path of "/home/karch/ws/hunter20_ws/install/hunter_msgs/lib/libhunter_msgs__rosidl_generator_c.so" to ""
-- Installing: /home/karch/ws/hunter20_ws/install/hunter_msgs/lib/libhunter_msgs__rosidl_typesupport_fastrtps_c.so
-- Set runtime path of "/home/karch/ws/hunter20_ws/install/hunter_msgs/lib/libhunter_msgs__rosidl_typesupport_fastrtps_c.so" to ""
-- Installing: /home/karch/ws/hunter20_ws/install/hunter_msgs/lib/libhunter_msgs__rosidl_typesupport_fastrtps_cpp.so
-- Set runtime path of "/home/karch/ws/hunter20_ws/install/hunter_msgs/lib/libhunter_msgs__rosidl_typesupport_fastrtps_cpp.so" to ""
-- Installing: /home/karch/ws/hunter20_ws/install/hunter_msgs/lib/libhunter_msgs__rosidl_typesupport_introspection_c.so
-- Set runtime path of "/home/karch/ws/hunter20_ws/install/hunter_msgs/lib/libhunter_msgs__rosidl_typesupport_introspection_c.so" to ""
-- Installing: /home/karch/ws/hunter20_ws/install/hunter_msgs/lib/libhunter_msgs__rosidl_typesupport_c.so
-- Set runtime path of "/home/karch/ws/hunter20_ws/install/hunter_msgs/lib/libhunter_msgs__rosidl_typesupport_c.so" to ""
-- Installing: /home/karch/ws/hunter20_ws/install/hunter_msgs/lib/libhunter_msgs__rosidl_typesupport_introspection_cpp.so
-- Set runtime path of "/home/karch/ws/hunter20_ws/install/hunter_msgs/lib/libhunter_msgs__rosidl_typesupport_introspection_cpp.so" to ""
-- Installing: /home/karch/ws/hunter20_ws/install/hunter_msgs/lib/libhunter_msgs__rosidl_typesupport_cpp.so
-- Set runtime path of "/home/karch/ws/hunter20_ws/install/hunter_msgs/lib/libhunter_msgs__rosidl_typesupport_cpp.so" to ""
Listing '/home/karch/ws/hunter20_ws/install/hunter_msgs/local/lib/python3.10/dist-packages/hunter_msgs'...
Listing '/home/karch/ws/hunter20_ws/install/hunter_msgs/local/lib/python3.10/dist-packages/hunter_msgs/msg'...
-- Installing: /home/karch/ws/hunter20_ws/install/hunter_msgs/lib/libhunter_msgs__rosidl_generator_py.so
-- Set runtime path of "/home/karch/ws/hunter20_ws/install/hunter_msgs/lib/libhunter_msgs__rosidl_generator_py.so" to ""
-- Up-to-date: /home/karch/ws/hunter20_ws/install/hunter_msgs/share/hunter_msgs/cmake/export_hunter_msgs__rosidl_generator_cExport.cmake
-- Up-to-date: /home/karch/ws/hunter20_ws/install/hunter_msgs/share/hunter_msgs/cmake/export_hunter_msgs__rosidl_generator_cExport-noconfig.cmake
-- Up-to-date: /home/karch/ws/hunter20_ws/install/hunter_msgs/share/hunter_msgs/cmake/export_hunter_msgs__rosidl_typesupport_fastrtps_cExport.cmake
-- Up-to-date: /home/karch/ws/hunter20_ws/install/hunter_msgs/share/hunter_msgs/cmake/export_hunter_msgs__rosidl_typesupport_fastrtps_cExport-noconfig.cmake
-- Up-to-date: /home/karch/ws/hunter20_ws/install/hunter_msgs/share/hunter_msgs/cmake/export_hunter_msgs__rosidl_generator_cppExport.cmake
-- Up-to-date: /home/karch/ws/hunter20_ws/install/hunter_msgs/share/hunter_msgs/cmake/export_hunter_msgs__rosidl_typesupport_fastrtps_cppExport.cmake
-- Up-to-date: /home/karch/ws/hunter20_ws/install/hunter_msgs/share/hunter_msgs/cmake/export_hunter_msgs__rosidl_typesupport_fastrtps_cppExport-noconfig.cmake
-- Up-to-date: /home/karch/ws/hunter20_ws/install/hunter_msgs/share/hunter_msgs/cmake/hunter_msgs__rosidl_typesupport_introspection_cExport.cmake
-- Up-to-date: /home/karch/ws/hunter20_ws/install/hunter_msgs/share/hunter_msgs/cmake/hunter_msgs__rosidl_typesupport_introspection_cExport-noconfig.cmake
-- Up-to-date: /home/karch/ws/hunter20_ws/install/hunter_msgs/share/hunter_msgs/cmake/hunter_msgs__rosidl_typesupport_cExport.cmake
-- Up-to-date: /home/karch/ws/hunter20_ws/install/hunter_msgs/share/hunter_msgs/cmake/hunter_msgs__rosidl_typesupport_cExport-noconfig.cmake
-- Up-to-date: /home/karch/ws/hunter20_ws/install/hunter_msgs/share/hunter_msgs/cmake/hunter_msgs__rosidl_typesupport_introspection_cppExport.cmake
-- Up-to-date: /home/karch/ws/hunter20_ws/install/hunter_msgs/share/hunter_msgs/cmake/hunter_msgs__rosidl_typesupport_introspection_cppExport-noconfig.cmake
-- Up-to-date: /home/karch/ws/hunter20_ws/install/hunter_msgs/share/hunter_msgs/cmake/hunter_msgs__rosidl_typesupport_cppExport.cmake
-- Up-to-date: /home/karch/ws/hunter20_ws/install/hunter_msgs/share/hunter_msgs/cmake/hunter_msgs__rosidl_typesupport_cppExport-noconfig.cmake
-- Up-to-date: /home/karch/ws/hunter20_ws/install/hunter_msgs/share/hunter_msgs/cmake/export_hunter_msgs__rosidl_generator_pyExport.cmake
-- Up-to-date: /home/karch/ws/hunter20_ws/install/hunter_msgs/share/hunter_msgs/cmake/export_hunter_msgs__rosidl_generator_pyExport-noconfig.cmake
