[0.022s] Invoking command in '/home/karch/ws/hunter20_ws/build/hunter_msgs': CMAKE_PREFIX_PATH=/home/karch/ws/hokuyo_ws/install/urg_node:/home/karch/ws/hokuyo_ws/install/urg_node_msgs:/home/karch/ws/hokuyo_ws/install/urg_c:/home/karch/ws/hokuyo_ws/install/tfg_pkg:/home/karch/ws/hokuyo_ws/install/robot_status_publisher:/home/karch/ws/hokuyo_ws/install/keyboard_control:/home/karch/ws/hokuyo_ws/install/coppelia_ros2_pkg:/home/karch/ws/hunter20_ws/install/hunter_base:/opt/ros/humble:/home/karch/ws/hunter20_ws/install/ugv_sdk:/home/karch/ws/hunter20_ws/install/hunter_msgs:/home/karch/ws/dev_ws/install/first_pkg /usr/bin/cmake --build /home/karch/ws/hunter20_ws/build/hunter_msgs -- -j16 -l16
[0.125s] [  1%] Built target hunter_msgs__cpp
[0.128s] [  3%] [32mBuilding C object CMakeFiles/hunter_msgs__rosidl_generator_c.dir/rosidl_generator_c/hunter_msgs/msg/detail/hunter_actuator_state__functions.c.o[0m
[0.131s] [  4%] [32mBuilding C object CMakeFiles/hunter_msgs__rosidl_generator_c.dir/rosidl_generator_c/hunter_msgs/msg/detail/hunter_light_state__functions.c.o[0m
[0.132s] [  6%] [32mBuilding C object CMakeFiles/hunter_msgs__rosidl_generator_c.dir/rosidl_generator_c/hunter_msgs/msg/detail/hunter_light_cmd__functions.c.o[0m
[0.137s] [  7%] [32mBuilding C object CMakeFiles/hunter_msgs__rosidl_generator_c.dir/rosidl_generator_c/hunter_msgs/msg/detail/hunter_rc_state__functions.c.o[0m
[0.138s] [  9%] [32mBuilding C object CMakeFiles/hunter_msgs__rosidl_generator_c.dir/rosidl_generator_c/hunter_msgs/msg/detail/hunter_status__functions.c.o[0m
[0.138s] [  9%] Built target ament_cmake_python_symlink_hunter_msgs
[0.207s] [ 11%] [32mBuilding CXX object CMakeFiles/hunter_msgs__rosidl_typesupport_introspection_cpp.dir/rosidl_typesupport_introspection_cpp/hunter_msgs/msg/detail/hunter_light_cmd__type_support.cpp.o[0m
[0.208s] [ 12%] [32mBuilding CXX object CMakeFiles/hunter_msgs__rosidl_typesupport_introspection_cpp.dir/rosidl_typesupport_introspection_cpp/hunter_msgs/msg/detail/hunter_actuator_state__type_support.cpp.o[0m
[0.212s] [ 14%] [32mBuilding CXX object CMakeFiles/hunter_msgs__rosidl_typesupport_cpp.dir/rosidl_typesupport_cpp/hunter_msgs/msg/hunter_rc_state__type_support.cpp.o[0m
[0.218s] [ 15%] [32mBuilding CXX object CMakeFiles/hunter_msgs__rosidl_typesupport_fastrtps_cpp.dir/rosidl_typesupport_fastrtps_cpp/hunter_msgs/msg/detail/dds_fastrtps/hunter_actuator_state__type_support.cpp.o[0m
[0.220s] [ 17%] [32mBuilding CXX object CMakeFiles/hunter_msgs__rosidl_typesupport_cpp.dir/rosidl_typesupport_cpp/hunter_msgs/msg/hunter_light_state__type_support.cpp.o[0m
[0.226s] [ 19%] [32mBuilding CXX object CMakeFiles/hunter_msgs__rosidl_typesupport_introspection_cpp.dir/rosidl_typesupport_introspection_cpp/hunter_msgs/msg/detail/hunter_light_state__type_support.cpp.o[0m
[0.227s] [ 20%] [32mBuilding CXX object CMakeFiles/hunter_msgs__rosidl_typesupport_cpp.dir/rosidl_typesupport_cpp/hunter_msgs/msg/hunter_actuator_state__type_support.cpp.o[0m
[0.230s] [ 22%] [32mBuilding CXX object CMakeFiles/hunter_msgs__rosidl_typesupport_cpp.dir/rosidl_typesupport_cpp/hunter_msgs/msg/hunter_status__type_support.cpp.o[0m
[0.250s] [ 25%] [32mBuilding CXX object CMakeFiles/hunter_msgs__rosidl_typesupport_cpp.dir/rosidl_typesupport_cpp/hunter_msgs/msg/hunter_light_cmd__type_support.cpp.o[0m
[0.250s] [ 25%] [32mBuilding CXX object CMakeFiles/hunter_msgs__rosidl_typesupport_fastrtps_cpp.dir/rosidl_typesupport_fastrtps_cpp/hunter_msgs/msg/detail/dds_fastrtps/hunter_light_cmd__type_support.cpp.o[0m
[0.330s] [ 26%] [32mBuilding CXX object CMakeFiles/hunter_msgs__rosidl_typesupport_fastrtps_cpp.dir/rosidl_typesupport_fastrtps_cpp/hunter_msgs/msg/detail/dds_fastrtps/hunter_rc_state__type_support.cpp.o[0m
[0.334s] [ 30%] [32mBuilding CXX object CMakeFiles/hunter_msgs__rosidl_typesupport_introspection_cpp.dir/rosidl_typesupport_introspection_cpp/hunter_msgs/msg/detail/hunter_rc_state__type_support.cpp.o[0m
[0.354s] [ 30%] [32mBuilding CXX object CMakeFiles/hunter_msgs__rosidl_typesupport_fastrtps_cpp.dir/rosidl_typesupport_fastrtps_cpp/hunter_msgs/msg/detail/dds_fastrtps/hunter_light_state__type_support.cpp.o[0m
[0.368s] [ 31%] [32m[1mLinking C shared library libhunter_msgs__rosidl_generator_c.so[0m
[0.376s] [ 33%] [32mBuilding CXX object CMakeFiles/hunter_msgs__rosidl_typesupport_introspection_cpp.dir/rosidl_typesupport_introspection_cpp/hunter_msgs/msg/detail/hunter_status__type_support.cpp.o[0m
[0.732s] [ 34%] Built target hunter_msgs__rosidl_generator_c
[0.820s] [ 36%] [32mBuilding CXX object CMakeFiles/hunter_msgs__rosidl_typesupport_fastrtps_cpp.dir/rosidl_typesupport_fastrtps_cpp/hunter_msgs/msg/detail/dds_fastrtps/hunter_status__type_support.cpp.o[0m
[0.988s] [ 38%] [32mBuilding CXX object CMakeFiles/hunter_msgs__rosidl_typesupport_fastrtps_c.dir/rosidl_typesupport_fastrtps_c/hunter_msgs/msg/detail/hunter_actuator_state__type_support_c.cpp.o[0m
[0.995s] [ 39%] [32mBuilding C object CMakeFiles/hunter_msgs__rosidl_typesupport_introspection_c.dir/rosidl_typesupport_introspection_c/hunter_msgs/msg/detail/hunter_actuator_state__type_support.c.o[0m
[1.030s] [ 42%] [32mBuilding CXX object CMakeFiles/hunter_msgs__rosidl_typesupport_c.dir/rosidl_typesupport_c/hunter_msgs/msg/hunter_actuator_state__type_support.cpp.o[0m
[1.031s] [ 42%] [32mBuilding C object CMakeFiles/hunter_msgs__rosidl_typesupport_introspection_c.dir/rosidl_typesupport_introspection_c/hunter_msgs/msg/detail/hunter_light_cmd__type_support.c.o[0m
[1.200s] [ 44%] [32mBuilding C object CMakeFiles/hunter_msgs__rosidl_typesupport_introspection_c.dir/rosidl_typesupport_introspection_c/hunter_msgs/msg/detail/hunter_rc_state__type_support.c.o[0m
[1.210s] [ 46%] [32mBuilding C object CMakeFiles/hunter_msgs__rosidl_typesupport_introspection_c.dir/rosidl_typesupport_introspection_c/hunter_msgs/msg/detail/hunter_light_state__type_support.c.o[0m
[1.220s] [ 49%] [32mBuilding CXX object CMakeFiles/hunter_msgs__rosidl_typesupport_c.dir/rosidl_typesupport_c/hunter_msgs/msg/hunter_light_cmd__type_support.cpp.o[0m
[1.221s] [ 49%] [32mBuilding C object CMakeFiles/hunter_msgs__rosidl_typesupport_introspection_c.dir/rosidl_typesupport_introspection_c/hunter_msgs/msg/detail/hunter_status__type_support.c.o[0m
[1.251s] [ 50%] [32mBuilding CXX object CMakeFiles/hunter_msgs__rosidl_typesupport_fastrtps_c.dir/rosidl_typesupport_fastrtps_c/hunter_msgs/msg/detail/hunter_light_cmd__type_support_c.cpp.o[0m
[1.259s] running egg_info
[1.262s] writing hunter_msgs.egg-info/PKG-INFO
[1.263s] writing dependency_links to hunter_msgs.egg-info/dependency_links.txt
[1.265s] writing top-level names to hunter_msgs.egg-info/top_level.txt
[1.280s] reading manifest file 'hunter_msgs.egg-info/SOURCES.txt'
[1.288s] writing manifest file 'hunter_msgs.egg-info/SOURCES.txt'
[1.327s] [ 52%] [32m[1mLinking CXX shared library libhunter_msgs__rosidl_typesupport_cpp.so[0m
[1.383s] [ 53%] [32mBuilding CXX object CMakeFiles/hunter_msgs__rosidl_typesupport_c.dir/rosidl_typesupport_c/hunter_msgs/msg/hunter_light_state__type_support.cpp.o[0m
[1.408s] [ 55%] [32mBuilding CXX object CMakeFiles/hunter_msgs__rosidl_typesupport_c.dir/rosidl_typesupport_c/hunter_msgs/msg/hunter_rc_state__type_support.cpp.o[0m
[1.408s] [ 57%] [32mBuilding CXX object CMakeFiles/hunter_msgs__rosidl_typesupport_fastrtps_c.dir/rosidl_typesupport_fastrtps_c/hunter_msgs/msg/detail/hunter_light_state__type_support_c.cpp.o[0m
[1.434s] [ 58%] [32mBuilding CXX object CMakeFiles/hunter_msgs__rosidl_typesupport_fastrtps_c.dir/rosidl_typesupport_fastrtps_c/hunter_msgs/msg/detail/hunter_rc_state__type_support_c.cpp.o[0m
[1.451s] [ 60%] [32m[1mLinking C shared library libhunter_msgs__rosidl_typesupport_introspection_c.so[0m
[1.458s] [ 61%] [32mBuilding CXX object CMakeFiles/hunter_msgs__rosidl_typesupport_c.dir/rosidl_typesupport_c/hunter_msgs/msg/hunter_status__type_support.cpp.o[0m
[1.468s] [ 63%] [32mBuilding CXX object CMakeFiles/hunter_msgs__rosidl_typesupport_fastrtps_c.dir/rosidl_typesupport_fastrtps_c/hunter_msgs/msg/detail/hunter_status__type_support_c.cpp.o[0m
[1.493s] [ 65%] Built target hunter_msgs__rosidl_typesupport_cpp
[1.509s] [ 65%] Built target ament_cmake_python_build_hunter_msgs_egg
[1.575s] [ 66%] [32m[1mLinking CXX shared library libhunter_msgs__rosidl_typesupport_c.so[0m
[1.603s] [ 68%] Built target hunter_msgs__rosidl_typesupport_introspection_c
[1.630s] [ 69%] [32m[1mLinking CXX shared library libhunter_msgs__rosidl_typesupport_introspection_cpp.so[0m
[1.687s] [ 71%] Built target hunter_msgs__rosidl_typesupport_c
[1.852s] [ 73%] [32m[1mLinking CXX shared library libhunter_msgs__rosidl_typesupport_fastrtps_cpp.so[0m
[1.904s] [ 74%] Built target hunter_msgs__rosidl_typesupport_introspection_cpp
[2.088s] [ 76%] Built target hunter_msgs__rosidl_typesupport_fastrtps_cpp
[2.106s] [ 77%] [32m[1mLinking CXX shared library libhunter_msgs__rosidl_typesupport_fastrtps_c.so[0m
[2.318s] [ 79%] Built target hunter_msgs__rosidl_typesupport_fastrtps_c
[2.364s] [ 79%] Built target hunter_msgs
[2.411s] [ 80%] Built target hunter_msgs__py
[2.465s] [ 82%] [32mBuilding C object CMakeFiles/hunter_msgs__rosidl_generator_py.dir/rosidl_generator_py/hunter_msgs/msg/_hunter_actuator_state_s.c.o[0m
[2.466s] [ 84%] [32mBuilding C object CMakeFiles/hunter_msgs__rosidl_generator_py.dir/rosidl_generator_py/hunter_msgs/msg/_hunter_light_cmd_s.c.o[0m
[2.468s] [ 85%] [32mBuilding C object CMakeFiles/hunter_msgs__rosidl_generator_py.dir/rosidl_generator_py/hunter_msgs/msg/_hunter_rc_state_s.c.o[0m
[2.469s] [ 87%] [32mBuilding C object CMakeFiles/hunter_msgs__rosidl_generator_py.dir/rosidl_generator_py/hunter_msgs/msg/_hunter_light_state_s.c.o[0m
[2.483s] [ 88%] [32mBuilding C object CMakeFiles/hunter_msgs__rosidl_generator_py.dir/rosidl_generator_py/hunter_msgs/msg/_hunter_status_s.c.o[0m
[2.719s] [ 90%] [32m[1mLinking C shared library rosidl_generator_py/hunter_msgs/libhunter_msgs__rosidl_generator_py.so[0m
[2.802s] [ 90%] Built target hunter_msgs__rosidl_generator_py
[2.839s] [ 92%] [32mBuilding C object CMakeFiles/hunter_msgs__rosidl_typesupport_fastrtps_c__pyext.dir/rosidl_generator_py/hunter_msgs/_hunter_msgs_s.ep.rosidl_typesupport_fastrtps_c.c.o[0m
[2.840s] [ 93%] [32mBuilding C object CMakeFiles/hunter_msgs__rosidl_typesupport_introspection_c__pyext.dir/rosidl_generator_py/hunter_msgs/_hunter_msgs_s.ep.rosidl_typesupport_introspection_c.c.o[0m
[2.845s] [ 95%] [32mBuilding C object CMakeFiles/hunter_msgs__rosidl_typesupport_c__pyext.dir/rosidl_generator_py/hunter_msgs/_hunter_msgs_s.ep.rosidl_typesupport_c.c.o[0m
[2.990s] [ 96%] [32m[1mLinking C shared library rosidl_generator_py/hunter_msgs/hunter_msgs_s__rosidl_typesupport_fastrtps_c.cpython-310-x86_64-linux-gnu.so[0m
[2.993s] [ 98%] [32m[1mLinking C shared library rosidl_generator_py/hunter_msgs/hunter_msgs_s__rosidl_typesupport_introspection_c.cpython-310-x86_64-linux-gnu.so[0m
[2.999s] [100%] [32m[1mLinking C shared library rosidl_generator_py/hunter_msgs/hunter_msgs_s__rosidl_typesupport_c.cpython-310-x86_64-linux-gnu.so[0m
[3.056s] [100%] Built target hunter_msgs__rosidl_typesupport_fastrtps_c__pyext
[3.060s] [100%] Built target hunter_msgs__rosidl_typesupport_c__pyext
[3.061s] [100%] Built target hunter_msgs__rosidl_typesupport_introspection_c__pyext
[3.080s] Invoked command in '/home/karch/ws/hunter20_ws/build/hunter_msgs' returned '0': CMAKE_PREFIX_PATH=/home/karch/ws/hokuyo_ws/install/urg_node:/home/karch/ws/hokuyo_ws/install/urg_node_msgs:/home/karch/ws/hokuyo_ws/install/urg_c:/home/karch/ws/hokuyo_ws/install/tfg_pkg:/home/karch/ws/hokuyo_ws/install/robot_status_publisher:/home/karch/ws/hokuyo_ws/install/keyboard_control:/home/karch/ws/hokuyo_ws/install/coppelia_ros2_pkg:/home/karch/ws/hunter20_ws/install/hunter_base:/opt/ros/humble:/home/karch/ws/hunter20_ws/install/ugv_sdk:/home/karch/ws/hunter20_ws/install/hunter_msgs:/home/karch/ws/dev_ws/install/first_pkg /usr/bin/cmake --build /home/karch/ws/hunter20_ws/build/hunter_msgs -- -j16 -l16
[3.356s] Invoking command in '/home/karch/ws/hunter20_ws/build/hunter_msgs': CMAKE_PREFIX_PATH=/home/karch/ws/hokuyo_ws/install/urg_node:/home/karch/ws/hokuyo_ws/install/urg_node_msgs:/home/karch/ws/hokuyo_ws/install/urg_c:/home/karch/ws/hokuyo_ws/install/tfg_pkg:/home/karch/ws/hokuyo_ws/install/robot_status_publisher:/home/karch/ws/hokuyo_ws/install/keyboard_control:/home/karch/ws/hokuyo_ws/install/coppelia_ros2_pkg:/home/karch/ws/hunter20_ws/install/hunter_base:/opt/ros/humble:/home/karch/ws/hunter20_ws/install/ugv_sdk:/home/karch/ws/hunter20_ws/install/hunter_msgs:/home/karch/ws/dev_ws/install/first_pkg /usr/bin/cmake --install /home/karch/ws/hunter20_ws/build/hunter_msgs
[3.368s] -- Install configuration: ""
[3.369s] -- Execute custom install script
[3.369s] -- Up-to-date symlink: /home/karch/ws/hunter20_ws/install/hunter_msgs/share/ament_index/resource_index/rosidl_interfaces/hunter_msgs
[3.371s] -- Up-to-date symlink: /home/karch/ws/hunter20_ws/install/hunter_msgs/include/hunter_msgs/hunter_msgs/msg/detail/hunter_actuator_state__functions.h
[3.371s] -- Up-to-date symlink: /home/karch/ws/hunter20_ws/install/hunter_msgs/include/hunter_msgs/hunter_msgs/msg/detail/hunter_actuator_state__struct.h
[3.371s] -- Up-to-date symlink: /home/karch/ws/hunter20_ws/install/hunter_msgs/include/hunter_msgs/hunter_msgs/msg/detail/hunter_actuator_state__type_support.h
[3.371s] -- Up-to-date symlink: /home/karch/ws/hunter20_ws/install/hunter_msgs/include/hunter_msgs/hunter_msgs/msg/detail/hunter_light_cmd__functions.h
[3.371s] -- Up-to-date symlink: /home/karch/ws/hunter20_ws/install/hunter_msgs/include/hunter_msgs/hunter_msgs/msg/detail/hunter_light_cmd__struct.h
[3.372s] -- Up-to-date symlink: /home/karch/ws/hunter20_ws/install/hunter_msgs/include/hunter_msgs/hunter_msgs/msg/detail/hunter_light_cmd__type_support.h
[3.372s] -- Up-to-date symlink: /home/karch/ws/hunter20_ws/install/hunter_msgs/include/hunter_msgs/hunter_msgs/msg/detail/hunter_light_state__functions.h
[3.372s] -- Up-to-date symlink: /home/karch/ws/hunter20_ws/install/hunter_msgs/include/hunter_msgs/hunter_msgs/msg/detail/hunter_light_state__struct.h
[3.372s] -- Up-to-date symlink: /home/karch/ws/hunter20_ws/install/hunter_msgs/include/hunter_msgs/hunter_msgs/msg/detail/hunter_light_state__type_support.h
[3.372s] -- Up-to-date symlink: /home/karch/ws/hunter20_ws/install/hunter_msgs/include/hunter_msgs/hunter_msgs/msg/detail/hunter_rc_state__functions.h
[3.373s] -- Up-to-date symlink: /home/karch/ws/hunter20_ws/install/hunter_msgs/include/hunter_msgs/hunter_msgs/msg/detail/hunter_rc_state__struct.h
[3.373s] -- Up-to-date symlink: /home/karch/ws/hunter20_ws/install/hunter_msgs/include/hunter_msgs/hunter_msgs/msg/detail/hunter_rc_state__type_support.h
[3.373s] -- Up-to-date symlink: /home/karch/ws/hunter20_ws/install/hunter_msgs/include/hunter_msgs/hunter_msgs/msg/detail/hunter_status__functions.h
[3.373s] -- Up-to-date symlink: /home/karch/ws/hunter20_ws/install/hunter_msgs/include/hunter_msgs/hunter_msgs/msg/detail/hunter_status__struct.h
[3.373s] -- Up-to-date symlink: /home/karch/ws/hunter20_ws/install/hunter_msgs/include/hunter_msgs/hunter_msgs/msg/detail/hunter_status__type_support.h
[3.374s] -- Up-to-date symlink: /home/karch/ws/hunter20_ws/install/hunter_msgs/include/hunter_msgs/hunter_msgs/msg/hunter_actuator_state.h
[3.374s] -- Up-to-date symlink: /home/karch/ws/hunter20_ws/install/hunter_msgs/include/hunter_msgs/hunter_msgs/msg/hunter_light_cmd.h
[3.374s] -- Up-to-date symlink: /home/karch/ws/hunter20_ws/install/hunter_msgs/include/hunter_msgs/hunter_msgs/msg/hunter_light_state.h
[3.374s] -- Up-to-date symlink: /home/karch/ws/hunter20_ws/install/hunter_msgs/include/hunter_msgs/hunter_msgs/msg/hunter_rc_state.h
[3.374s] -- Up-to-date symlink: /home/karch/ws/hunter20_ws/install/hunter_msgs/include/hunter_msgs/hunter_msgs/msg/hunter_status.h
[3.375s] -- Up-to-date symlink: /home/karch/ws/hunter20_ws/install/hunter_msgs/include/hunter_msgs/hunter_msgs/msg/rosidl_generator_c__visibility_control.h
[3.376s] -- Up-to-date symlink: /home/karch/ws/hunter20_ws/install/hunter_msgs/share/hunter_msgs/environment/library_path.sh
[3.376s] -- Up-to-date symlink: /home/karch/ws/hunter20_ws/install/hunter_msgs/share/hunter_msgs/environment/library_path.dsv
[3.377s] -- Up-to-date symlink: /home/karch/ws/hunter20_ws/install/hunter_msgs/include/hunter_msgs/hunter_msgs/msg/detail/hunter_actuator_state__rosidl_typesupport_fastrtps_c.h
[3.377s] -- Up-to-date symlink: /home/karch/ws/hunter20_ws/install/hunter_msgs/include/hunter_msgs/hunter_msgs/msg/detail/hunter_light_cmd__rosidl_typesupport_fastrtps_c.h
[3.377s] -- Up-to-date symlink: /home/karch/ws/hunter20_ws/install/hunter_msgs/include/hunter_msgs/hunter_msgs/msg/detail/hunter_light_state__rosidl_typesupport_fastrtps_c.h
[3.377s] -- Up-to-date symlink: /home/karch/ws/hunter20_ws/install/hunter_msgs/include/hunter_msgs/hunter_msgs/msg/detail/hunter_rc_state__rosidl_typesupport_fastrtps_c.h
[3.377s] -- Up-to-date symlink: /home/karch/ws/hunter20_ws/install/hunter_msgs/include/hunter_msgs/hunter_msgs/msg/detail/hunter_status__rosidl_typesupport_fastrtps_c.h
[3.378s] -- Up-to-date symlink: /home/karch/ws/hunter20_ws/install/hunter_msgs/include/hunter_msgs/hunter_msgs/msg/rosidl_typesupport_fastrtps_c__visibility_control.h
[3.379s] -- Up-to-date symlink: /home/karch/ws/hunter20_ws/install/hunter_msgs/include/hunter_msgs/hunter_msgs/msg/detail/hunter_actuator_state__builder.hpp
[3.379s] -- Up-to-date symlink: /home/karch/ws/hunter20_ws/install/hunter_msgs/include/hunter_msgs/hunter_msgs/msg/detail/hunter_actuator_state__struct.hpp
[3.379s] -- Up-to-date symlink: /home/karch/ws/hunter20_ws/install/hunter_msgs/include/hunter_msgs/hunter_msgs/msg/detail/hunter_actuator_state__traits.hpp
[3.379s] -- Up-to-date symlink: /home/karch/ws/hunter20_ws/install/hunter_msgs/include/hunter_msgs/hunter_msgs/msg/detail/hunter_light_cmd__builder.hpp
[3.379s] -- Up-to-date symlink: /home/karch/ws/hunter20_ws/install/hunter_msgs/include/hunter_msgs/hunter_msgs/msg/detail/hunter_light_cmd__struct.hpp
[3.380s] -- Up-to-date symlink: /home/karch/ws/hunter20_ws/install/hunter_msgs/include/hunter_msgs/hunter_msgs/msg/detail/hunter_light_cmd__traits.hpp
[3.380s] -- Up-to-date symlink: /home/karch/ws/hunter20_ws/install/hunter_msgs/include/hunter_msgs/hunter_msgs/msg/detail/hunter_light_state__builder.hpp
[3.380s] -- Up-to-date symlink: /home/karch/ws/hunter20_ws/install/hunter_msgs/include/hunter_msgs/hunter_msgs/msg/detail/hunter_light_state__struct.hpp
[3.381s] -- Up-to-date symlink: /home/karch/ws/hunter20_ws/install/hunter_msgs/include/hunter_msgs/hunter_msgs/msg/detail/hunter_light_state__traits.hpp
[3.381s] -- Up-to-date symlink: /home/karch/ws/hunter20_ws/install/hunter_msgs/include/hunter_msgs/hunter_msgs/msg/detail/hunter_rc_state__builder.hpp
[3.381s] -- Up-to-date symlink: /home/karch/ws/hunter20_ws/install/hunter_msgs/include/hunter_msgs/hunter_msgs/msg/detail/hunter_rc_state__struct.hpp
[3.381s] -- Up-to-date symlink: /home/karch/ws/hunter20_ws/install/hunter_msgs/include/hunter_msgs/hunter_msgs/msg/detail/hunter_rc_state__traits.hpp
[3.382s] -- Up-to-date symlink: /home/karch/ws/hunter20_ws/install/hunter_msgs/include/hunter_msgs/hunter_msgs/msg/detail/hunter_status__builder.hpp
[3.382s] -- Up-to-date symlink: /home/karch/ws/hunter20_ws/install/hunter_msgs/include/hunter_msgs/hunter_msgs/msg/detail/hunter_status__struct.hpp
[3.382s] -- Up-to-date symlink: /home/karch/ws/hunter20_ws/install/hunter_msgs/include/hunter_msgs/hunter_msgs/msg/detail/hunter_status__traits.hpp
[3.383s] -- Up-to-date symlink: /home/karch/ws/hunter20_ws/install/hunter_msgs/include/hunter_msgs/hunter_msgs/msg/hunter_actuator_state.hpp
[3.383s] -- Up-to-date symlink: /home/karch/ws/hunter20_ws/install/hunter_msgs/include/hunter_msgs/hunter_msgs/msg/hunter_light_cmd.hpp
[3.383s] -- Up-to-date symlink: /home/karch/ws/hunter20_ws/install/hunter_msgs/include/hunter_msgs/hunter_msgs/msg/hunter_light_state.hpp
[3.383s] -- Up-to-date symlink: /home/karch/ws/hunter20_ws/install/hunter_msgs/include/hunter_msgs/hunter_msgs/msg/hunter_rc_state.hpp
[3.383s] -- Up-to-date symlink: /home/karch/ws/hunter20_ws/install/hunter_msgs/include/hunter_msgs/hunter_msgs/msg/hunter_status.hpp
[3.384s] -- Up-to-date symlink: /home/karch/ws/hunter20_ws/install/hunter_msgs/include/hunter_msgs/hunter_msgs/msg/detail/hunter_actuator_state__rosidl_typesupport_fastrtps_cpp.hpp
[3.385s] -- Up-to-date symlink: /home/karch/ws/hunter20_ws/install/hunter_msgs/include/hunter_msgs/hunter_msgs/msg/detail/hunter_light_cmd__rosidl_typesupport_fastrtps_cpp.hpp
[3.385s] -- Up-to-date symlink: /home/karch/ws/hunter20_ws/install/hunter_msgs/include/hunter_msgs/hunter_msgs/msg/detail/hunter_light_state__rosidl_typesupport_fastrtps_cpp.hpp
[3.385s] -- Up-to-date symlink: /home/karch/ws/hunter20_ws/install/hunter_msgs/include/hunter_msgs/hunter_msgs/msg/detail/hunter_rc_state__rosidl_typesupport_fastrtps_cpp.hpp
[3.385s] -- Up-to-date symlink: /home/karch/ws/hunter20_ws/install/hunter_msgs/include/hunter_msgs/hunter_msgs/msg/detail/hunter_status__rosidl_typesupport_fastrtps_cpp.hpp
[3.385s] -- Up-to-date symlink: /home/karch/ws/hunter20_ws/install/hunter_msgs/include/hunter_msgs/hunter_msgs/msg/rosidl_typesupport_fastrtps_cpp__visibility_control.h
[3.386s] -- Up-to-date symlink: /home/karch/ws/hunter20_ws/install/hunter_msgs/include/hunter_msgs/hunter_msgs/msg/detail/hunter_actuator_state__rosidl_typesupport_introspection_c.h
[3.386s] -- Up-to-date symlink: /home/karch/ws/hunter20_ws/install/hunter_msgs/include/hunter_msgs/hunter_msgs/msg/detail/hunter_light_cmd__rosidl_typesupport_introspection_c.h
[3.386s] -- Up-to-date symlink: /home/karch/ws/hunter20_ws/install/hunter_msgs/include/hunter_msgs/hunter_msgs/msg/detail/hunter_light_state__rosidl_typesupport_introspection_c.h
[3.386s] -- Up-to-date symlink: /home/karch/ws/hunter20_ws/install/hunter_msgs/include/hunter_msgs/hunter_msgs/msg/detail/hunter_rc_state__rosidl_typesupport_introspection_c.h
[3.387s] -- Up-to-date symlink: /home/karch/ws/hunter20_ws/install/hunter_msgs/include/hunter_msgs/hunter_msgs/msg/detail/hunter_status__rosidl_typesupport_introspection_c.h
[3.387s] -- Up-to-date symlink: /home/karch/ws/hunter20_ws/install/hunter_msgs/include/hunter_msgs/hunter_msgs/msg/rosidl_typesupport_introspection_c__visibility_control.h
[3.387s] -- Up-to-date symlink: /home/karch/ws/hunter20_ws/install/hunter_msgs/include/hunter_msgs/hunter_msgs/msg/detail/hunter_actuator_state__rosidl_typesupport_introspection_cpp.hpp
[3.388s] -- Up-to-date symlink: /home/karch/ws/hunter20_ws/install/hunter_msgs/include/hunter_msgs/hunter_msgs/msg/detail/hunter_light_cmd__rosidl_typesupport_introspection_cpp.hpp
[3.388s] -- Up-to-date symlink: /home/karch/ws/hunter20_ws/install/hunter_msgs/include/hunter_msgs/hunter_msgs/msg/detail/hunter_light_state__rosidl_typesupport_introspection_cpp.hpp
[3.388s] -- Up-to-date symlink: /home/karch/ws/hunter20_ws/install/hunter_msgs/include/hunter_msgs/hunter_msgs/msg/detail/hunter_rc_state__rosidl_typesupport_introspection_cpp.hpp
[3.388s] -- Up-to-date symlink: /home/karch/ws/hunter20_ws/install/hunter_msgs/include/hunter_msgs/hunter_msgs/msg/detail/hunter_status__rosidl_typesupport_introspection_cpp.hpp
[3.388s] -- Up-to-date symlink: /home/karch/ws/hunter20_ws/install/hunter_msgs/share/hunter_msgs/environment/pythonpath.sh
[3.389s] -- Up-to-date symlink: /home/karch/ws/hunter20_ws/install/hunter_msgs/share/hunter_msgs/environment/pythonpath.dsv
[3.389s] -- Up-to-date symlink: /home/karch/ws/hunter20_ws/install/hunter_msgs/local/lib/python3.10/dist-packages/hunter_msgs-0.0.1-py3.10.egg-info/PKG-INFO
[3.389s] -- Up-to-date symlink: /home/karch/ws/hunter20_ws/install/hunter_msgs/local/lib/python3.10/dist-packages/hunter_msgs-0.0.1-py3.10.egg-info/SOURCES.txt
[3.389s] -- Up-to-date symlink: /home/karch/ws/hunter20_ws/install/hunter_msgs/local/lib/python3.10/dist-packages/hunter_msgs-0.0.1-py3.10.egg-info/dependency_links.txt
[3.390s] -- Up-to-date symlink: /home/karch/ws/hunter20_ws/install/hunter_msgs/local/lib/python3.10/dist-packages/hunter_msgs-0.0.1-py3.10.egg-info/top_level.txt
[3.391s] -- Up-to-date symlink: /home/karch/ws/hunter20_ws/install/hunter_msgs/local/lib/python3.10/dist-packages/hunter_msgs/__init__.py
[3.391s] -- Up-to-date symlink: /home/karch/ws/hunter20_ws/install/hunter_msgs/local/lib/python3.10/dist-packages/hunter_msgs/_hunter_msgs_s.ep.rosidl_typesupport_c.c
[3.391s] -- Up-to-date symlink: /home/karch/ws/hunter20_ws/install/hunter_msgs/local/lib/python3.10/dist-packages/hunter_msgs/_hunter_msgs_s.ep.rosidl_typesupport_fastrtps_c.c
[3.391s] -- Up-to-date symlink: /home/karch/ws/hunter20_ws/install/hunter_msgs/local/lib/python3.10/dist-packages/hunter_msgs/_hunter_msgs_s.ep.rosidl_typesupport_introspection_c.c
[3.391s] -- Up-to-date symlink: /home/karch/ws/hunter20_ws/install/hunter_msgs/local/lib/python3.10/dist-packages/hunter_msgs/hunter_msgs_s__rosidl_typesupport_c.cpython-310-x86_64-linux-gnu.so
[3.391s] -- Up-to-date symlink: /home/karch/ws/hunter20_ws/install/hunter_msgs/local/lib/python3.10/dist-packages/hunter_msgs/hunter_msgs_s__rosidl_typesupport_fastrtps_c.cpython-310-x86_64-linux-gnu.so
[3.392s] -- Up-to-date symlink: /home/karch/ws/hunter20_ws/install/hunter_msgs/local/lib/python3.10/dist-packages/hunter_msgs/hunter_msgs_s__rosidl_typesupport_introspection_c.cpython-310-x86_64-linux-gnu.so
[3.392s] -- Up-to-date symlink: /home/karch/ws/hunter20_ws/install/hunter_msgs/local/lib/python3.10/dist-packages/hunter_msgs/libhunter_msgs__rosidl_generator_py.so
[3.392s] -- Up-to-date symlink: /home/karch/ws/hunter20_ws/install/hunter_msgs/local/lib/python3.10/dist-packages/hunter_msgs/msg/__init__.py
[3.392s] -- Up-to-date symlink: /home/karch/ws/hunter20_ws/install/hunter_msgs/local/lib/python3.10/dist-packages/hunter_msgs/msg/_hunter_actuator_state.py
[3.392s] -- Up-to-date symlink: /home/karch/ws/hunter20_ws/install/hunter_msgs/local/lib/python3.10/dist-packages/hunter_msgs/msg/_hunter_actuator_state_s.c
[3.393s] -- Up-to-date symlink: /home/karch/ws/hunter20_ws/install/hunter_msgs/local/lib/python3.10/dist-packages/hunter_msgs/msg/_hunter_light_cmd.py
[3.393s] -- Up-to-date symlink: /home/karch/ws/hunter20_ws/install/hunter_msgs/local/lib/python3.10/dist-packages/hunter_msgs/msg/_hunter_light_cmd_s.c
[3.393s] -- Up-to-date symlink: /home/karch/ws/hunter20_ws/install/hunter_msgs/local/lib/python3.10/dist-packages/hunter_msgs/msg/_hunter_light_state.py
[3.393s] -- Up-to-date symlink: /home/karch/ws/hunter20_ws/install/hunter_msgs/local/lib/python3.10/dist-packages/hunter_msgs/msg/_hunter_light_state_s.c
[3.393s] -- Up-to-date symlink: /home/karch/ws/hunter20_ws/install/hunter_msgs/local/lib/python3.10/dist-packages/hunter_msgs/msg/_hunter_rc_state.py
[3.394s] -- Up-to-date symlink: /home/karch/ws/hunter20_ws/install/hunter_msgs/local/lib/python3.10/dist-packages/hunter_msgs/msg/_hunter_rc_state_s.c
[3.394s] -- Up-to-date symlink: /home/karch/ws/hunter20_ws/install/hunter_msgs/local/lib/python3.10/dist-packages/hunter_msgs/msg/_hunter_status.py
[3.394s] -- Up-to-date symlink: /home/karch/ws/hunter20_ws/install/hunter_msgs/local/lib/python3.10/dist-packages/hunter_msgs/msg/_hunter_status_s.c
[3.395s] -- Up-to-date symlink: /home/karch/ws/hunter20_ws/install/hunter_msgs/local/lib/python3.10/dist-packages/hunter_msgs/hunter_msgs_s__rosidl_typesupport_fastrtps_c.cpython-310-x86_64-linux-gnu.so
[3.395s] -- Up-to-date symlink: /home/karch/ws/hunter20_ws/install/hunter_msgs/local/lib/python3.10/dist-packages/hunter_msgs/hunter_msgs_s__rosidl_typesupport_introspection_c.cpython-310-x86_64-linux-gnu.so
[3.395s] -- Up-to-date symlink: /home/karch/ws/hunter20_ws/install/hunter_msgs/local/lib/python3.10/dist-packages/hunter_msgs/hunter_msgs_s__rosidl_typesupport_c.cpython-310-x86_64-linux-gnu.so
[3.395s] -- Up-to-date symlink: /home/karch/ws/hunter20_ws/install/hunter_msgs/share/hunter_msgs/msg/HunterActuatorState.idl
[3.396s] -- Up-to-date symlink: /home/karch/ws/hunter20_ws/install/hunter_msgs/share/hunter_msgs/msg/HunterLightCmd.idl
[3.396s] -- Up-to-date symlink: /home/karch/ws/hunter20_ws/install/hunter_msgs/share/hunter_msgs/msg/HunterLightState.idl
[3.396s] -- Up-to-date symlink: /home/karch/ws/hunter20_ws/install/hunter_msgs/share/hunter_msgs/msg/HunterRCState.idl
[3.396s] -- Up-to-date symlink: /home/karch/ws/hunter20_ws/install/hunter_msgs/share/hunter_msgs/msg/HunterStatus.idl
[3.397s] -- Up-to-date symlink: /home/karch/ws/hunter20_ws/install/hunter_msgs/share/hunter_msgs/msg/HunterActuatorState.msg
[3.397s] -- Up-to-date symlink: /home/karch/ws/hunter20_ws/install/hunter_msgs/share/hunter_msgs/msg/HunterLightCmd.msg
[3.397s] -- Up-to-date symlink: /home/karch/ws/hunter20_ws/install/hunter_msgs/share/hunter_msgs/msg/HunterLightState.msg
[3.397s] -- Up-to-date symlink: /home/karch/ws/hunter20_ws/install/hunter_msgs/share/hunter_msgs/msg/HunterRCState.msg
[3.397s] -- Up-to-date symlink: /home/karch/ws/hunter20_ws/install/hunter_msgs/share/hunter_msgs/msg/HunterStatus.msg
[3.398s] -- Up-to-date symlink: /home/karch/ws/hunter20_ws/install/hunter_msgs/share/ament_index/resource_index/package_run_dependencies/hunter_msgs
[3.398s] -- Up-to-date symlink: /home/karch/ws/hunter20_ws/install/hunter_msgs/share/ament_index/resource_index/parent_prefix_path/hunter_msgs
[3.398s] -- Up-to-date symlink: /home/karch/ws/hunter20_ws/install/hunter_msgs/share/hunter_msgs/environment/ament_prefix_path.sh
[3.399s] -- Up-to-date symlink: /home/karch/ws/hunter20_ws/install/hunter_msgs/share/hunter_msgs/environment/ament_prefix_path.dsv
[3.399s] -- Up-to-date symlink: /home/karch/ws/hunter20_ws/install/hunter_msgs/share/hunter_msgs/environment/path.sh
[3.399s] -- Up-to-date symlink: /home/karch/ws/hunter20_ws/install/hunter_msgs/share/hunter_msgs/environment/path.dsv
[3.399s] -- Up-to-date symlink: /home/karch/ws/hunter20_ws/install/hunter_msgs/share/hunter_msgs/local_setup.bash
[3.399s] -- Up-to-date symlink: /home/karch/ws/hunter20_ws/install/hunter_msgs/share/hunter_msgs/local_setup.sh
[3.400s] -- Up-to-date symlink: /home/karch/ws/hunter20_ws/install/hunter_msgs/share/hunter_msgs/local_setup.zsh
[3.400s] -- Up-to-date symlink: /home/karch/ws/hunter20_ws/install/hunter_msgs/share/hunter_msgs/local_setup.dsv
[3.400s] -- Symlinking: /home/karch/ws/hunter20_ws/install/hunter_msgs/share/hunter_msgs/package.dsv
[3.415s] -- Up-to-date symlink: /home/karch/ws/hunter20_ws/install/hunter_msgs/share/ament_index/resource_index/packages/hunter_msgs
[3.415s] -- Up-to-date symlink: /home/karch/ws/hunter20_ws/install/hunter_msgs/share/hunter_msgs/cmake/rosidl_cmake-extras.cmake
[3.415s] -- Up-to-date symlink: /home/karch/ws/hunter20_ws/install/hunter_msgs/share/hunter_msgs/cmake/ament_cmake_export_dependencies-extras.cmake
[3.416s] -- Up-to-date symlink: /home/karch/ws/hunter20_ws/install/hunter_msgs/share/hunter_msgs/cmake/ament_cmake_export_include_directories-extras.cmake
[3.416s] -- Up-to-date symlink: /home/karch/ws/hunter20_ws/install/hunter_msgs/share/hunter_msgs/cmake/ament_cmake_export_libraries-extras.cmake
[3.416s] -- Up-to-date symlink: /home/karch/ws/hunter20_ws/install/hunter_msgs/share/hunter_msgs/cmake/ament_cmake_export_targets-extras.cmake
[3.416s] -- Up-to-date symlink: /home/karch/ws/hunter20_ws/install/hunter_msgs/share/hunter_msgs/cmake/rosidl_cmake_export_typesupport_targets-extras.cmake
[3.417s] -- Up-to-date symlink: /home/karch/ws/hunter20_ws/install/hunter_msgs/share/hunter_msgs/cmake/rosidl_cmake_export_typesupport_libraries-extras.cmake
[3.417s] -- Up-to-date symlink: /home/karch/ws/hunter20_ws/install/hunter_msgs/share/hunter_msgs/cmake/hunter_msgsConfig.cmake
[3.417s] -- Up-to-date symlink: /home/karch/ws/hunter20_ws/install/hunter_msgs/share/hunter_msgs/cmake/hunter_msgsConfig-version.cmake
[3.417s] -- Up-to-date symlink: /home/karch/ws/hunter20_ws/install/hunter_msgs/share/hunter_msgs/package.xml
[3.418s] -- Installing: /home/karch/ws/hunter20_ws/install/hunter_msgs/lib/libhunter_msgs__rosidl_generator_c.so
[3.419s] -- Set runtime path of "/home/karch/ws/hunter20_ws/install/hunter_msgs/lib/libhunter_msgs__rosidl_generator_c.so" to ""
[3.420s] -- Installing: /home/karch/ws/hunter20_ws/install/hunter_msgs/lib/libhunter_msgs__rosidl_typesupport_fastrtps_c.so
[3.420s] -- Set runtime path of "/home/karch/ws/hunter20_ws/install/hunter_msgs/lib/libhunter_msgs__rosidl_typesupport_fastrtps_c.so" to ""
[3.420s] -- Installing: /home/karch/ws/hunter20_ws/install/hunter_msgs/lib/libhunter_msgs__rosidl_typesupport_fastrtps_cpp.so
[3.421s] -- Set runtime path of "/home/karch/ws/hunter20_ws/install/hunter_msgs/lib/libhunter_msgs__rosidl_typesupport_fastrtps_cpp.so" to ""
[3.421s] -- Installing: /home/karch/ws/hunter20_ws/install/hunter_msgs/lib/libhunter_msgs__rosidl_typesupport_introspection_c.so
[3.422s] -- Set runtime path of "/home/karch/ws/hunter20_ws/install/hunter_msgs/lib/libhunter_msgs__rosidl_typesupport_introspection_c.so" to ""
[3.422s] -- Installing: /home/karch/ws/hunter20_ws/install/hunter_msgs/lib/libhunter_msgs__rosidl_typesupport_c.so
[3.422s] -- Set runtime path of "/home/karch/ws/hunter20_ws/install/hunter_msgs/lib/libhunter_msgs__rosidl_typesupport_c.so" to ""
[3.423s] -- Installing: /home/karch/ws/hunter20_ws/install/hunter_msgs/lib/libhunter_msgs__rosidl_typesupport_introspection_cpp.so
[3.423s] -- Set runtime path of "/home/karch/ws/hunter20_ws/install/hunter_msgs/lib/libhunter_msgs__rosidl_typesupport_introspection_cpp.so" to ""
[3.423s] -- Installing: /home/karch/ws/hunter20_ws/install/hunter_msgs/lib/libhunter_msgs__rosidl_typesupport_cpp.so
[3.424s] -- Set runtime path of "/home/karch/ws/hunter20_ws/install/hunter_msgs/lib/libhunter_msgs__rosidl_typesupport_cpp.so" to ""
[3.465s] Listing '/home/karch/ws/hunter20_ws/install/hunter_msgs/local/lib/python3.10/dist-packages/hunter_msgs'...
[3.465s] Listing '/home/karch/ws/hunter20_ws/install/hunter_msgs/local/lib/python3.10/dist-packages/hunter_msgs/msg'...
[3.470s] -- Installing: /home/karch/ws/hunter20_ws/install/hunter_msgs/lib/libhunter_msgs__rosidl_generator_py.so
[3.471s] -- Set runtime path of "/home/karch/ws/hunter20_ws/install/hunter_msgs/lib/libhunter_msgs__rosidl_generator_py.so" to ""
[3.472s] -- Up-to-date: /home/karch/ws/hunter20_ws/install/hunter_msgs/share/hunter_msgs/cmake/export_hunter_msgs__rosidl_generator_cExport.cmake
[3.472s] -- Up-to-date: /home/karch/ws/hunter20_ws/install/hunter_msgs/share/hunter_msgs/cmake/export_hunter_msgs__rosidl_generator_cExport-noconfig.cmake
[3.472s] -- Up-to-date: /home/karch/ws/hunter20_ws/install/hunter_msgs/share/hunter_msgs/cmake/export_hunter_msgs__rosidl_typesupport_fastrtps_cExport.cmake
[3.472s] -- Up-to-date: /home/karch/ws/hunter20_ws/install/hunter_msgs/share/hunter_msgs/cmake/export_hunter_msgs__rosidl_typesupport_fastrtps_cExport-noconfig.cmake
[3.472s] -- Up-to-date: /home/karch/ws/hunter20_ws/install/hunter_msgs/share/hunter_msgs/cmake/export_hunter_msgs__rosidl_generator_cppExport.cmake
[3.473s] -- Up-to-date: /home/karch/ws/hunter20_ws/install/hunter_msgs/share/hunter_msgs/cmake/export_hunter_msgs__rosidl_typesupport_fastrtps_cppExport.cmake
[3.473s] -- Up-to-date: /home/karch/ws/hunter20_ws/install/hunter_msgs/share/hunter_msgs/cmake/export_hunter_msgs__rosidl_typesupport_fastrtps_cppExport-noconfig.cmake
[3.473s] -- Up-to-date: /home/karch/ws/hunter20_ws/install/hunter_msgs/share/hunter_msgs/cmake/hunter_msgs__rosidl_typesupport_introspection_cExport.cmake
[3.473s] -- Up-to-date: /home/karch/ws/hunter20_ws/install/hunter_msgs/share/hunter_msgs/cmake/hunter_msgs__rosidl_typesupport_introspection_cExport-noconfig.cmake
[3.473s] -- Up-to-date: /home/karch/ws/hunter20_ws/install/hunter_msgs/share/hunter_msgs/cmake/hunter_msgs__rosidl_typesupport_cExport.cmake
[3.473s] -- Up-to-date: /home/karch/ws/hunter20_ws/install/hunter_msgs/share/hunter_msgs/cmake/hunter_msgs__rosidl_typesupport_cExport-noconfig.cmake
[3.474s] -- Up-to-date: /home/karch/ws/hunter20_ws/install/hunter_msgs/share/hunter_msgs/cmake/hunter_msgs__rosidl_typesupport_introspection_cppExport.cmake
[3.474s] -- Up-to-date: /home/karch/ws/hunter20_ws/install/hunter_msgs/share/hunter_msgs/cmake/hunter_msgs__rosidl_typesupport_introspection_cppExport-noconfig.cmake
[3.474s] -- Up-to-date: /home/karch/ws/hunter20_ws/install/hunter_msgs/share/hunter_msgs/cmake/hunter_msgs__rosidl_typesupport_cppExport.cmake
[3.474s] -- Up-to-date: /home/karch/ws/hunter20_ws/install/hunter_msgs/share/hunter_msgs/cmake/hunter_msgs__rosidl_typesupport_cppExport-noconfig.cmake
[3.474s] -- Up-to-date: /home/karch/ws/hunter20_ws/install/hunter_msgs/share/hunter_msgs/cmake/export_hunter_msgs__rosidl_generator_pyExport.cmake
[3.475s] -- Up-to-date: /home/karch/ws/hunter20_ws/install/hunter_msgs/share/hunter_msgs/cmake/export_hunter_msgs__rosidl_generator_pyExport-noconfig.cmake
[3.478s] Invoked command in '/home/karch/ws/hunter20_ws/build/hunter_msgs' returned '0': CMAKE_PREFIX_PATH=/home/karch/ws/hokuyo_ws/install/urg_node:/home/karch/ws/hokuyo_ws/install/urg_node_msgs:/home/karch/ws/hokuyo_ws/install/urg_c:/home/karch/ws/hokuyo_ws/install/tfg_pkg:/home/karch/ws/hokuyo_ws/install/robot_status_publisher:/home/karch/ws/hokuyo_ws/install/keyboard_control:/home/karch/ws/hokuyo_ws/install/coppelia_ros2_pkg:/home/karch/ws/hunter20_ws/install/hunter_base:/opt/ros/humble:/home/karch/ws/hunter20_ws/install/ugv_sdk:/home/karch/ws/hunter20_ws/install/hunter_msgs:/home/karch/ws/dev_ws/install/first_pkg /usr/bin/cmake --install /home/karch/ws/hunter20_ws/build/hunter_msgs
