[0.217s] DEBUG:colcon:Command line arguments: ['/usr/bin/colcon', 'build', '--symlink-install']
[0.217s] DEBUG:colcon:Parsed command line arguments: Namespace(log_base=None, log_level=None, verb_name='build', build_base='build', install_base='install', merge_install=False, symlink_install=True, test_result_base=None, continue_on_error=False, executor='parallel', parallel_workers=16, event_handlers=None, ignore_user_meta=False, metas=['./colcon.meta'], base_paths=['.'], packages_ignore=None, packages_ignore_regex=None, paths=None, packages_up_to=None, packages_up_to_regex=None, packages_above=None, packages_above_and_dependencies=None, packages_above_depth=None, packages_select_by_dep=None, packages_skip_by_dep=None, packages_skip_up_to=None, packages_select_build_failed=False, packages_skip_build_finished=False, packages_select_test_failures=False, packages_skip_test_passed=False, packages_select=None, packages_skip=None, packages_select_regex=None, packages_skip_regex=None, packages_start=None, packages_end=None, allow_overriding=[], cmake_args=None, cmake_target=None, cmake_target_skip_unavailable=False, cmake_clean_cache=False, cmake_clean_first=False, cmake_force_configure=False, ament_cmake_args=None, catkin_cmake_args=None, catkin_skip_building_tests=False, verb_parser=<colcon_defaults.argument_parser.defaults.DefaultArgumentsDecorator object at 0x7fe4e63270d0>, verb_extension=<colcon_core.verb.build.BuildVerb object at 0x7fe4e658eb90>, main=<bound method BuildVerb.main of <colcon_core.verb.build.BuildVerb object at 0x7fe4e658eb90>>)
[0.244s] Level 1:colcon.colcon_core.package_discovery:discover_packages(colcon_meta) check parameters
[0.244s] Level 1:colcon.colcon_core.package_discovery:discover_packages(recursive) check parameters
[0.244s] Level 1:colcon.colcon_core.package_discovery:discover_packages(ignore) check parameters
[0.244s] Level 1:colcon.colcon_core.package_discovery:discover_packages(path) check parameters
[0.244s] Level 1:colcon.colcon_core.package_discovery:discover_packages(colcon_meta) discover
[0.244s] Level 1:colcon.colcon_core.package_discovery:discover_packages(recursive) discover
[0.244s] INFO:colcon.colcon_core.package_discovery:Crawling recursively for packages in '/home/karch/ws/hunter20_ws'
[0.244s] Level 1:colcon.colcon_core.package_identification:_identify(.) by extensions ['ignore', 'ignore_ament_install']
[0.244s] Level 1:colcon.colcon_core.package_identification:_identify(.) by extension 'ignore'
[0.245s] Level 1:colcon.colcon_core.package_identification:_identify(.) by extension 'ignore_ament_install'
[0.245s] Level 1:colcon.colcon_core.package_identification:_identify(.) by extensions ['colcon_pkg']
[0.245s] Level 1:colcon.colcon_core.package_identification:_identify(.) by extension 'colcon_pkg'
[0.245s] Level 1:colcon.colcon_core.package_identification:_identify(.) by extensions ['colcon_meta']
[0.245s] Level 1:colcon.colcon_core.package_identification:_identify(.) by extension 'colcon_meta'
[0.245s] Level 1:colcon.colcon_core.package_identification:_identify(.) by extensions ['ros']
[0.245s] Level 1:colcon.colcon_core.package_identification:_identify(.) by extension 'ros'
[0.253s] Level 1:colcon.colcon_core.package_identification:_identify(.) by extensions ['cmake', 'python']
[0.253s] Level 1:colcon.colcon_core.package_identification:_identify(.) by extension 'cmake'
[0.253s] Level 1:colcon.colcon_core.package_identification:_identify(.) by extension 'python'
[0.253s] Level 1:colcon.colcon_core.package_identification:_identify(.) by extensions ['python_setup_py']
[0.253s] Level 1:colcon.colcon_core.package_identification:_identify(.) by extension 'python_setup_py'
[0.254s] Level 1:colcon.colcon_core.package_identification:_identify(build) by extensions ['ignore', 'ignore_ament_install']
[0.254s] Level 1:colcon.colcon_core.package_identification:_identify(build) by extension 'ignore'
[0.254s] Level 1:colcon.colcon_core.package_identification:_identify(build) ignored
[0.254s] Level 1:colcon.colcon_core.package_identification:_identify(install) by extensions ['ignore', 'ignore_ament_install']
[0.254s] Level 1:colcon.colcon_core.package_identification:_identify(install) by extension 'ignore'
[0.254s] Level 1:colcon.colcon_core.package_identification:_identify(install) ignored
[0.254s] Level 1:colcon.colcon_core.package_identification:_identify(log) by extensions ['ignore', 'ignore_ament_install']
[0.254s] Level 1:colcon.colcon_core.package_identification:_identify(log) by extension 'ignore'
[0.254s] Level 1:colcon.colcon_core.package_identification:_identify(log) ignored
[0.254s] Level 1:colcon.colcon_core.package_identification:_identify(src) by extensions ['ignore', 'ignore_ament_install']
[0.254s] Level 1:colcon.colcon_core.package_identification:_identify(src) by extension 'ignore'
[0.254s] Level 1:colcon.colcon_core.package_identification:_identify(src) by extension 'ignore_ament_install'
[0.254s] Level 1:colcon.colcon_core.package_identification:_identify(src) by extensions ['colcon_pkg']
[0.254s] Level 1:colcon.colcon_core.package_identification:_identify(src) by extension 'colcon_pkg'
[0.254s] Level 1:colcon.colcon_core.package_identification:_identify(src) by extensions ['colcon_meta']
[0.254s] Level 1:colcon.colcon_core.package_identification:_identify(src) by extension 'colcon_meta'
[0.254s] Level 1:colcon.colcon_core.package_identification:_identify(src) by extensions ['ros']
[0.254s] Level 1:colcon.colcon_core.package_identification:_identify(src) by extension 'ros'
[0.254s] Level 1:colcon.colcon_core.package_identification:_identify(src) by extensions ['cmake', 'python']
[0.254s] Level 1:colcon.colcon_core.package_identification:_identify(src) by extension 'cmake'
[0.254s] Level 1:colcon.colcon_core.package_identification:_identify(src) by extension 'python'
[0.254s] Level 1:colcon.colcon_core.package_identification:_identify(src) by extensions ['python_setup_py']
[0.254s] Level 1:colcon.colcon_core.package_identification:_identify(src) by extension 'python_setup_py'
[0.254s] Level 1:colcon.colcon_core.package_identification:_identify(src/hunter_ros2) by extensions ['ignore', 'ignore_ament_install']
[0.255s] Level 1:colcon.colcon_core.package_identification:_identify(src/hunter_ros2) by extension 'ignore'
[0.255s] Level 1:colcon.colcon_core.package_identification:_identify(src/hunter_ros2) by extension 'ignore_ament_install'
[0.255s] Level 1:colcon.colcon_core.package_identification:_identify(src/hunter_ros2) by extensions ['colcon_pkg']
[0.255s] Level 1:colcon.colcon_core.package_identification:_identify(src/hunter_ros2) by extension 'colcon_pkg'
[0.255s] Level 1:colcon.colcon_core.package_identification:_identify(src/hunter_ros2) by extensions ['colcon_meta']
[0.255s] Level 1:colcon.colcon_core.package_identification:_identify(src/hunter_ros2) by extension 'colcon_meta'
[0.255s] Level 1:colcon.colcon_core.package_identification:_identify(src/hunter_ros2) by extensions ['ros']
[0.255s] Level 1:colcon.colcon_core.package_identification:_identify(src/hunter_ros2) by extension 'ros'
[0.255s] Level 1:colcon.colcon_core.package_identification:_identify(src/hunter_ros2) by extensions ['cmake', 'python']
[0.255s] Level 1:colcon.colcon_core.package_identification:_identify(src/hunter_ros2) by extension 'cmake'
[0.255s] Level 1:colcon.colcon_core.package_identification:_identify(src/hunter_ros2) by extension 'python'
[0.255s] Level 1:colcon.colcon_core.package_identification:_identify(src/hunter_ros2) by extensions ['python_setup_py']
[0.255s] Level 1:colcon.colcon_core.package_identification:_identify(src/hunter_ros2) by extension 'python_setup_py'
[0.255s] Level 1:colcon.colcon_core.package_identification:_identify(src/hunter_ros2/hunter_base) by extensions ['ignore', 'ignore_ament_install']
[0.255s] Level 1:colcon.colcon_core.package_identification:_identify(src/hunter_ros2/hunter_base) by extension 'ignore'
[0.255s] Level 1:colcon.colcon_core.package_identification:_identify(src/hunter_ros2/hunter_base) by extension 'ignore_ament_install'
[0.255s] Level 1:colcon.colcon_core.package_identification:_identify(src/hunter_ros2/hunter_base) by extensions ['colcon_pkg']
[0.255s] Level 1:colcon.colcon_core.package_identification:_identify(src/hunter_ros2/hunter_base) by extension 'colcon_pkg'
[0.255s] Level 1:colcon.colcon_core.package_identification:_identify(src/hunter_ros2/hunter_base) by extensions ['colcon_meta']
[0.255s] Level 1:colcon.colcon_core.package_identification:_identify(src/hunter_ros2/hunter_base) by extension 'colcon_meta'
[0.255s] Level 1:colcon.colcon_core.package_identification:_identify(src/hunter_ros2/hunter_base) by extensions ['ros']
[0.255s] Level 1:colcon.colcon_core.package_identification:_identify(src/hunter_ros2/hunter_base) by extension 'ros'
[0.257s] DEBUG:colcon.colcon_core.package_identification:Package 'src/hunter_ros2/hunter_base' with type 'ros.ament_cmake' and name 'hunter_base'
[0.258s] Level 1:colcon.colcon_core.package_identification:_identify(src/hunter_ros2/hunter_msgs) by extensions ['ignore', 'ignore_ament_install']
[0.258s] Level 1:colcon.colcon_core.package_identification:_identify(src/hunter_ros2/hunter_msgs) by extension 'ignore'
[0.258s] Level 1:colcon.colcon_core.package_identification:_identify(src/hunter_ros2/hunter_msgs) by extension 'ignore_ament_install'
[0.258s] Level 1:colcon.colcon_core.package_identification:_identify(src/hunter_ros2/hunter_msgs) by extensions ['colcon_pkg']
[0.258s] Level 1:colcon.colcon_core.package_identification:_identify(src/hunter_ros2/hunter_msgs) by extension 'colcon_pkg'
[0.258s] Level 1:colcon.colcon_core.package_identification:_identify(src/hunter_ros2/hunter_msgs) by extensions ['colcon_meta']
[0.258s] Level 1:colcon.colcon_core.package_identification:_identify(src/hunter_ros2/hunter_msgs) by extension 'colcon_meta'
[0.258s] Level 1:colcon.colcon_core.package_identification:_identify(src/hunter_ros2/hunter_msgs) by extensions ['ros']
[0.258s] Level 1:colcon.colcon_core.package_identification:_identify(src/hunter_ros2/hunter_msgs) by extension 'ros'
[0.258s] DEBUG:colcon.colcon_core.package_identification:Package 'src/hunter_ros2/hunter_msgs' with type 'ros.ament_cmake' and name 'hunter_msgs'
[0.258s] Level 1:colcon.colcon_core.package_identification:_identify(src/ugv_sdk) by extensions ['ignore', 'ignore_ament_install']
[0.258s] Level 1:colcon.colcon_core.package_identification:_identify(src/ugv_sdk) by extension 'ignore'
[0.258s] Level 1:colcon.colcon_core.package_identification:_identify(src/ugv_sdk) by extension 'ignore_ament_install'
[0.259s] Level 1:colcon.colcon_core.package_identification:_identify(src/ugv_sdk) by extensions ['colcon_pkg']
[0.259s] Level 1:colcon.colcon_core.package_identification:_identify(src/ugv_sdk) by extension 'colcon_pkg'
[0.259s] Level 1:colcon.colcon_core.package_identification:_identify(src/ugv_sdk) by extensions ['colcon_meta']
[0.259s] Level 1:colcon.colcon_core.package_identification:_identify(src/ugv_sdk) by extension 'colcon_meta'
[0.259s] Level 1:colcon.colcon_core.package_identification:_identify(src/ugv_sdk) by extensions ['ros']
[0.259s] Level 1:colcon.colcon_core.package_identification:_identify(src/ugv_sdk) by extension 'ros'
[0.259s] DEBUG:colcon.colcon_core.package_identification:Package 'src/ugv_sdk' with type 'ros.catkin' and name 'ugv_sdk'
[0.259s] Level 1:colcon.colcon_core.package_discovery:discover_packages(recursive) using defaults
[0.259s] Level 1:colcon.colcon_core.package_discovery:discover_packages(ignore) discover
[0.259s] Level 1:colcon.colcon_core.package_discovery:discover_packages(ignore) using defaults
[0.259s] Level 1:colcon.colcon_core.package_discovery:discover_packages(path) discover
[0.259s] Level 1:colcon.colcon_core.package_discovery:discover_packages(path) using defaults
[0.276s] Level 1:colcon.colcon_core.package_discovery:discover_packages(prefix_path) check parameters
[0.277s] Level 1:colcon.colcon_core.package_discovery:discover_packages(prefix_path) discover
[0.278s] DEBUG:colcon.colcon_installed_package_information.package_discovery:Found 1 installed packages in /home/karch/ws/dev_ws/install
[0.279s] DEBUG:colcon.colcon_installed_package_information.package_discovery:Found 315 installed packages in /opt/ros/humble
[0.281s] Level 1:colcon.colcon_core.package_discovery:discover_packages(prefix_path) using defaults
[0.324s] Level 5:colcon.colcon_core.verb:set package 'hunter_msgs' build argument 'cmake_args' from command line to 'None'
[0.324s] Level 5:colcon.colcon_core.verb:set package 'hunter_msgs' build argument 'cmake_target' from command line to 'None'
[0.324s] Level 5:colcon.colcon_core.verb:set package 'hunter_msgs' build argument 'cmake_target_skip_unavailable' from command line to 'False'
[0.325s] Level 5:colcon.colcon_core.verb:set package 'hunter_msgs' build argument 'cmake_clean_cache' from command line to 'False'
[0.325s] Level 5:colcon.colcon_core.verb:set package 'hunter_msgs' build argument 'cmake_clean_first' from command line to 'False'
[0.325s] Level 5:colcon.colcon_core.verb:set package 'hunter_msgs' build argument 'cmake_force_configure' from command line to 'False'
[0.325s] Level 5:colcon.colcon_core.verb:set package 'hunter_msgs' build argument 'ament_cmake_args' from command line to 'None'
[0.325s] Level 5:colcon.colcon_core.verb:set package 'hunter_msgs' build argument 'catkin_cmake_args' from command line to 'None'
[0.325s] Level 5:colcon.colcon_core.verb:set package 'hunter_msgs' build argument 'catkin_skip_building_tests' from command line to 'False'
[0.325s] DEBUG:colcon.colcon_core.verb:Building package 'hunter_msgs' with the following arguments: {'ament_cmake_args': None, 'build_base': '/home/karch/ws/hunter20_ws/build/hunter_msgs', 'catkin_cmake_args': None, 'catkin_skip_building_tests': False, 'cmake_args': None, 'cmake_clean_cache': False, 'cmake_clean_first': False, 'cmake_force_configure': False, 'cmake_target': None, 'cmake_target_skip_unavailable': False, 'install_base': '/home/karch/ws/hunter20_ws/install/hunter_msgs', 'merge_install': False, 'path': '/home/karch/ws/hunter20_ws/src/hunter_ros2/hunter_msgs', 'symlink_install': True, 'test_result_base': None}
[0.325s] Level 5:colcon.colcon_core.verb:set package 'ugv_sdk' build argument 'cmake_args' from command line to 'None'
[0.325s] Level 5:colcon.colcon_core.verb:set package 'ugv_sdk' build argument 'cmake_target' from command line to 'None'
[0.325s] Level 5:colcon.colcon_core.verb:set package 'ugv_sdk' build argument 'cmake_target_skip_unavailable' from command line to 'False'
[0.325s] Level 5:colcon.colcon_core.verb:set package 'ugv_sdk' build argument 'cmake_clean_cache' from command line to 'False'
[0.325s] Level 5:colcon.colcon_core.verb:set package 'ugv_sdk' build argument 'cmake_clean_first' from command line to 'False'
[0.325s] Level 5:colcon.colcon_core.verb:set package 'ugv_sdk' build argument 'cmake_force_configure' from command line to 'False'
[0.325s] Level 5:colcon.colcon_core.verb:set package 'ugv_sdk' build argument 'ament_cmake_args' from command line to 'None'
[0.325s] Level 5:colcon.colcon_core.verb:set package 'ugv_sdk' build argument 'catkin_cmake_args' from command line to 'None'
[0.325s] Level 5:colcon.colcon_core.verb:set package 'ugv_sdk' build argument 'catkin_skip_building_tests' from command line to 'False'
[0.325s] DEBUG:colcon.colcon_core.verb:Building package 'ugv_sdk' with the following arguments: {'ament_cmake_args': None, 'build_base': '/home/karch/ws/hunter20_ws/build/ugv_sdk', 'catkin_cmake_args': None, 'catkin_skip_building_tests': False, 'cmake_args': None, 'cmake_clean_cache': False, 'cmake_clean_first': False, 'cmake_force_configure': False, 'cmake_target': None, 'cmake_target_skip_unavailable': False, 'install_base': '/home/karch/ws/hunter20_ws/install/ugv_sdk', 'merge_install': False, 'path': '/home/karch/ws/hunter20_ws/src/ugv_sdk', 'symlink_install': True, 'test_result_base': None}
[0.326s] Level 5:colcon.colcon_core.verb:set package 'hunter_base' build argument 'cmake_args' from command line to 'None'
[0.326s] Level 5:colcon.colcon_core.verb:set package 'hunter_base' build argument 'cmake_target' from command line to 'None'
[0.326s] Level 5:colcon.colcon_core.verb:set package 'hunter_base' build argument 'cmake_target_skip_unavailable' from command line to 'False'
[0.326s] Level 5:colcon.colcon_core.verb:set package 'hunter_base' build argument 'cmake_clean_cache' from command line to 'False'
[0.326s] Level 5:colcon.colcon_core.verb:set package 'hunter_base' build argument 'cmake_clean_first' from command line to 'False'
[0.326s] Level 5:colcon.colcon_core.verb:set package 'hunter_base' build argument 'cmake_force_configure' from command line to 'False'
[0.326s] Level 5:colcon.colcon_core.verb:set package 'hunter_base' build argument 'ament_cmake_args' from command line to 'None'
[0.326s] Level 5:colcon.colcon_core.verb:set package 'hunter_base' build argument 'catkin_cmake_args' from command line to 'None'
[0.326s] Level 5:colcon.colcon_core.verb:set package 'hunter_base' build argument 'catkin_skip_building_tests' from command line to 'False'
[0.326s] DEBUG:colcon.colcon_core.verb:Building package 'hunter_base' with the following arguments: {'ament_cmake_args': None, 'build_base': '/home/karch/ws/hunter20_ws/build/hunter_base', 'catkin_cmake_args': None, 'catkin_skip_building_tests': False, 'cmake_args': None, 'cmake_clean_cache': False, 'cmake_clean_first': False, 'cmake_force_configure': False, 'cmake_target': None, 'cmake_target_skip_unavailable': False, 'install_base': '/home/karch/ws/hunter20_ws/install/hunter_base', 'merge_install': False, 'path': '/home/karch/ws/hunter20_ws/src/hunter_ros2/hunter_base', 'symlink_install': True, 'test_result_base': None}
[0.327s] INFO:colcon.colcon_core.executor:Executing jobs using 'parallel' executor
[0.329s] DEBUG:colcon.colcon_parallel_executor.executor.parallel:run_until_complete
[0.329s] INFO:colcon.colcon_ros.task.ament_cmake.build:Building ROS package in '/home/karch/ws/hunter20_ws/src/hunter_ros2/hunter_msgs' with build type 'ament_cmake'
[0.329s] INFO:colcon.colcon_cmake.task.cmake.build:Building CMake package in '/home/karch/ws/hunter20_ws/src/hunter_ros2/hunter_msgs'
[0.333s] INFO:colcon.colcon_core.plugin_system:Skipping extension 'colcon_core.shell.bat': Not used on non-Windows systems
[0.333s] INFO:colcon.colcon_core.shell:Skip shell extension 'powershell' for command environment: Not usable outside of PowerShell
[0.333s] DEBUG:colcon.colcon_core.shell:Skip shell extension 'dsv' for command environment
[0.336s] INFO:colcon.colcon_ros.task.catkin.build:Building ROS package in '/home/karch/ws/hunter20_ws/src/ugv_sdk' with build type 'catkin'
[0.337s] INFO:colcon.colcon_cmake.task.cmake.build:Building CMake package in '/home/karch/ws/hunter20_ws/src/ugv_sdk'
[0.338s] INFO:colcon.colcon_core.shell:Skip shell extension 'powershell' for command environment: Not usable outside of PowerShell
[0.338s] DEBUG:colcon.colcon_core.shell:Skip shell extension 'dsv' for command environment
[0.345s] DEBUG:colcon.colcon_core.event_handler.log_command:Invoking command in '/home/karch/ws/hunter20_ws/build/hunter_msgs': CMAKE_PREFIX_PATH=/opt/ros/humble /usr/bin/cmake /home/karch/ws/hunter20_ws/src/hunter_ros2/hunter_msgs -DAMENT_CMAKE_SYMLINK_INSTALL=1 -DCMAKE_INSTALL_PREFIX=/home/karch/ws/hunter20_ws/install/hunter_msgs
[0.349s] DEBUG:colcon.colcon_core.event_handler.log_command:Invoking command in '/home/karch/ws/hunter20_ws/build/ugv_sdk': /usr/bin/cmake /home/karch/ws/hunter20_ws/src/ugv_sdk -DCATKIN_INSTALL_INTO_PREFIX_ROOT=0 -DCATKIN_SYMLINK_INSTALL=ON -DCMAKE_INSTALL_PREFIX=/home/karch/ws/hunter20_ws/install/ugv_sdk
[0.724s] DEBUG:colcon.colcon_core.event_handler.log_command:Invoked command in '/home/karch/ws/hunter20_ws/build/ugv_sdk' returned '0': /usr/bin/cmake /home/karch/ws/hunter20_ws/src/ugv_sdk -DCATKIN_INSTALL_INTO_PREFIX_ROOT=0 -DCATKIN_SYMLINK_INSTALL=ON -DCMAKE_INSTALL_PREFIX=/home/karch/ws/hunter20_ws/install/ugv_sdk
[0.726s] DEBUG:colcon.colcon_core.event_handler.log_command:Invoking command in '/home/karch/ws/hunter20_ws/build/ugv_sdk': /usr/bin/cmake --build /home/karch/ws/hunter20_ws/build/ugv_sdk -- -j16 -l16
[2.198s] DEBUG:colcon.colcon_core.event_handler.log_command:Invoked command in '/home/karch/ws/hunter20_ws/build/hunter_msgs' returned '0': CMAKE_PREFIX_PATH=/opt/ros/humble /usr/bin/cmake /home/karch/ws/hunter20_ws/src/hunter_ros2/hunter_msgs -DAMENT_CMAKE_SYMLINK_INSTALL=1 -DCMAKE_INSTALL_PREFIX=/home/karch/ws/hunter20_ws/install/hunter_msgs
[2.201s] DEBUG:colcon.colcon_core.event_handler.log_command:Invoking command in '/home/karch/ws/hunter20_ws/build/hunter_msgs': CMAKE_PREFIX_PATH=/opt/ros/humble /usr/bin/cmake --build /home/karch/ws/hunter20_ws/build/hunter_msgs -- -j16 -l16
[6.210s] DEBUG:colcon.colcon_core.event_handler.log_command:Invoked command in '/home/karch/ws/hunter20_ws/build/hunter_msgs' returned '0': CMAKE_PREFIX_PATH=/opt/ros/humble /usr/bin/cmake --build /home/karch/ws/hunter20_ws/build/hunter_msgs -- -j16 -l16
[6.318s] DEBUG:colcon.colcon_core.event_handler.log_command:Invoking command in '/home/karch/ws/hunter20_ws/build/hunter_msgs': CMAKE_PREFIX_PATH=/opt/ros/humble /usr/bin/cmake --install /home/karch/ws/hunter20_ws/build/hunter_msgs
[6.465s] DEBUG:colcon.colcon_core.event_handler.log_command:Invoked command in '/home/karch/ws/hunter20_ws/build/ugv_sdk' returned '0': /usr/bin/cmake --build /home/karch/ws/hunter20_ws/build/ugv_sdk -- -j16 -l16
[6.542s] DEBUG:colcon.colcon_core.event_handler.log_command:Invoking command in '/home/karch/ws/hunter20_ws/build/ugv_sdk': /usr/bin/cmake --install /home/karch/ws/hunter20_ws/build/ugv_sdk
[6.555s] DEBUG:colcon.colcon_core.event_handler.log_command:Invoked command in '/home/karch/ws/hunter20_ws/build/ugv_sdk' returned '0': /usr/bin/cmake --install /home/karch/ws/hunter20_ws/build/ugv_sdk
[6.595s] Level 1:colcon.colcon_core.shell:create_environment_hook('ugv_sdk', 'ros_package_path')
[6.596s] INFO:colcon.colcon_core.shell:Creating environment hook '/home/karch/ws/hunter20_ws/install/ugv_sdk/share/ugv_sdk/hook/ros_package_path.ps1'
[6.596s] INFO:colcon.colcon_core.shell:Creating environment descriptor '/home/karch/ws/hunter20_ws/install/ugv_sdk/share/ugv_sdk/hook/ros_package_path.dsv'
[6.596s] INFO:colcon.colcon_core.shell:Creating environment hook '/home/karch/ws/hunter20_ws/install/ugv_sdk/share/ugv_sdk/hook/ros_package_path.sh'
[6.597s] Level 1:colcon.colcon_core.shell:create_environment_hook('ugv_sdk', 'pkg_config_path')
[6.598s] INFO:colcon.colcon_core.shell:Creating environment hook '/home/karch/ws/hunter20_ws/install/ugv_sdk/share/ugv_sdk/hook/pkg_config_path.ps1'
[6.598s] INFO:colcon.colcon_core.shell:Creating environment descriptor '/home/karch/ws/hunter20_ws/install/ugv_sdk/share/ugv_sdk/hook/pkg_config_path.dsv'
[6.598s] INFO:colcon.colcon_core.shell:Creating environment hook '/home/karch/ws/hunter20_ws/install/ugv_sdk/share/ugv_sdk/hook/pkg_config_path.sh'
[6.600s] Level 1:colcon.colcon_core.shell:create_environment_hook('ugv_sdk', 'pkg_config_path_multiarch')
[6.601s] INFO:colcon.colcon_core.shell:Creating environment hook '/home/karch/ws/hunter20_ws/install/ugv_sdk/share/ugv_sdk/hook/pkg_config_path_multiarch.ps1'
[6.602s] INFO:colcon.colcon_core.shell:Creating environment descriptor '/home/karch/ws/hunter20_ws/install/ugv_sdk/share/ugv_sdk/hook/pkg_config_path_multiarch.dsv'
[6.602s] INFO:colcon.colcon_core.shell:Creating environment hook '/home/karch/ws/hunter20_ws/install/ugv_sdk/share/ugv_sdk/hook/pkg_config_path_multiarch.sh'
[6.603s] Level 1:colcon.colcon_core.environment:create_environment_scripts_only(ugv_sdk)
[6.606s] Level 1:colcon.colcon_core.environment:checking '/home/karch/ws/hunter20_ws/install/ugv_sdk' for CMake module files
[6.607s] Level 1:colcon.colcon_core.environment:checking '/home/karch/ws/hunter20_ws/install/ugv_sdk' for CMake config files
[6.607s] Level 1:colcon.colcon_core.shell:create_environment_hook('ugv_sdk', 'cmake_prefix_path')
[6.608s] INFO:colcon.colcon_core.shell:Creating environment hook '/home/karch/ws/hunter20_ws/install/ugv_sdk/share/ugv_sdk/hook/cmake_prefix_path.ps1'
[6.608s] INFO:colcon.colcon_core.shell:Creating environment descriptor '/home/karch/ws/hunter20_ws/install/ugv_sdk/share/ugv_sdk/hook/cmake_prefix_path.dsv'
[6.608s] INFO:colcon.colcon_core.shell:Creating environment hook '/home/karch/ws/hunter20_ws/install/ugv_sdk/share/ugv_sdk/hook/cmake_prefix_path.sh'
[6.609s] Level 1:colcon.colcon_core.environment:checking '/home/karch/ws/hunter20_ws/install/ugv_sdk/lib'
[6.609s] Level 1:colcon.colcon_core.environment:checking '/home/karch/ws/hunter20_ws/install/ugv_sdk/bin'
[6.609s] Level 1:colcon.colcon_core.environment:checking '/home/karch/ws/hunter20_ws/install/ugv_sdk/lib/pkgconfig/ugv_sdk.pc'
[6.609s] Level 1:colcon.colcon_core.environment:checking '/home/karch/ws/hunter20_ws/install/ugv_sdk/lib/python3.10/site-packages'
[6.610s] Level 1:colcon.colcon_core.environment:checking '/home/karch/ws/hunter20_ws/install/ugv_sdk/bin'
[6.611s] INFO:colcon.colcon_core.shell:Creating package script '/home/karch/ws/hunter20_ws/install/ugv_sdk/share/ugv_sdk/package.ps1'
[6.611s] INFO:colcon.colcon_core.shell:Creating package descriptor '/home/karch/ws/hunter20_ws/install/ugv_sdk/share/ugv_sdk/package.dsv'
[6.612s] INFO:colcon.colcon_core.shell:Creating package script '/home/karch/ws/hunter20_ws/install/ugv_sdk/share/ugv_sdk/package.sh'
[6.612s] INFO:colcon.colcon_core.shell:Creating package script '/home/karch/ws/hunter20_ws/install/ugv_sdk/share/ugv_sdk/package.bash'
[6.613s] INFO:colcon.colcon_core.shell:Creating package script '/home/karch/ws/hunter20_ws/install/ugv_sdk/share/ugv_sdk/package.zsh'
[6.613s] Level 1:colcon.colcon_core.environment:create_file_with_runtime_dependencies(/home/karch/ws/hunter20_ws/install/ugv_sdk/share/colcon-core/packages/ugv_sdk)
[7.308s] Level 1:colcon.colcon_core.environment:create_environment_scripts_only(hunter_msgs)
[7.309s] Level 1:colcon.colcon_core.environment:checking '/home/karch/ws/hunter20_ws/install/hunter_msgs' for CMake module files
[7.310s] DEBUG:colcon.colcon_core.event_handler.log_command:Invoked command in '/home/karch/ws/hunter20_ws/build/hunter_msgs' returned '0': CMAKE_PREFIX_PATH=/opt/ros/humble /usr/bin/cmake --install /home/karch/ws/hunter20_ws/build/hunter_msgs
[7.310s] Level 1:colcon.colcon_core.environment:checking '/home/karch/ws/hunter20_ws/install/hunter_msgs' for CMake config files
[7.311s] Level 1:colcon.colcon_core.shell:create_environment_hook('hunter_msgs', 'cmake_prefix_path')
[7.311s] INFO:colcon.colcon_core.shell:Creating environment hook '/home/karch/ws/hunter20_ws/install/hunter_msgs/share/hunter_msgs/hook/cmake_prefix_path.ps1'
[7.312s] INFO:colcon.colcon_core.shell:Creating environment descriptor '/home/karch/ws/hunter20_ws/install/hunter_msgs/share/hunter_msgs/hook/cmake_prefix_path.dsv'
[7.312s] INFO:colcon.colcon_core.shell:Creating environment hook '/home/karch/ws/hunter20_ws/install/hunter_msgs/share/hunter_msgs/hook/cmake_prefix_path.sh'
[7.312s] Level 1:colcon.colcon_core.environment:checking '/home/karch/ws/hunter20_ws/install/hunter_msgs/lib'
[7.312s] Level 1:colcon.colcon_core.shell:create_environment_hook('hunter_msgs', 'ld_library_path_lib')
[7.313s] INFO:colcon.colcon_core.shell:Creating environment hook '/home/karch/ws/hunter20_ws/install/hunter_msgs/share/hunter_msgs/hook/ld_library_path_lib.ps1'
[7.313s] INFO:colcon.colcon_core.shell:Creating environment descriptor '/home/karch/ws/hunter20_ws/install/hunter_msgs/share/hunter_msgs/hook/ld_library_path_lib.dsv'
[7.314s] INFO:colcon.colcon_core.shell:Creating environment hook '/home/karch/ws/hunter20_ws/install/hunter_msgs/share/hunter_msgs/hook/ld_library_path_lib.sh'
[7.314s] Level 1:colcon.colcon_core.environment:checking '/home/karch/ws/hunter20_ws/install/hunter_msgs/bin'
[7.314s] Level 1:colcon.colcon_core.environment:checking '/home/karch/ws/hunter20_ws/install/hunter_msgs/lib/pkgconfig/hunter_msgs.pc'
[7.314s] Level 1:colcon.colcon_core.environment:checking '/home/karch/ws/hunter20_ws/install/hunter_msgs/lib/python3.10/site-packages'
[7.314s] Level 1:colcon.colcon_core.environment:checking '/home/karch/ws/hunter20_ws/install/hunter_msgs/bin'
[7.315s] INFO:colcon.colcon_core.shell:Creating package script '/home/karch/ws/hunter20_ws/install/hunter_msgs/share/hunter_msgs/package.ps1'
[7.315s] INFO:colcon.colcon_core.shell:Creating package descriptor '/home/karch/ws/hunter20_ws/install/hunter_msgs/share/hunter_msgs/package.dsv'
[7.316s] INFO:colcon.colcon_core.shell:Creating package script '/home/karch/ws/hunter20_ws/install/hunter_msgs/share/hunter_msgs/package.sh'
[7.316s] INFO:colcon.colcon_core.shell:Creating package script '/home/karch/ws/hunter20_ws/install/hunter_msgs/share/hunter_msgs/package.bash'
[7.316s] INFO:colcon.colcon_core.shell:Creating package script '/home/karch/ws/hunter20_ws/install/hunter_msgs/share/hunter_msgs/package.zsh'
[7.316s] Level 1:colcon.colcon_core.environment:create_file_with_runtime_dependencies(/home/karch/ws/hunter20_ws/install/hunter_msgs/share/colcon-core/packages/hunter_msgs)
[7.397s] Level 1:colcon.colcon_core.environment:create_environment_scripts_only(hunter_msgs)
[7.399s] Level 1:colcon.colcon_core.environment:checking '/home/karch/ws/hunter20_ws/install/hunter_msgs' for CMake module files
[7.410s] Level 1:colcon.colcon_core.environment:checking '/home/karch/ws/hunter20_ws/install/hunter_msgs' for CMake config files
[7.411s] Level 1:colcon.colcon_core.shell:create_environment_hook('hunter_msgs', 'cmake_prefix_path')
[7.412s] INFO:colcon.colcon_core.shell:Creating environment hook '/home/karch/ws/hunter20_ws/install/hunter_msgs/share/hunter_msgs/hook/cmake_prefix_path.ps1'
[7.412s] INFO:colcon.colcon_core.shell:Creating environment descriptor '/home/karch/ws/hunter20_ws/install/hunter_msgs/share/hunter_msgs/hook/cmake_prefix_path.dsv'
[7.413s] INFO:colcon.colcon_core.shell:Creating environment hook '/home/karch/ws/hunter20_ws/install/hunter_msgs/share/hunter_msgs/hook/cmake_prefix_path.sh'
[7.413s] Level 1:colcon.colcon_core.environment:checking '/home/karch/ws/hunter20_ws/install/hunter_msgs/lib'
[7.413s] Level 1:colcon.colcon_core.shell:create_environment_hook('hunter_msgs', 'ld_library_path_lib')
[7.414s] INFO:colcon.colcon_core.shell:Creating environment hook '/home/karch/ws/hunter20_ws/install/hunter_msgs/share/hunter_msgs/hook/ld_library_path_lib.ps1'
[7.414s] INFO:colcon.colcon_core.shell:Creating environment descriptor '/home/karch/ws/hunter20_ws/install/hunter_msgs/share/hunter_msgs/hook/ld_library_path_lib.dsv'
[7.414s] INFO:colcon.colcon_core.shell:Creating environment hook '/home/karch/ws/hunter20_ws/install/hunter_msgs/share/hunter_msgs/hook/ld_library_path_lib.sh'
[7.415s] Level 1:colcon.colcon_core.environment:checking '/home/karch/ws/hunter20_ws/install/hunter_msgs/bin'
[7.415s] Level 1:colcon.colcon_core.environment:checking '/home/karch/ws/hunter20_ws/install/hunter_msgs/lib/pkgconfig/hunter_msgs.pc'
[7.415s] Level 1:colcon.colcon_core.environment:checking '/home/karch/ws/hunter20_ws/install/hunter_msgs/lib/python3.10/site-packages'
[7.415s] Level 1:colcon.colcon_core.environment:checking '/home/karch/ws/hunter20_ws/install/hunter_msgs/bin'
[7.416s] INFO:colcon.colcon_core.shell:Creating package script '/home/karch/ws/hunter20_ws/install/hunter_msgs/share/hunter_msgs/package.ps1'
[7.416s] INFO:colcon.colcon_core.shell:Creating package descriptor '/home/karch/ws/hunter20_ws/install/hunter_msgs/share/hunter_msgs/package.dsv'
[7.417s] INFO:colcon.colcon_core.shell:Creating package script '/home/karch/ws/hunter20_ws/install/hunter_msgs/share/hunter_msgs/package.sh'
[7.417s] INFO:colcon.colcon_core.shell:Creating package script '/home/karch/ws/hunter20_ws/install/hunter_msgs/share/hunter_msgs/package.bash'
[7.418s] INFO:colcon.colcon_core.shell:Creating package script '/home/karch/ws/hunter20_ws/install/hunter_msgs/share/hunter_msgs/package.zsh'
[7.418s] Level 1:colcon.colcon_core.environment:create_file_with_runtime_dependencies(/home/karch/ws/hunter20_ws/install/hunter_msgs/share/colcon-core/packages/hunter_msgs)
[7.418s] INFO:colcon.colcon_ros.task.ament_cmake.build:Building ROS package in '/home/karch/ws/hunter20_ws/src/hunter_ros2/hunter_base' with build type 'ament_cmake'
[7.418s] INFO:colcon.colcon_cmake.task.cmake.build:Building CMake package in '/home/karch/ws/hunter20_ws/src/hunter_ros2/hunter_base'
[7.419s] INFO:colcon.colcon_core.shell:Skip shell extension 'powershell' for command environment: Not usable outside of PowerShell
[7.419s] DEBUG:colcon.colcon_core.shell:Skip shell extension 'dsv' for command environment
[7.433s] DEBUG:colcon.colcon_core.event_handler.log_command:Invoking command in '/home/karch/ws/hunter20_ws/build/hunter_base': AMENT_PREFIX_PATH=/home/karch/ws/hunter20_ws/install/hunter_msgs:${AMENT_PREFIX_PATH} CMAKE_PREFIX_PATH=/opt/ros/humble:/home/karch/ws/hunter20_ws/install/ugv_sdk:/home/karch/ws/hunter20_ws/install/hunter_msgs LD_LIBRARY_PATH=/home/karch/ws/hunter20_ws/install/hunter_msgs/lib:${LD_LIBRARY_PATH} PKG_CONFIG_PATH=/home/karch/ws/hunter20_ws/install/ugv_sdk/lib/x86_64-linux-gnu/pkgconfig:/home/karch/ws/hunter20_ws/install/ugv_sdk/lib/pkgconfig PYTHONPATH=/home/karch/ws/hunter20_ws/install/hunter_msgs/local/lib/python3.10/dist-packages:${PYTHONPATH} ROS_PACKAGE_PATH=/home/karch/ws/hunter20_ws/install/ugv_sdk/share /usr/bin/cmake /home/karch/ws/hunter20_ws/src/hunter_ros2/hunter_base -DAMENT_CMAKE_SYMLINK_INSTALL=1 -DCMAKE_INSTALL_PREFIX=/home/karch/ws/hunter20_ws/install/hunter_base
[9.144s] DEBUG:colcon.colcon_core.event_handler.log_command:Invoked command in '/home/karch/ws/hunter20_ws/build/hunter_base' returned '0': AMENT_PREFIX_PATH=/home/karch/ws/hunter20_ws/install/hunter_msgs:${AMENT_PREFIX_PATH} CMAKE_PREFIX_PATH=/opt/ros/humble:/home/karch/ws/hunter20_ws/install/ugv_sdk:/home/karch/ws/hunter20_ws/install/hunter_msgs LD_LIBRARY_PATH=/home/karch/ws/hunter20_ws/install/hunter_msgs/lib:${LD_LIBRARY_PATH} PKG_CONFIG_PATH=/home/karch/ws/hunter20_ws/install/ugv_sdk/lib/x86_64-linux-gnu/pkgconfig:/home/karch/ws/hunter20_ws/install/ugv_sdk/lib/pkgconfig PYTHONPATH=/home/karch/ws/hunter20_ws/install/hunter_msgs/local/lib/python3.10/dist-packages:${PYTHONPATH} ROS_PACKAGE_PATH=/home/karch/ws/hunter20_ws/install/ugv_sdk/share /usr/bin/cmake /home/karch/ws/hunter20_ws/src/hunter_ros2/hunter_base -DAMENT_CMAKE_SYMLINK_INSTALL=1 -DCMAKE_INSTALL_PREFIX=/home/karch/ws/hunter20_ws/install/hunter_base
[9.148s] DEBUG:colcon.colcon_core.event_handler.log_command:Invoking command in '/home/karch/ws/hunter20_ws/build/hunter_base': AMENT_PREFIX_PATH=/home/karch/ws/hunter20_ws/install/hunter_msgs:${AMENT_PREFIX_PATH} CMAKE_PREFIX_PATH=/opt/ros/humble:/home/karch/ws/hunter20_ws/install/ugv_sdk:/home/karch/ws/hunter20_ws/install/hunter_msgs LD_LIBRARY_PATH=/home/karch/ws/hunter20_ws/install/hunter_msgs/lib:${LD_LIBRARY_PATH} PKG_CONFIG_PATH=/home/karch/ws/hunter20_ws/install/ugv_sdk/lib/x86_64-linux-gnu/pkgconfig:/home/karch/ws/hunter20_ws/install/ugv_sdk/lib/pkgconfig PYTHONPATH=/home/karch/ws/hunter20_ws/install/hunter_msgs/local/lib/python3.10/dist-packages:${PYTHONPATH} ROS_PACKAGE_PATH=/home/karch/ws/hunter20_ws/install/ugv_sdk/share /usr/bin/cmake --build /home/karch/ws/hunter20_ws/build/hunter_base -- -j16 -l16
[17.459s] DEBUG:colcon.colcon_core.event_handler.log_command:Invoked command in '/home/karch/ws/hunter20_ws/build/hunter_base' returned '0': AMENT_PREFIX_PATH=/home/karch/ws/hunter20_ws/install/hunter_msgs:${AMENT_PREFIX_PATH} CMAKE_PREFIX_PATH=/opt/ros/humble:/home/karch/ws/hunter20_ws/install/ugv_sdk:/home/karch/ws/hunter20_ws/install/hunter_msgs LD_LIBRARY_PATH=/home/karch/ws/hunter20_ws/install/hunter_msgs/lib:${LD_LIBRARY_PATH} PKG_CONFIG_PATH=/home/karch/ws/hunter20_ws/install/ugv_sdk/lib/x86_64-linux-gnu/pkgconfig:/home/karch/ws/hunter20_ws/install/ugv_sdk/lib/pkgconfig PYTHONPATH=/home/karch/ws/hunter20_ws/install/hunter_msgs/local/lib/python3.10/dist-packages:${PYTHONPATH} ROS_PACKAGE_PATH=/home/karch/ws/hunter20_ws/install/ugv_sdk/share /usr/bin/cmake --build /home/karch/ws/hunter20_ws/build/hunter_base -- -j16 -l16
[17.486s] DEBUG:colcon.colcon_core.event_handler.log_command:Invoking command in '/home/karch/ws/hunter20_ws/build/hunter_base': AMENT_PREFIX_PATH=/home/karch/ws/hunter20_ws/install/hunter_msgs:${AMENT_PREFIX_PATH} CMAKE_PREFIX_PATH=/opt/ros/humble:/home/karch/ws/hunter20_ws/install/ugv_sdk:/home/karch/ws/hunter20_ws/install/hunter_msgs LD_LIBRARY_PATH=/home/karch/ws/hunter20_ws/install/hunter_msgs/lib:${LD_LIBRARY_PATH} PKG_CONFIG_PATH=/home/karch/ws/hunter20_ws/install/ugv_sdk/lib/x86_64-linux-gnu/pkgconfig:/home/karch/ws/hunter20_ws/install/ugv_sdk/lib/pkgconfig PYTHONPATH=/home/karch/ws/hunter20_ws/install/hunter_msgs/local/lib/python3.10/dist-packages:${PYTHONPATH} ROS_PACKAGE_PATH=/home/karch/ws/hunter20_ws/install/ugv_sdk/share /usr/bin/cmake --install /home/karch/ws/hunter20_ws/build/hunter_base
[17.951s] Level 1:colcon.colcon_core.environment:create_environment_scripts_only(hunter_base)
[17.953s] Level 1:colcon.colcon_core.environment:checking '/home/karch/ws/hunter20_ws/install/hunter_base' for CMake module files
[17.953s] DEBUG:colcon.colcon_core.event_handler.log_command:Invoked command in '/home/karch/ws/hunter20_ws/build/hunter_base' returned '0': AMENT_PREFIX_PATH=/home/karch/ws/hunter20_ws/install/hunter_msgs:${AMENT_PREFIX_PATH} CMAKE_PREFIX_PATH=/opt/ros/humble:/home/karch/ws/hunter20_ws/install/ugv_sdk:/home/karch/ws/hunter20_ws/install/hunter_msgs LD_LIBRARY_PATH=/home/karch/ws/hunter20_ws/install/hunter_msgs/lib:${LD_LIBRARY_PATH} PKG_CONFIG_PATH=/home/karch/ws/hunter20_ws/install/ugv_sdk/lib/x86_64-linux-gnu/pkgconfig:/home/karch/ws/hunter20_ws/install/ugv_sdk/lib/pkgconfig PYTHONPATH=/home/karch/ws/hunter20_ws/install/hunter_msgs/local/lib/python3.10/dist-packages:${PYTHONPATH} ROS_PACKAGE_PATH=/home/karch/ws/hunter20_ws/install/ugv_sdk/share /usr/bin/cmake --install /home/karch/ws/hunter20_ws/build/hunter_base
[17.954s] Level 1:colcon.colcon_core.environment:checking '/home/karch/ws/hunter20_ws/install/hunter_base' for CMake config files
[17.954s] Level 1:colcon.colcon_core.shell:create_environment_hook('hunter_base', 'cmake_prefix_path')
[17.955s] INFO:colcon.colcon_core.shell:Creating environment hook '/home/karch/ws/hunter20_ws/install/hunter_base/share/hunter_base/hook/cmake_prefix_path.ps1'
[17.955s] INFO:colcon.colcon_core.shell:Creating environment descriptor '/home/karch/ws/hunter20_ws/install/hunter_base/share/hunter_base/hook/cmake_prefix_path.dsv'
[17.955s] INFO:colcon.colcon_core.shell:Creating environment hook '/home/karch/ws/hunter20_ws/install/hunter_base/share/hunter_base/hook/cmake_prefix_path.sh'
[17.956s] Level 1:colcon.colcon_core.environment:checking '/home/karch/ws/hunter20_ws/install/hunter_base/lib'
[17.956s] Level 1:colcon.colcon_core.environment:checking '/home/karch/ws/hunter20_ws/install/hunter_base/bin'
[17.956s] Level 1:colcon.colcon_core.environment:checking '/home/karch/ws/hunter20_ws/install/hunter_base/lib/pkgconfig/hunter_base.pc'
[17.956s] Level 1:colcon.colcon_core.environment:checking '/home/karch/ws/hunter20_ws/install/hunter_base/lib/python3.10/site-packages'
[17.956s] Level 1:colcon.colcon_core.environment:checking '/home/karch/ws/hunter20_ws/install/hunter_base/bin'
[17.957s] INFO:colcon.colcon_core.shell:Creating package script '/home/karch/ws/hunter20_ws/install/hunter_base/share/hunter_base/package.ps1'
[17.957s] INFO:colcon.colcon_core.shell:Creating package descriptor '/home/karch/ws/hunter20_ws/install/hunter_base/share/hunter_base/package.dsv'
[17.958s] INFO:colcon.colcon_core.shell:Creating package script '/home/karch/ws/hunter20_ws/install/hunter_base/share/hunter_base/package.sh'
[17.958s] INFO:colcon.colcon_core.shell:Creating package script '/home/karch/ws/hunter20_ws/install/hunter_base/share/hunter_base/package.bash'
[17.958s] INFO:colcon.colcon_core.shell:Creating package script '/home/karch/ws/hunter20_ws/install/hunter_base/share/hunter_base/package.zsh'
[17.958s] Level 1:colcon.colcon_core.environment:create_file_with_runtime_dependencies(/home/karch/ws/hunter20_ws/install/hunter_base/share/colcon-core/packages/hunter_base)
[17.984s] Level 1:colcon.colcon_core.environment:create_environment_scripts_only(hunter_base)
[17.986s] Level 1:colcon.colcon_core.environment:checking '/home/karch/ws/hunter20_ws/install/hunter_base' for CMake module files
[17.986s] Level 1:colcon.colcon_core.environment:checking '/home/karch/ws/hunter20_ws/install/hunter_base' for CMake config files
[17.986s] Level 1:colcon.colcon_core.shell:create_environment_hook('hunter_base', 'cmake_prefix_path')
[17.987s] INFO:colcon.colcon_core.shell:Creating environment hook '/home/karch/ws/hunter20_ws/install/hunter_base/share/hunter_base/hook/cmake_prefix_path.ps1'
[17.987s] INFO:colcon.colcon_core.shell:Creating environment descriptor '/home/karch/ws/hunter20_ws/install/hunter_base/share/hunter_base/hook/cmake_prefix_path.dsv'
[17.988s] INFO:colcon.colcon_core.shell:Creating environment hook '/home/karch/ws/hunter20_ws/install/hunter_base/share/hunter_base/hook/cmake_prefix_path.sh'
[17.988s] Level 1:colcon.colcon_core.environment:checking '/home/karch/ws/hunter20_ws/install/hunter_base/lib'
[17.988s] Level 1:colcon.colcon_core.environment:checking '/home/karch/ws/hunter20_ws/install/hunter_base/bin'
[17.988s] Level 1:colcon.colcon_core.environment:checking '/home/karch/ws/hunter20_ws/install/hunter_base/lib/pkgconfig/hunter_base.pc'
[17.988s] Level 1:colcon.colcon_core.environment:checking '/home/karch/ws/hunter20_ws/install/hunter_base/lib/python3.10/site-packages'
[17.988s] Level 1:colcon.colcon_core.environment:checking '/home/karch/ws/hunter20_ws/install/hunter_base/bin'
[17.989s] INFO:colcon.colcon_core.shell:Creating package script '/home/karch/ws/hunter20_ws/install/hunter_base/share/hunter_base/package.ps1'
[17.990s] INFO:colcon.colcon_core.shell:Creating package descriptor '/home/karch/ws/hunter20_ws/install/hunter_base/share/hunter_base/package.dsv'
[17.990s] INFO:colcon.colcon_core.shell:Creating package script '/home/karch/ws/hunter20_ws/install/hunter_base/share/hunter_base/package.sh'
[17.990s] INFO:colcon.colcon_core.shell:Creating package script '/home/karch/ws/hunter20_ws/install/hunter_base/share/hunter_base/package.bash'
[17.991s] INFO:colcon.colcon_core.shell:Creating package script '/home/karch/ws/hunter20_ws/install/hunter_base/share/hunter_base/package.zsh'
[17.991s] Level 1:colcon.colcon_core.environment:create_file_with_runtime_dependencies(/home/karch/ws/hunter20_ws/install/hunter_base/share/colcon-core/packages/hunter_base)
[17.991s] DEBUG:colcon.colcon_parallel_executor.executor.parallel:closing loop
[17.992s] DEBUG:colcon.colcon_parallel_executor.executor.parallel:loop closed
[17.992s] DEBUG:colcon.colcon_parallel_executor.executor.parallel:run_until_complete finished with '0'
[17.992s] DEBUG:colcon.colcon_core.event_reactor:joining thread
[17.996s] INFO:colcon.colcon_core.plugin_system:Skipping extension 'colcon_notification.desktop_notification.terminal_notifier': Not used on non-Darwin systems
[17.996s] INFO:colcon.colcon_core.plugin_system:Skipping extension 'colcon_notification.desktop_notification.win32': Not used on non-Windows systems
[17.996s] INFO:colcon.colcon_notification.desktop_notification:Sending desktop notification using 'notify2'
[18.009s] DEBUG:colcon.colcon_core.event_reactor:joined thread
[18.011s] INFO:colcon.colcon_core.shell:Creating prefix script '/home/karch/ws/hunter20_ws/install/local_setup.ps1'
[18.012s] INFO:colcon.colcon_core.shell:Creating prefix util module '/home/karch/ws/hunter20_ws/install/_local_setup_util_ps1.py'
[18.012s] INFO:colcon.colcon_core.shell:Creating prefix chain script '/home/karch/ws/hunter20_ws/install/setup.ps1'
[18.013s] INFO:colcon.colcon_core.shell:Creating prefix script '/home/karch/ws/hunter20_ws/install/local_setup.sh'
[18.014s] INFO:colcon.colcon_core.shell:Creating prefix util module '/home/karch/ws/hunter20_ws/install/_local_setup_util_sh.py'
[18.014s] INFO:colcon.colcon_core.shell:Creating prefix chain script '/home/karch/ws/hunter20_ws/install/setup.sh'
[18.015s] INFO:colcon.colcon_core.shell:Creating prefix script '/home/karch/ws/hunter20_ws/install/local_setup.bash'
[18.015s] INFO:colcon.colcon_core.shell:Creating prefix chain script '/home/karch/ws/hunter20_ws/install/setup.bash'
[18.016s] INFO:colcon.colcon_core.shell:Creating prefix script '/home/karch/ws/hunter20_ws/install/local_setup.zsh'
[18.016s] INFO:colcon.colcon_core.shell:Creating prefix chain script '/home/karch/ws/hunter20_ws/install/setup.zsh'
