[0.347s] DEBUG:colcon:Command line arguments: ['/usr/bin/colcon', 'build', '--symlink-install']
[0.347s] DEBUG:colcon:Parsed command line arguments: Namespace(log_base=None, log_level=None, verb_name='build', build_base='build', install_base='install', merge_install=False, symlink_install=True, test_result_base=None, continue_on_error=False, executor='parallel', parallel_workers=16, event_handlers=None, ignore_user_meta=False, metas=['./colcon.meta'], base_paths=['.'], packages_ignore=None, packages_ignore_regex=None, paths=None, packages_up_to=None, packages_up_to_regex=None, packages_above=None, packages_above_and_dependencies=None, packages_above_depth=None, packages_select_by_dep=None, packages_skip_by_dep=None, packages_skip_up_to=None, packages_select_build_failed=False, packages_skip_build_finished=False, packages_select_test_failures=False, packages_skip_test_passed=False, packages_select=None, packages_skip=None, packages_select_regex=None, packages_skip_regex=None, packages_start=None, packages_end=None, allow_overriding=[], cmake_args=None, cmake_target=None, cmake_target_skip_unavailable=False, cmake_clean_cache=False, cmake_clean_first=False, cmake_force_configure=False, ament_cmake_args=None, catkin_cmake_args=None, catkin_skip_building_tests=False, verb_parser=<colcon_defaults.argument_parser.defaults.DefaultArgumentsDecorator object at 0x7fa2042a3100>, verb_extension=<colcon_core.verb.build.BuildVerb object at 0x7fa204abd480>, main=<bound method BuildVerb.main of <colcon_core.verb.build.BuildVerb object at 0x7fa204abd480>>)
[0.390s] Level 1:colcon.colcon_core.package_discovery:discover_packages(colcon_meta) check parameters
[0.390s] Level 1:colcon.colcon_core.package_discovery:discover_packages(recursive) check parameters
[0.390s] Level 1:colcon.colcon_core.package_discovery:discover_packages(ignore) check parameters
[0.390s] Level 1:colcon.colcon_core.package_discovery:discover_packages(path) check parameters
[0.390s] Level 1:colcon.colcon_core.package_discovery:discover_packages(colcon_meta) discover
[0.390s] Level 1:colcon.colcon_core.package_discovery:discover_packages(recursive) discover
[0.390s] INFO:colcon.colcon_core.package_discovery:Crawling recursively for packages in '/home/karch/ws/hunter20_ws'
[0.390s] Level 1:colcon.colcon_core.package_identification:_identify(.) by extensions ['ignore', 'ignore_ament_install']
[0.390s] Level 1:colcon.colcon_core.package_identification:_identify(.) by extension 'ignore'
[0.390s] Level 1:colcon.colcon_core.package_identification:_identify(.) by extension 'ignore_ament_install'
[0.390s] Level 1:colcon.colcon_core.package_identification:_identify(.) by extensions ['colcon_pkg']
[0.390s] Level 1:colcon.colcon_core.package_identification:_identify(.) by extension 'colcon_pkg'
[0.390s] Level 1:colcon.colcon_core.package_identification:_identify(.) by extensions ['colcon_meta']
[0.390s] Level 1:colcon.colcon_core.package_identification:_identify(.) by extension 'colcon_meta'
[0.390s] Level 1:colcon.colcon_core.package_identification:_identify(.) by extensions ['ros']
[0.390s] Level 1:colcon.colcon_core.package_identification:_identify(.) by extension 'ros'
[0.402s] Level 1:colcon.colcon_core.package_identification:_identify(.) by extensions ['cmake', 'python']
[0.402s] Level 1:colcon.colcon_core.package_identification:_identify(.) by extension 'cmake'
[0.402s] Level 1:colcon.colcon_core.package_identification:_identify(.) by extension 'python'
[0.402s] Level 1:colcon.colcon_core.package_identification:_identify(.) by extensions ['python_setup_py']
[0.402s] Level 1:colcon.colcon_core.package_identification:_identify(.) by extension 'python_setup_py'
[0.402s] Level 1:colcon.colcon_core.package_identification:_identify(build) by extensions ['ignore', 'ignore_ament_install']
[0.402s] Level 1:colcon.colcon_core.package_identification:_identify(build) by extension 'ignore'
[0.402s] Level 1:colcon.colcon_core.package_identification:_identify(build) ignored
[0.402s] Level 1:colcon.colcon_core.package_identification:_identify(install) by extensions ['ignore', 'ignore_ament_install']
[0.402s] Level 1:colcon.colcon_core.package_identification:_identify(install) by extension 'ignore'
[0.402s] Level 1:colcon.colcon_core.package_identification:_identify(install) ignored
[0.403s] Level 1:colcon.colcon_core.package_identification:_identify(log) by extensions ['ignore', 'ignore_ament_install']
[0.403s] Level 1:colcon.colcon_core.package_identification:_identify(log) by extension 'ignore'
[0.403s] Level 1:colcon.colcon_core.package_identification:_identify(log) ignored
[0.403s] Level 1:colcon.colcon_core.package_identification:_identify(src) by extensions ['ignore', 'ignore_ament_install']
[0.403s] Level 1:colcon.colcon_core.package_identification:_identify(src) by extension 'ignore'
[0.403s] Level 1:colcon.colcon_core.package_identification:_identify(src) by extension 'ignore_ament_install'
[0.403s] Level 1:colcon.colcon_core.package_identification:_identify(src) by extensions ['colcon_pkg']
[0.403s] Level 1:colcon.colcon_core.package_identification:_identify(src) by extension 'colcon_pkg'
[0.403s] Level 1:colcon.colcon_core.package_identification:_identify(src) by extensions ['colcon_meta']
[0.403s] Level 1:colcon.colcon_core.package_identification:_identify(src) by extension 'colcon_meta'
[0.403s] Level 1:colcon.colcon_core.package_identification:_identify(src) by extensions ['ros']
[0.403s] Level 1:colcon.colcon_core.package_identification:_identify(src) by extension 'ros'
[0.403s] Level 1:colcon.colcon_core.package_identification:_identify(src) by extensions ['cmake', 'python']
[0.403s] Level 1:colcon.colcon_core.package_identification:_identify(src) by extension 'cmake'
[0.403s] Level 1:colcon.colcon_core.package_identification:_identify(src) by extension 'python'
[0.403s] Level 1:colcon.colcon_core.package_identification:_identify(src) by extensions ['python_setup_py']
[0.403s] Level 1:colcon.colcon_core.package_identification:_identify(src) by extension 'python_setup_py'
[0.403s] Level 1:colcon.colcon_core.package_identification:_identify(src/hunter_ros2) by extensions ['ignore', 'ignore_ament_install']
[0.403s] Level 1:colcon.colcon_core.package_identification:_identify(src/hunter_ros2) by extension 'ignore'
[0.403s] Level 1:colcon.colcon_core.package_identification:_identify(src/hunter_ros2) by extension 'ignore_ament_install'
[0.403s] Level 1:colcon.colcon_core.package_identification:_identify(src/hunter_ros2) by extensions ['colcon_pkg']
[0.403s] Level 1:colcon.colcon_core.package_identification:_identify(src/hunter_ros2) by extension 'colcon_pkg'
[0.403s] Level 1:colcon.colcon_core.package_identification:_identify(src/hunter_ros2) by extensions ['colcon_meta']
[0.403s] Level 1:colcon.colcon_core.package_identification:_identify(src/hunter_ros2) by extension 'colcon_meta'
[0.403s] Level 1:colcon.colcon_core.package_identification:_identify(src/hunter_ros2) by extensions ['ros']
[0.404s] Level 1:colcon.colcon_core.package_identification:_identify(src/hunter_ros2) by extension 'ros'
[0.404s] Level 1:colcon.colcon_core.package_identification:_identify(src/hunter_ros2) by extensions ['cmake', 'python']
[0.404s] Level 1:colcon.colcon_core.package_identification:_identify(src/hunter_ros2) by extension 'cmake'
[0.404s] Level 1:colcon.colcon_core.package_identification:_identify(src/hunter_ros2) by extension 'python'
[0.404s] Level 1:colcon.colcon_core.package_identification:_identify(src/hunter_ros2) by extensions ['python_setup_py']
[0.404s] Level 1:colcon.colcon_core.package_identification:_identify(src/hunter_ros2) by extension 'python_setup_py'
[0.404s] Level 1:colcon.colcon_core.package_identification:_identify(src/hunter_ros2/hunter_base) by extensions ['ignore', 'ignore_ament_install']
[0.404s] Level 1:colcon.colcon_core.package_identification:_identify(src/hunter_ros2/hunter_base) by extension 'ignore'
[0.404s] Level 1:colcon.colcon_core.package_identification:_identify(src/hunter_ros2/hunter_base) by extension 'ignore_ament_install'
[0.404s] Level 1:colcon.colcon_core.package_identification:_identify(src/hunter_ros2/hunter_base) by extensions ['colcon_pkg']
[0.404s] Level 1:colcon.colcon_core.package_identification:_identify(src/hunter_ros2/hunter_base) by extension 'colcon_pkg'
[0.404s] Level 1:colcon.colcon_core.package_identification:_identify(src/hunter_ros2/hunter_base) by extensions ['colcon_meta']
[0.404s] Level 1:colcon.colcon_core.package_identification:_identify(src/hunter_ros2/hunter_base) by extension 'colcon_meta'
[0.404s] Level 1:colcon.colcon_core.package_identification:_identify(src/hunter_ros2/hunter_base) by extensions ['ros']
[0.404s] Level 1:colcon.colcon_core.package_identification:_identify(src/hunter_ros2/hunter_base) by extension 'ros'
[0.407s] DEBUG:colcon.colcon_core.package_identification:Package 'src/hunter_ros2/hunter_base' with type 'ros.ament_cmake' and name 'hunter_base'
[0.407s] Level 1:colcon.colcon_core.package_identification:_identify(src/hunter_ros2/hunter_msgs) by extensions ['ignore', 'ignore_ament_install']
[0.407s] Level 1:colcon.colcon_core.package_identification:_identify(src/hunter_ros2/hunter_msgs) by extension 'ignore'
[0.407s] Level 1:colcon.colcon_core.package_identification:_identify(src/hunter_ros2/hunter_msgs) by extension 'ignore_ament_install'
[0.407s] Level 1:colcon.colcon_core.package_identification:_identify(src/hunter_ros2/hunter_msgs) by extensions ['colcon_pkg']
[0.408s] Level 1:colcon.colcon_core.package_identification:_identify(src/hunter_ros2/hunter_msgs) by extension 'colcon_pkg'
[0.408s] Level 1:colcon.colcon_core.package_identification:_identify(src/hunter_ros2/hunter_msgs) by extensions ['colcon_meta']
[0.408s] Level 1:colcon.colcon_core.package_identification:_identify(src/hunter_ros2/hunter_msgs) by extension 'colcon_meta'
[0.408s] Level 1:colcon.colcon_core.package_identification:_identify(src/hunter_ros2/hunter_msgs) by extensions ['ros']
[0.408s] Level 1:colcon.colcon_core.package_identification:_identify(src/hunter_ros2/hunter_msgs) by extension 'ros'
[0.408s] DEBUG:colcon.colcon_core.package_identification:Package 'src/hunter_ros2/hunter_msgs' with type 'ros.ament_cmake' and name 'hunter_msgs'
[0.408s] Level 1:colcon.colcon_core.package_identification:_identify(src/ugv_sdk) by extensions ['ignore', 'ignore_ament_install']
[0.408s] Level 1:colcon.colcon_core.package_identification:_identify(src/ugv_sdk) by extension 'ignore'
[0.409s] Level 1:colcon.colcon_core.package_identification:_identify(src/ugv_sdk) by extension 'ignore_ament_install'
[0.409s] Level 1:colcon.colcon_core.package_identification:_identify(src/ugv_sdk) by extensions ['colcon_pkg']
[0.409s] Level 1:colcon.colcon_core.package_identification:_identify(src/ugv_sdk) by extension 'colcon_pkg'
[0.409s] Level 1:colcon.colcon_core.package_identification:_identify(src/ugv_sdk) by extensions ['colcon_meta']
[0.409s] Level 1:colcon.colcon_core.package_identification:_identify(src/ugv_sdk) by extension 'colcon_meta'
[0.409s] Level 1:colcon.colcon_core.package_identification:_identify(src/ugv_sdk) by extensions ['ros']
[0.409s] Level 1:colcon.colcon_core.package_identification:_identify(src/ugv_sdk) by extension 'ros'
[0.409s] DEBUG:colcon.colcon_core.package_identification:Package 'src/ugv_sdk' with type 'ros.catkin' and name 'ugv_sdk'
[0.409s] Level 1:colcon.colcon_core.package_discovery:discover_packages(recursive) using defaults
[0.409s] Level 1:colcon.colcon_core.package_discovery:discover_packages(ignore) discover
[0.409s] Level 1:colcon.colcon_core.package_discovery:discover_packages(ignore) using defaults
[0.409s] Level 1:colcon.colcon_core.package_discovery:discover_packages(path) discover
[0.409s] Level 1:colcon.colcon_core.package_discovery:discover_packages(path) using defaults
[0.434s] Level 1:colcon.colcon_core.package_discovery:discover_packages(prefix_path) check parameters
[0.434s] Level 1:colcon.colcon_core.package_discovery:discover_packages(prefix_path) discover
[0.438s] DEBUG:colcon.colcon_installed_package_information.package_discovery:Found 7 installed packages in /home/karch/ws/hokuyo_ws/install
[0.438s] DEBUG:colcon.colcon_installed_package_information.package_discovery:Found 3 installed packages in /home/karch/ws/hunter20_ws/install
[0.439s] DEBUG:colcon.colcon_installed_package_information.package_discovery:Found 1 installed packages in /home/karch/ws/dev_ws/install
[0.441s] DEBUG:colcon.colcon_installed_package_information.package_discovery:Found 318 installed packages in /opt/ros/humble
[0.442s] Level 1:colcon.colcon_core.package_discovery:discover_packages(prefix_path) using defaults
[0.505s] Level 5:colcon.colcon_core.verb:set package 'hunter_msgs' build argument 'cmake_args' from command line to 'None'
[0.506s] Level 5:colcon.colcon_core.verb:set package 'hunter_msgs' build argument 'cmake_target' from command line to 'None'
[0.506s] Level 5:colcon.colcon_core.verb:set package 'hunter_msgs' build argument 'cmake_target_skip_unavailable' from command line to 'False'
[0.506s] Level 5:colcon.colcon_core.verb:set package 'hunter_msgs' build argument 'cmake_clean_cache' from command line to 'False'
[0.506s] Level 5:colcon.colcon_core.verb:set package 'hunter_msgs' build argument 'cmake_clean_first' from command line to 'False'
[0.506s] Level 5:colcon.colcon_core.verb:set package 'hunter_msgs' build argument 'cmake_force_configure' from command line to 'False'
[0.506s] Level 5:colcon.colcon_core.verb:set package 'hunter_msgs' build argument 'ament_cmake_args' from command line to 'None'
[0.506s] Level 5:colcon.colcon_core.verb:set package 'hunter_msgs' build argument 'catkin_cmake_args' from command line to 'None'
[0.506s] Level 5:colcon.colcon_core.verb:set package 'hunter_msgs' build argument 'catkin_skip_building_tests' from command line to 'False'
[0.506s] DEBUG:colcon.colcon_core.verb:Building package 'hunter_msgs' with the following arguments: {'ament_cmake_args': None, 'build_base': '/home/karch/ws/hunter20_ws/build/hunter_msgs', 'catkin_cmake_args': None, 'catkin_skip_building_tests': False, 'cmake_args': None, 'cmake_clean_cache': False, 'cmake_clean_first': False, 'cmake_force_configure': False, 'cmake_target': None, 'cmake_target_skip_unavailable': False, 'install_base': '/home/karch/ws/hunter20_ws/install/hunter_msgs', 'merge_install': False, 'path': '/home/karch/ws/hunter20_ws/src/hunter_ros2/hunter_msgs', 'symlink_install': True, 'test_result_base': None}
[0.506s] Level 5:colcon.colcon_core.verb:set package 'ugv_sdk' build argument 'cmake_args' from command line to 'None'
[0.506s] Level 5:colcon.colcon_core.verb:set package 'ugv_sdk' build argument 'cmake_target' from command line to 'None'
[0.506s] Level 5:colcon.colcon_core.verb:set package 'ugv_sdk' build argument 'cmake_target_skip_unavailable' from command line to 'False'
[0.506s] Level 5:colcon.colcon_core.verb:set package 'ugv_sdk' build argument 'cmake_clean_cache' from command line to 'False'
[0.507s] Level 5:colcon.colcon_core.verb:set package 'ugv_sdk' build argument 'cmake_clean_first' from command line to 'False'
[0.507s] Level 5:colcon.colcon_core.verb:set package 'ugv_sdk' build argument 'cmake_force_configure' from command line to 'False'
[0.507s] Level 5:colcon.colcon_core.verb:set package 'ugv_sdk' build argument 'ament_cmake_args' from command line to 'None'
[0.507s] Level 5:colcon.colcon_core.verb:set package 'ugv_sdk' build argument 'catkin_cmake_args' from command line to 'None'
[0.507s] Level 5:colcon.colcon_core.verb:set package 'ugv_sdk' build argument 'catkin_skip_building_tests' from command line to 'False'
[0.507s] DEBUG:colcon.colcon_core.verb:Building package 'ugv_sdk' with the following arguments: {'ament_cmake_args': None, 'build_base': '/home/karch/ws/hunter20_ws/build/ugv_sdk', 'catkin_cmake_args': None, 'catkin_skip_building_tests': False, 'cmake_args': None, 'cmake_clean_cache': False, 'cmake_clean_first': False, 'cmake_force_configure': False, 'cmake_target': None, 'cmake_target_skip_unavailable': False, 'install_base': '/home/karch/ws/hunter20_ws/install/ugv_sdk', 'merge_install': False, 'path': '/home/karch/ws/hunter20_ws/src/ugv_sdk', 'symlink_install': True, 'test_result_base': None}
[0.507s] Level 5:colcon.colcon_core.verb:set package 'hunter_base' build argument 'cmake_args' from command line to 'None'
[0.507s] Level 5:colcon.colcon_core.verb:set package 'hunter_base' build argument 'cmake_target' from command line to 'None'
[0.507s] Level 5:colcon.colcon_core.verb:set package 'hunter_base' build argument 'cmake_target_skip_unavailable' from command line to 'False'
[0.507s] Level 5:colcon.colcon_core.verb:set package 'hunter_base' build argument 'cmake_clean_cache' from command line to 'False'
[0.507s] Level 5:colcon.colcon_core.verb:set package 'hunter_base' build argument 'cmake_clean_first' from command line to 'False'
[0.507s] Level 5:colcon.colcon_core.verb:set package 'hunter_base' build argument 'cmake_force_configure' from command line to 'False'
[0.507s] Level 5:colcon.colcon_core.verb:set package 'hunter_base' build argument 'ament_cmake_args' from command line to 'None'
[0.507s] Level 5:colcon.colcon_core.verb:set package 'hunter_base' build argument 'catkin_cmake_args' from command line to 'None'
[0.507s] Level 5:colcon.colcon_core.verb:set package 'hunter_base' build argument 'catkin_skip_building_tests' from command line to 'False'
[0.507s] DEBUG:colcon.colcon_core.verb:Building package 'hunter_base' with the following arguments: {'ament_cmake_args': None, 'build_base': '/home/karch/ws/hunter20_ws/build/hunter_base', 'catkin_cmake_args': None, 'catkin_skip_building_tests': False, 'cmake_args': None, 'cmake_clean_cache': False, 'cmake_clean_first': False, 'cmake_force_configure': False, 'cmake_target': None, 'cmake_target_skip_unavailable': False, 'install_base': '/home/karch/ws/hunter20_ws/install/hunter_base', 'merge_install': False, 'path': '/home/karch/ws/hunter20_ws/src/hunter_ros2/hunter_base', 'symlink_install': True, 'test_result_base': None}
[0.508s] INFO:colcon.colcon_core.executor:Executing jobs using 'parallel' executor
[0.510s] DEBUG:colcon.colcon_parallel_executor.executor.parallel:run_until_complete
[0.511s] INFO:colcon.colcon_ros.task.ament_cmake.build:Building ROS package in '/home/karch/ws/hunter20_ws/src/hunter_ros2/hunter_msgs' with build type 'ament_cmake'
[0.511s] INFO:colcon.colcon_cmake.task.cmake.build:Building CMake package in '/home/karch/ws/hunter20_ws/src/hunter_ros2/hunter_msgs'
[0.516s] INFO:colcon.colcon_core.plugin_system:Skipping extension 'colcon_core.shell.bat': Not used on non-Windows systems
[0.516s] INFO:colcon.colcon_core.shell:Skip shell extension 'powershell' for command environment: Not usable outside of PowerShell
[0.516s] DEBUG:colcon.colcon_core.shell:Skip shell extension 'dsv' for command environment
[0.522s] INFO:colcon.colcon_ros.task.catkin.build:Building ROS package in '/home/karch/ws/hunter20_ws/src/ugv_sdk' with build type 'catkin'
[0.523s] INFO:colcon.colcon_cmake.task.cmake.build:Building CMake package in '/home/karch/ws/hunter20_ws/src/ugv_sdk'
[0.523s] INFO:colcon.colcon_core.shell:Skip shell extension 'powershell' for command environment: Not usable outside of PowerShell
[0.524s] DEBUG:colcon.colcon_core.shell:Skip shell extension 'dsv' for command environment
[0.534s] DEBUG:colcon.colcon_core.event_handler.log_command:Invoking command in '/home/karch/ws/hunter20_ws/build/hunter_msgs': CMAKE_PREFIX_PATH=/home/karch/ws/hokuyo_ws/install/urg_node:/home/karch/ws/hokuyo_ws/install/urg_node_msgs:/home/karch/ws/hokuyo_ws/install/urg_c:/home/karch/ws/hokuyo_ws/install/tfg_pkg:/home/karch/ws/hokuyo_ws/install/robot_status_publisher:/home/karch/ws/hokuyo_ws/install/keyboard_control:/home/karch/ws/hokuyo_ws/install/coppelia_ros2_pkg:/home/karch/ws/hunter20_ws/install/hunter_base:/opt/ros/humble:/home/karch/ws/hunter20_ws/install/ugv_sdk:/home/karch/ws/hunter20_ws/install/hunter_msgs:/home/karch/ws/dev_ws/install/first_pkg /usr/bin/cmake --build /home/karch/ws/hunter20_ws/build/hunter_msgs -- -j16 -l16
[0.540s] DEBUG:colcon.colcon_core.event_handler.log_command:Invoking command in '/home/karch/ws/hunter20_ws/build/ugv_sdk': /usr/bin/cmake --build /home/karch/ws/hunter20_ws/build/ugv_sdk -- -j16 -l16
[3.592s] DEBUG:colcon.colcon_core.event_handler.log_command:Invoked command in '/home/karch/ws/hunter20_ws/build/hunter_msgs' returned '0': CMAKE_PREFIX_PATH=/home/karch/ws/hokuyo_ws/install/urg_node:/home/karch/ws/hokuyo_ws/install/urg_node_msgs:/home/karch/ws/hokuyo_ws/install/urg_c:/home/karch/ws/hokuyo_ws/install/tfg_pkg:/home/karch/ws/hokuyo_ws/install/robot_status_publisher:/home/karch/ws/hokuyo_ws/install/keyboard_control:/home/karch/ws/hokuyo_ws/install/coppelia_ros2_pkg:/home/karch/ws/hunter20_ws/install/hunter_base:/opt/ros/humble:/home/karch/ws/hunter20_ws/install/ugv_sdk:/home/karch/ws/hunter20_ws/install/hunter_msgs:/home/karch/ws/dev_ws/install/first_pkg /usr/bin/cmake --build /home/karch/ws/hunter20_ws/build/hunter_msgs -- -j16 -l16
[3.868s] DEBUG:colcon.colcon_core.event_handler.log_command:Invoking command in '/home/karch/ws/hunter20_ws/build/hunter_msgs': CMAKE_PREFIX_PATH=/home/karch/ws/hokuyo_ws/install/urg_node:/home/karch/ws/hokuyo_ws/install/urg_node_msgs:/home/karch/ws/hokuyo_ws/install/urg_c:/home/karch/ws/hokuyo_ws/install/tfg_pkg:/home/karch/ws/hokuyo_ws/install/robot_status_publisher:/home/karch/ws/hokuyo_ws/install/keyboard_control:/home/karch/ws/hokuyo_ws/install/coppelia_ros2_pkg:/home/karch/ws/hunter20_ws/install/hunter_base:/opt/ros/humble:/home/karch/ws/hunter20_ws/install/ugv_sdk:/home/karch/ws/hunter20_ws/install/hunter_msgs:/home/karch/ws/dev_ws/install/first_pkg /usr/bin/cmake --install /home/karch/ws/hunter20_ws/build/hunter_msgs
[3.988s] Level 1:colcon.colcon_core.environment:create_environment_scripts_only(hunter_msgs)
[3.990s] DEBUG:colcon.colcon_core.event_handler.log_command:Invoked command in '/home/karch/ws/hunter20_ws/build/hunter_msgs' returned '0': CMAKE_PREFIX_PATH=/home/karch/ws/hokuyo_ws/install/urg_node:/home/karch/ws/hokuyo_ws/install/urg_node_msgs:/home/karch/ws/hokuyo_ws/install/urg_c:/home/karch/ws/hokuyo_ws/install/tfg_pkg:/home/karch/ws/hokuyo_ws/install/robot_status_publisher:/home/karch/ws/hokuyo_ws/install/keyboard_control:/home/karch/ws/hokuyo_ws/install/coppelia_ros2_pkg:/home/karch/ws/hunter20_ws/install/hunter_base:/opt/ros/humble:/home/karch/ws/hunter20_ws/install/ugv_sdk:/home/karch/ws/hunter20_ws/install/hunter_msgs:/home/karch/ws/dev_ws/install/first_pkg /usr/bin/cmake --install /home/karch/ws/hunter20_ws/build/hunter_msgs
[3.997s] Level 1:colcon.colcon_core.environment:checking '/home/karch/ws/hunter20_ws/install/hunter_msgs' for CMake module files
[3.998s] Level 1:colcon.colcon_core.environment:checking '/home/karch/ws/hunter20_ws/install/hunter_msgs' for CMake config files
[3.999s] Level 1:colcon.colcon_core.shell:create_environment_hook('hunter_msgs', 'cmake_prefix_path')
[4.000s] INFO:colcon.colcon_core.shell:Creating environment hook '/home/karch/ws/hunter20_ws/install/hunter_msgs/share/hunter_msgs/hook/cmake_prefix_path.ps1'
[4.001s] INFO:colcon.colcon_core.shell:Creating environment descriptor '/home/karch/ws/hunter20_ws/install/hunter_msgs/share/hunter_msgs/hook/cmake_prefix_path.dsv'
[4.002s] INFO:colcon.colcon_core.shell:Creating environment hook '/home/karch/ws/hunter20_ws/install/hunter_msgs/share/hunter_msgs/hook/cmake_prefix_path.sh'
[4.003s] Level 1:colcon.colcon_core.environment:checking '/home/karch/ws/hunter20_ws/install/hunter_msgs/lib'
[4.003s] Level 1:colcon.colcon_core.shell:create_environment_hook('hunter_msgs', 'ld_library_path_lib')
[4.004s] INFO:colcon.colcon_core.shell:Creating environment hook '/home/karch/ws/hunter20_ws/install/hunter_msgs/share/hunter_msgs/hook/ld_library_path_lib.ps1'
[4.005s] INFO:colcon.colcon_core.shell:Creating environment descriptor '/home/karch/ws/hunter20_ws/install/hunter_msgs/share/hunter_msgs/hook/ld_library_path_lib.dsv'
[4.005s] INFO:colcon.colcon_core.shell:Creating environment hook '/home/karch/ws/hunter20_ws/install/hunter_msgs/share/hunter_msgs/hook/ld_library_path_lib.sh'
[4.005s] Level 1:colcon.colcon_core.environment:checking '/home/karch/ws/hunter20_ws/install/hunter_msgs/bin'
[4.006s] Level 1:colcon.colcon_core.environment:checking '/home/karch/ws/hunter20_ws/install/hunter_msgs/lib/pkgconfig/hunter_msgs.pc'
[4.006s] Level 1:colcon.colcon_core.environment:checking '/home/karch/ws/hunter20_ws/install/hunter_msgs/lib/python3.10/site-packages'
[4.006s] Level 1:colcon.colcon_core.environment:checking '/home/karch/ws/hunter20_ws/install/hunter_msgs/bin'
[4.007s] INFO:colcon.colcon_core.shell:Creating package script '/home/karch/ws/hunter20_ws/install/hunter_msgs/share/hunter_msgs/package.ps1'
[4.008s] INFO:colcon.colcon_core.shell:Creating package descriptor '/home/karch/ws/hunter20_ws/install/hunter_msgs/share/hunter_msgs/package.dsv'
[4.009s] INFO:colcon.colcon_core.shell:Creating package script '/home/karch/ws/hunter20_ws/install/hunter_msgs/share/hunter_msgs/package.sh'
[4.010s] INFO:colcon.colcon_core.shell:Creating package script '/home/karch/ws/hunter20_ws/install/hunter_msgs/share/hunter_msgs/package.bash'
[4.011s] INFO:colcon.colcon_core.shell:Creating package script '/home/karch/ws/hunter20_ws/install/hunter_msgs/share/hunter_msgs/package.zsh'
[4.012s] Level 1:colcon.colcon_core.environment:create_file_with_runtime_dependencies(/home/karch/ws/hunter20_ws/install/hunter_msgs/share/colcon-core/packages/hunter_msgs)
[4.245s] Level 1:colcon.colcon_core.environment:create_environment_scripts_only(hunter_msgs)
[4.247s] Level 1:colcon.colcon_core.environment:checking '/home/karch/ws/hunter20_ws/install/hunter_msgs' for CMake module files
[4.248s] Level 1:colcon.colcon_core.environment:checking '/home/karch/ws/hunter20_ws/install/hunter_msgs' for CMake config files
[4.248s] Level 1:colcon.colcon_core.shell:create_environment_hook('hunter_msgs', 'cmake_prefix_path')
[4.249s] INFO:colcon.colcon_core.shell:Creating environment hook '/home/karch/ws/hunter20_ws/install/hunter_msgs/share/hunter_msgs/hook/cmake_prefix_path.ps1'
[4.250s] INFO:colcon.colcon_core.shell:Creating environment descriptor '/home/karch/ws/hunter20_ws/install/hunter_msgs/share/hunter_msgs/hook/cmake_prefix_path.dsv'
[4.250s] INFO:colcon.colcon_core.shell:Creating environment hook '/home/karch/ws/hunter20_ws/install/hunter_msgs/share/hunter_msgs/hook/cmake_prefix_path.sh'
[4.250s] Level 1:colcon.colcon_core.environment:checking '/home/karch/ws/hunter20_ws/install/hunter_msgs/lib'
[4.250s] Level 1:colcon.colcon_core.shell:create_environment_hook('hunter_msgs', 'ld_library_path_lib')
[4.251s] INFO:colcon.colcon_core.shell:Creating environment hook '/home/karch/ws/hunter20_ws/install/hunter_msgs/share/hunter_msgs/hook/ld_library_path_lib.ps1'
[4.252s] INFO:colcon.colcon_core.shell:Creating environment descriptor '/home/karch/ws/hunter20_ws/install/hunter_msgs/share/hunter_msgs/hook/ld_library_path_lib.dsv'
[4.252s] INFO:colcon.colcon_core.shell:Creating environment hook '/home/karch/ws/hunter20_ws/install/hunter_msgs/share/hunter_msgs/hook/ld_library_path_lib.sh'
[4.252s] Level 1:colcon.colcon_core.environment:checking '/home/karch/ws/hunter20_ws/install/hunter_msgs/bin'
[4.252s] Level 1:colcon.colcon_core.environment:checking '/home/karch/ws/hunter20_ws/install/hunter_msgs/lib/pkgconfig/hunter_msgs.pc'
[4.253s] Level 1:colcon.colcon_core.environment:checking '/home/karch/ws/hunter20_ws/install/hunter_msgs/lib/python3.10/site-packages'
[4.253s] Level 1:colcon.colcon_core.environment:checking '/home/karch/ws/hunter20_ws/install/hunter_msgs/bin'
[4.254s] INFO:colcon.colcon_core.shell:Creating package script '/home/karch/ws/hunter20_ws/install/hunter_msgs/share/hunter_msgs/package.ps1'
[4.255s] INFO:colcon.colcon_core.shell:Creating package descriptor '/home/karch/ws/hunter20_ws/install/hunter_msgs/share/hunter_msgs/package.dsv'
[4.255s] INFO:colcon.colcon_core.shell:Creating package script '/home/karch/ws/hunter20_ws/install/hunter_msgs/share/hunter_msgs/package.sh'
[4.256s] INFO:colcon.colcon_core.shell:Creating package script '/home/karch/ws/hunter20_ws/install/hunter_msgs/share/hunter_msgs/package.bash'
[4.256s] INFO:colcon.colcon_core.shell:Creating package script '/home/karch/ws/hunter20_ws/install/hunter_msgs/share/hunter_msgs/package.zsh'
[4.256s] Level 1:colcon.colcon_core.environment:create_file_with_runtime_dependencies(/home/karch/ws/hunter20_ws/install/hunter_msgs/share/colcon-core/packages/hunter_msgs)
[7.001s] DEBUG:colcon.colcon_core.event_handler.log_command:Invoked command in '/home/karch/ws/hunter20_ws/build/ugv_sdk' returned '0': /usr/bin/cmake --build /home/karch/ws/hunter20_ws/build/ugv_sdk -- -j16 -l16
[7.152s] DEBUG:colcon.colcon_core.event_handler.log_command:Invoking command in '/home/karch/ws/hunter20_ws/build/ugv_sdk': /usr/bin/cmake --install /home/karch/ws/hunter20_ws/build/ugv_sdk
[7.180s] DEBUG:colcon.colcon_core.event_handler.log_command:Invoked command in '/home/karch/ws/hunter20_ws/build/ugv_sdk' returned '0': /usr/bin/cmake --install /home/karch/ws/hunter20_ws/build/ugv_sdk
[7.267s] Level 1:colcon.colcon_core.shell:create_environment_hook('ugv_sdk', 'ros_package_path')
[7.269s] INFO:colcon.colcon_core.shell:Creating environment hook '/home/karch/ws/hunter20_ws/install/ugv_sdk/share/ugv_sdk/hook/ros_package_path.ps1'
[7.270s] INFO:colcon.colcon_core.shell:Creating environment descriptor '/home/karch/ws/hunter20_ws/install/ugv_sdk/share/ugv_sdk/hook/ros_package_path.dsv'
[7.270s] INFO:colcon.colcon_core.shell:Creating environment hook '/home/karch/ws/hunter20_ws/install/ugv_sdk/share/ugv_sdk/hook/ros_package_path.sh'
[7.271s] Level 1:colcon.colcon_core.shell:create_environment_hook('ugv_sdk', 'pkg_config_path')
[7.272s] INFO:colcon.colcon_core.shell:Creating environment hook '/home/karch/ws/hunter20_ws/install/ugv_sdk/share/ugv_sdk/hook/pkg_config_path.ps1'
[7.272s] INFO:colcon.colcon_core.shell:Creating environment descriptor '/home/karch/ws/hunter20_ws/install/ugv_sdk/share/ugv_sdk/hook/pkg_config_path.dsv'
[7.272s] INFO:colcon.colcon_core.shell:Creating environment hook '/home/karch/ws/hunter20_ws/install/ugv_sdk/share/ugv_sdk/hook/pkg_config_path.sh'
[7.277s] Level 1:colcon.colcon_core.shell:create_environment_hook('ugv_sdk', 'pkg_config_path_multiarch')
[7.278s] INFO:colcon.colcon_core.shell:Creating environment hook '/home/karch/ws/hunter20_ws/install/ugv_sdk/share/ugv_sdk/hook/pkg_config_path_multiarch.ps1'
[7.279s] INFO:colcon.colcon_core.shell:Creating environment descriptor '/home/karch/ws/hunter20_ws/install/ugv_sdk/share/ugv_sdk/hook/pkg_config_path_multiarch.dsv'
[7.279s] INFO:colcon.colcon_core.shell:Creating environment hook '/home/karch/ws/hunter20_ws/install/ugv_sdk/share/ugv_sdk/hook/pkg_config_path_multiarch.sh'
[7.280s] Level 1:colcon.colcon_core.environment:create_environment_scripts_only(ugv_sdk)
[7.282s] Level 1:colcon.colcon_core.environment:checking '/home/karch/ws/hunter20_ws/install/ugv_sdk' for CMake module files
[7.282s] Level 1:colcon.colcon_core.environment:checking '/home/karch/ws/hunter20_ws/install/ugv_sdk' for CMake config files
[7.283s] Level 1:colcon.colcon_core.shell:create_environment_hook('ugv_sdk', 'cmake_prefix_path')
[7.284s] INFO:colcon.colcon_core.shell:Creating environment hook '/home/karch/ws/hunter20_ws/install/ugv_sdk/share/ugv_sdk/hook/cmake_prefix_path.ps1'
[7.284s] INFO:colcon.colcon_core.shell:Creating environment descriptor '/home/karch/ws/hunter20_ws/install/ugv_sdk/share/ugv_sdk/hook/cmake_prefix_path.dsv'
[7.284s] INFO:colcon.colcon_core.shell:Creating environment hook '/home/karch/ws/hunter20_ws/install/ugv_sdk/share/ugv_sdk/hook/cmake_prefix_path.sh'
[7.284s] Level 1:colcon.colcon_core.environment:checking '/home/karch/ws/hunter20_ws/install/ugv_sdk/lib'
[7.285s] Level 1:colcon.colcon_core.environment:checking '/home/karch/ws/hunter20_ws/install/ugv_sdk/bin'
[7.285s] Level 1:colcon.colcon_core.environment:checking '/home/karch/ws/hunter20_ws/install/ugv_sdk/lib/pkgconfig/ugv_sdk.pc'
[7.285s] Level 1:colcon.colcon_core.environment:checking '/home/karch/ws/hunter20_ws/install/ugv_sdk/lib/python3.10/site-packages'
[7.285s] Level 1:colcon.colcon_core.environment:checking '/home/karch/ws/hunter20_ws/install/ugv_sdk/bin'
[7.286s] INFO:colcon.colcon_core.shell:Creating package script '/home/karch/ws/hunter20_ws/install/ugv_sdk/share/ugv_sdk/package.ps1'
[7.287s] INFO:colcon.colcon_core.shell:Creating package descriptor '/home/karch/ws/hunter20_ws/install/ugv_sdk/share/ugv_sdk/package.dsv'
[7.287s] INFO:colcon.colcon_core.shell:Creating package script '/home/karch/ws/hunter20_ws/install/ugv_sdk/share/ugv_sdk/package.sh'
[7.287s] INFO:colcon.colcon_core.shell:Creating package script '/home/karch/ws/hunter20_ws/install/ugv_sdk/share/ugv_sdk/package.bash'
[7.287s] INFO:colcon.colcon_core.shell:Creating package script '/home/karch/ws/hunter20_ws/install/ugv_sdk/share/ugv_sdk/package.zsh'
[7.288s] Level 1:colcon.colcon_core.environment:create_file_with_runtime_dependencies(/home/karch/ws/hunter20_ws/install/ugv_sdk/share/colcon-core/packages/ugv_sdk)
[7.288s] INFO:colcon.colcon_ros.task.ament_cmake.build:Building ROS package in '/home/karch/ws/hunter20_ws/src/hunter_ros2/hunter_base' with build type 'ament_cmake'
[7.288s] INFO:colcon.colcon_cmake.task.cmake.build:Building CMake package in '/home/karch/ws/hunter20_ws/src/hunter_ros2/hunter_base'
[7.289s] INFO:colcon.colcon_core.shell:Skip shell extension 'powershell' for command environment: Not usable outside of PowerShell
[7.289s] DEBUG:colcon.colcon_core.shell:Skip shell extension 'dsv' for command environment
[7.315s] DEBUG:colcon.colcon_core.event_handler.log_command:Invoking command in '/home/karch/ws/hunter20_ws/build/hunter_base': CMAKE_PREFIX_PATH=/opt/ros/humble:/home/karch/ws/hunter20_ws/install/ugv_sdk:/home/karch/ws/hunter20_ws/install/hunter_msgs:/home/karch/ws/hokuyo_ws/install/urg_node:/home/karch/ws/hokuyo_ws/install/urg_node_msgs:/home/karch/ws/hokuyo_ws/install/urg_c:/home/karch/ws/hokuyo_ws/install/tfg_pkg:/home/karch/ws/hokuyo_ws/install/robot_status_publisher:/home/karch/ws/hokuyo_ws/install/keyboard_control:/home/karch/ws/hokuyo_ws/install/coppelia_ros2_pkg:/home/karch/ws/hunter20_ws/install/hunter_base:/home/karch/ws/dev_ws/install/first_pkg LD_LIBRARY_PATH=/home/karch/ws/hunter20_ws/install/hunter_msgs/lib:/home/karch/ws/hokuyo_ws/install/urg_node/lib:/home/karch/ws/hokuyo_ws/install/urg_node_msgs/lib:/home/karch/ws/hokuyo_ws/install/urg_c/lib:/home/karch/ws/hokuyo_ws/install/coppelia_ros2_pkg/lib:/opt/ros/humble/opt/rviz_ogre_vendor/lib:/opt/ros/humble/lib/x86_64-linux-gnu:/opt/ros/humble/lib /usr/bin/cmake --build /home/karch/ws/hunter20_ws/build/hunter_base -- -j16 -l16
[12.706s] DEBUG:colcon.colcon_core.event_handler.log_command:Invoked command in '/home/karch/ws/hunter20_ws/build/hunter_base' returned '2': CMAKE_PREFIX_PATH=/opt/ros/humble:/home/karch/ws/hunter20_ws/install/ugv_sdk:/home/karch/ws/hunter20_ws/install/hunter_msgs:/home/karch/ws/hokuyo_ws/install/urg_node:/home/karch/ws/hokuyo_ws/install/urg_node_msgs:/home/karch/ws/hokuyo_ws/install/urg_c:/home/karch/ws/hokuyo_ws/install/tfg_pkg:/home/karch/ws/hokuyo_ws/install/robot_status_publisher:/home/karch/ws/hokuyo_ws/install/keyboard_control:/home/karch/ws/hokuyo_ws/install/coppelia_ros2_pkg:/home/karch/ws/hunter20_ws/install/hunter_base:/home/karch/ws/dev_ws/install/first_pkg LD_LIBRARY_PATH=/home/karch/ws/hunter20_ws/install/hunter_msgs/lib:/home/karch/ws/hokuyo_ws/install/urg_node/lib:/home/karch/ws/hokuyo_ws/install/urg_node_msgs/lib:/home/karch/ws/hokuyo_ws/install/urg_c/lib:/home/karch/ws/hokuyo_ws/install/coppelia_ros2_pkg/lib:/opt/ros/humble/opt/rviz_ogre_vendor/lib:/opt/ros/humble/lib/x86_64-linux-gnu:/opt/ros/humble/lib /usr/bin/cmake --build /home/karch/ws/hunter20_ws/build/hunter_base -- -j16 -l16
[12.760s] Level 1:colcon.colcon_core.environment:create_environment_scripts_only(hunter_base)
[12.762s] Level 1:colcon.colcon_core.environment:checking '/home/karch/ws/hunter20_ws/install/hunter_base' for CMake module files
[12.765s] Level 1:colcon.colcon_core.environment:checking '/home/karch/ws/hunter20_ws/install/hunter_base' for CMake config files
[12.766s] Level 1:colcon.colcon_core.shell:create_environment_hook('hunter_base', 'cmake_prefix_path')
[12.767s] INFO:colcon.colcon_core.shell:Creating environment hook '/home/karch/ws/hunter20_ws/install/hunter_base/share/hunter_base/hook/cmake_prefix_path.ps1'
[12.768s] INFO:colcon.colcon_core.shell:Creating environment descriptor '/home/karch/ws/hunter20_ws/install/hunter_base/share/hunter_base/hook/cmake_prefix_path.dsv'
[12.768s] INFO:colcon.colcon_core.shell:Creating environment hook '/home/karch/ws/hunter20_ws/install/hunter_base/share/hunter_base/hook/cmake_prefix_path.sh'
[12.768s] Level 1:colcon.colcon_core.environment:checking '/home/karch/ws/hunter20_ws/install/hunter_base/lib'
[12.768s] Level 1:colcon.colcon_core.environment:checking '/home/karch/ws/hunter20_ws/install/hunter_base/bin'
[12.768s] Level 1:colcon.colcon_core.environment:checking '/home/karch/ws/hunter20_ws/install/hunter_base/lib/pkgconfig/hunter_base.pc'
[12.768s] Level 1:colcon.colcon_core.environment:checking '/home/karch/ws/hunter20_ws/install/hunter_base/lib/python3.10/site-packages'
[12.769s] Level 1:colcon.colcon_core.environment:checking '/home/karch/ws/hunter20_ws/install/hunter_base/bin'
[12.770s] INFO:colcon.colcon_core.shell:Creating package script '/home/karch/ws/hunter20_ws/install/hunter_base/share/hunter_base/package.ps1'
[12.770s] INFO:colcon.colcon_core.shell:Creating package descriptor '/home/karch/ws/hunter20_ws/install/hunter_base/share/hunter_base/package.dsv'
[12.770s] INFO:colcon.colcon_core.shell:Creating package script '/home/karch/ws/hunter20_ws/install/hunter_base/share/hunter_base/package.sh'
[12.771s] INFO:colcon.colcon_core.shell:Creating package script '/home/karch/ws/hunter20_ws/install/hunter_base/share/hunter_base/package.bash'
[12.771s] INFO:colcon.colcon_core.shell:Creating package script '/home/karch/ws/hunter20_ws/install/hunter_base/share/hunter_base/package.zsh'
[12.771s] Level 1:colcon.colcon_core.environment:create_file_with_runtime_dependencies(/home/karch/ws/hunter20_ws/install/hunter_base/share/colcon-core/packages/hunter_base)
[12.781s] DEBUG:colcon.colcon_parallel_executor.executor.parallel:closing loop
[12.782s] DEBUG:colcon.colcon_parallel_executor.executor.parallel:loop closed
[12.782s] DEBUG:colcon.colcon_parallel_executor.executor.parallel:run_until_complete finished with '2'
[12.782s] DEBUG:colcon.colcon_core.event_reactor:joining thread
[12.795s] INFO:colcon.colcon_core.plugin_system:Skipping extension 'colcon_notification.desktop_notification.terminal_notifier': Not used on non-Darwin systems
[12.795s] INFO:colcon.colcon_core.plugin_system:Skipping extension 'colcon_notification.desktop_notification.win32': Not used on non-Windows systems
[12.795s] INFO:colcon.colcon_notification.desktop_notification:Sending desktop notification using 'notify2'
[12.811s] DEBUG:colcon.colcon_core.event_reactor:joined thread
[12.813s] INFO:colcon.colcon_core.shell:Creating prefix script '/home/karch/ws/hunter20_ws/install/local_setup.ps1'
[12.814s] INFO:colcon.colcon_core.shell:Creating prefix util module '/home/karch/ws/hunter20_ws/install/_local_setup_util_ps1.py'
[12.815s] INFO:colcon.colcon_core.shell:Creating prefix chain script '/home/karch/ws/hunter20_ws/install/setup.ps1'
[12.817s] INFO:colcon.colcon_core.shell:Creating prefix script '/home/karch/ws/hunter20_ws/install/local_setup.sh'
[12.817s] INFO:colcon.colcon_core.shell:Creating prefix util module '/home/karch/ws/hunter20_ws/install/_local_setup_util_sh.py'
[12.818s] INFO:colcon.colcon_core.shell:Creating prefix chain script '/home/karch/ws/hunter20_ws/install/setup.sh'
[12.819s] INFO:colcon.colcon_core.shell:Creating prefix script '/home/karch/ws/hunter20_ws/install/local_setup.bash'
[12.820s] INFO:colcon.colcon_core.shell:Creating prefix chain script '/home/karch/ws/hunter20_ws/install/setup.bash'
[12.822s] INFO:colcon.colcon_core.shell:Creating prefix script '/home/karch/ws/hunter20_ws/install/local_setup.zsh'
[12.823s] INFO:colcon.colcon_core.shell:Creating prefix chain script '/home/karch/ws/hunter20_ws/install/setup.zsh'
