[0.014s] Invoking command in '/home/karch/ws/hunter20_ws/build/hunter_msgs': CMAKE_PREFIX_PATH=/opt/ros/humble /usr/bin/cmake /home/karch/ws/hunter20_ws/src/hunter_ros2/hunter_msgs -DAMENT_CMAKE_SYMLINK_INSTALL=1 -DCMAKE_INSTALL_PREFIX=/home/karch/ws/hunter20_ws/install/hunter_msgs
[0.058s] -- The C compiler identification is GNU 11.4.0
[0.101s] -- The CXX compiler identification is GNU 11.4.0
[0.108s] -- Detecting C compiler ABI info
[0.165s] -- Detecting C compiler ABI info - done
[0.171s] -- Check for working C compiler: /usr/bin/cc - skipped
[0.171s] -- Detecting C compile features
[0.171s] -- Detecting C compile features - done
[0.173s] -- Detecting CXX compiler ABI info
[0.242s] -- Detecting CXX compiler ABI info - done
[0.248s] -- Check for working CXX compiler: /usr/bin/c++ - skipped
[0.249s] -- Detecting CXX compile features
[0.249s] -- Detecting CXX compile features - done
[0.250s] -- Found ament_cmake: 1.3.5 (/opt/ros/humble/share/ament_cmake/cmake)
[0.376s] -- Found Python3: /usr/bin/python3.10 (found version "3.10.12") found components: Interpreter 
[0.428s] -- Override CMake install command with custom implementation using symlinks instead of copying resources
[0.459s] -- Found builtin_interfaces: 1.2.1 (/opt/ros/humble/share/builtin_interfaces/cmake)
[0.510s] -- Found rosidl_generator_c: 3.1.5 (/opt/ros/humble/share/rosidl_generator_c/cmake)
[0.518s] -- Found rosidl_adapter: 3.1.5 (/opt/ros/humble/share/rosidl_adapter/cmake)
[0.532s] -- Found rosidl_generator_cpp: 3.1.5 (/opt/ros/humble/share/rosidl_generator_cpp/cmake)
[0.554s] -- Using all available rosidl_typesupport_c: rosidl_typesupport_fastrtps_c;rosidl_typesupport_introspection_c
[0.583s] -- Using all available rosidl_typesupport_cpp: rosidl_typesupport_fastrtps_cpp;rosidl_typesupport_introspection_cpp
[0.611s] -- Found rosidl_default_generators: 1.2.0 (/opt/ros/humble/share/rosidl_default_generators/cmake)
[0.624s] -- Found std_msgs: 4.2.3 (/opt/ros/humble/share/std_msgs/cmake)
[1.069s] -- Found ament_cmake_ros: 0.10.0 (/opt/ros/humble/share/ament_cmake_ros/cmake)
[1.481s] -- Using all available rosidl_typesupport_c: rosidl_typesupport_fastrtps_c;rosidl_typesupport_introspection_c
[1.646s] -- Using all available rosidl_typesupport_cpp: rosidl_typesupport_fastrtps_cpp;rosidl_typesupport_introspection_cpp
[1.672s] -- Found PythonInterp: /usr/bin/python3 (found suitable version "3.10.12", minimum required is "3.6") 
[1.673s] -- Found python_cmake_module: 0.10.0 (/opt/ros/humble/share/python_cmake_module/cmake)
[1.705s] -- Found PythonLibs: /usr/lib/x86_64-linux-gnu/libpython3.10.so (found suitable version "3.10.12", minimum required is "3.5") 
[1.705s] -- Using PYTHON_EXECUTABLE: /usr/bin/python3
[1.705s] -- Using PYTHON_INCLUDE_DIRS: /usr/include/python3.10
[1.705s] -- Using PYTHON_LIBRARIES: /usr/lib/x86_64-linux-gnu/libpython3.10.so
[1.730s] -- Found PythonExtra: .so  
[1.788s] -- Found ament_lint_auto: 0.12.7 (/opt/ros/humble/share/ament_lint_auto/cmake)
[1.808s] -- Added test 'copyright' to check source files copyright and LICENSE
[1.809s] -- Added test 'lint_cmake' to check CMake code style
[1.810s] -- Added test 'xmllint' to check XML markup files
[1.813s] -- Configuring done
[1.853s] -- Generating done
[1.856s] -- Build files have been written to: /home/karch/ws/hunter20_ws/build/hunter_msgs
[1.867s] Invoked command in '/home/karch/ws/hunter20_ws/build/hunter_msgs' returned '0': CMAKE_PREFIX_PATH=/opt/ros/humble /usr/bin/cmake /home/karch/ws/hunter20_ws/src/hunter_ros2/hunter_msgs -DAMENT_CMAKE_SYMLINK_INSTALL=1 -DCMAKE_INSTALL_PREFIX=/home/karch/ws/hunter20_ws/install/hunter_msgs
[1.869s] Invoking command in '/home/karch/ws/hunter20_ws/build/hunter_msgs': CMAKE_PREFIX_PATH=/opt/ros/humble /usr/bin/cmake --build /home/karch/ws/hunter20_ws/build/hunter_msgs -- -j16 -l16
[1.913s] [  1%] [34m[1mGenerating C code for ROS interfaces[0m
[1.936s] [  3%] Built target ament_cmake_python_symlink_hunter_msgs
[1.936s] [  3%] [34m[1mGenerating C++ code for ROS interfaces[0m
[2.207s] running egg_info
[2.208s] creating hunter_msgs.egg-info
[2.208s] writing hunter_msgs.egg-info/PKG-INFO
[2.208s] writing dependency_links to hunter_msgs.egg-info/dependency_links.txt
[2.208s] writing top-level names to hunter_msgs.egg-info/top_level.txt
[2.209s] writing manifest file 'hunter_msgs.egg-info/SOURCES.txt'
[2.211s] reading manifest file 'hunter_msgs.egg-info/SOURCES.txt'
[2.212s] writing manifest file 'hunter_msgs.egg-info/SOURCES.txt'
[2.266s] [  3%] Built target ament_cmake_python_build_hunter_msgs_egg
[2.519s] [  6%] [32mBuilding C object CMakeFiles/hunter_msgs__rosidl_generator_c.dir/rosidl_generator_c/hunter_msgs/msg/detail/hunter_light_cmd__functions.c.o[0m
[2.519s] [  6%] [32mBuilding C object CMakeFiles/hunter_msgs__rosidl_generator_c.dir/rosidl_generator_c/hunter_msgs/msg/detail/hunter_actuator_state__functions.c.o[0m
[2.520s] [  7%] [32mBuilding C object CMakeFiles/hunter_msgs__rosidl_generator_c.dir/rosidl_generator_c/hunter_msgs/msg/detail/hunter_status__functions.c.o[0m
[2.520s] [ 11%] [32mBuilding C object CMakeFiles/hunter_msgs__rosidl_generator_c.dir/rosidl_generator_c/hunter_msgs/msg/detail/hunter_rc_state__functions.c.o[0m
[2.520s] [ 11%] [32mBuilding C object CMakeFiles/hunter_msgs__rosidl_generator_c.dir/rosidl_generator_c/hunter_msgs/msg/detail/hunter_light_state__functions.c.o[0m
[2.588s] [ 12%] [32m[1mLinking C shared library libhunter_msgs__rosidl_generator_c.so[0m
[2.620s] [ 12%] Built target hunter_msgs__cpp
[2.630s] [ 15%] [34m[1mGenerating C++ type support dispatch for ROS interfaces[0m
[2.631s] [ 17%] [34m[1mGenerating C++ type support for eProsima Fast-RTPS[0m
[2.631s] [ 17%] [34m[1mGenerating C++ introspection for ROS interfaces[0m
[2.631s] [ 17%] Built target hunter_msgs__rosidl_generator_c
[2.642s] [ 20%] [34m[1mGenerating C type support for eProsima Fast-RTPS[0m
[2.642s] [ 20%] [34m[1mGenerating C type support dispatch for ROS interfaces[0m
[2.646s] [ 22%] [34m[1mGenerating C introspection for ROS interfaces[0m
[3.081s] [ 25%] [32mBuilding CXX object CMakeFiles/hunter_msgs__rosidl_typesupport_cpp.dir/rosidl_typesupport_cpp/hunter_msgs/msg/hunter_light_cmd__type_support.cpp.o[0m
[3.084s] [ 25%] [32mBuilding CXX object CMakeFiles/hunter_msgs__rosidl_typesupport_cpp.dir/rosidl_typesupport_cpp/hunter_msgs/msg/hunter_light_state__type_support.cpp.o[0m
[3.084s] [ 26%] [32mBuilding CXX object CMakeFiles/hunter_msgs__rosidl_typesupport_cpp.dir/rosidl_typesupport_cpp/hunter_msgs/msg/hunter_actuator_state__type_support.cpp.o[0m
[3.084s] [ 28%] [32mBuilding CXX object CMakeFiles/hunter_msgs__rosidl_typesupport_cpp.dir/rosidl_typesupport_cpp/hunter_msgs/msg/hunter_status__type_support.cpp.o[0m
[3.087s] [ 30%] [32mBuilding CXX object CMakeFiles/hunter_msgs__rosidl_typesupport_cpp.dir/rosidl_typesupport_cpp/hunter_msgs/msg/hunter_rc_state__type_support.cpp.o[0m
[3.134s] [ 33%] [32mBuilding CXX object CMakeFiles/hunter_msgs__rosidl_typesupport_c.dir/rosidl_typesupport_c/hunter_msgs/msg/hunter_light_cmd__type_support.cpp.o[0m
[3.137s] [ 33%] [32mBuilding CXX object CMakeFiles/hunter_msgs__rosidl_typesupport_c.dir/rosidl_typesupport_c/hunter_msgs/msg/hunter_rc_state__type_support.cpp.o[0m
[3.139s] [ 34%] [32mBuilding CXX object CMakeFiles/hunter_msgs__rosidl_typesupport_c.dir/rosidl_typesupport_c/hunter_msgs/msg/hunter_actuator_state__type_support.cpp.o[0m
[3.150s] [ 36%] [32mBuilding CXX object CMakeFiles/hunter_msgs__rosidl_typesupport_c.dir/rosidl_typesupport_c/hunter_msgs/msg/hunter_light_state__type_support.cpp.o[0m
[3.154s] [ 38%] [32mBuilding CXX object CMakeFiles/hunter_msgs__rosidl_typesupport_c.dir/rosidl_typesupport_c/hunter_msgs/msg/hunter_status__type_support.cpp.o[0m
[3.220s] [ 39%] [32m[1mLinking CXX shared library libhunter_msgs__rosidl_typesupport_c.so[0m
[3.257s] [ 41%] [32mBuilding CXX object CMakeFiles/hunter_msgs__rosidl_typesupport_introspection_cpp.dir/rosidl_typesupport_introspection_cpp/hunter_msgs/msg/detail/hunter_actuator_state__type_support.cpp.o[0m
[3.262s] [ 42%] [32mBuilding CXX object CMakeFiles/hunter_msgs__rosidl_typesupport_introspection_cpp.dir/rosidl_typesupport_introspection_cpp/hunter_msgs/msg/detail/hunter_light_cmd__type_support.cpp.o[0m
[3.264s] [ 44%] [32mBuilding CXX object CMakeFiles/hunter_msgs__rosidl_typesupport_introspection_cpp.dir/rosidl_typesupport_introspection_cpp/hunter_msgs/msg/detail/hunter_light_state__type_support.cpp.o[0m
[3.269s] [ 46%] [32mBuilding CXX object CMakeFiles/hunter_msgs__rosidl_typesupport_introspection_cpp.dir/rosidl_typesupport_introspection_cpp/hunter_msgs/msg/detail/hunter_status__type_support.cpp.o[0m
[3.277s] [ 47%] [32mBuilding CXX object CMakeFiles/hunter_msgs__rosidl_typesupport_introspection_cpp.dir/rosidl_typesupport_introspection_cpp/hunter_msgs/msg/detail/hunter_rc_state__type_support.cpp.o[0m
[3.310s] [ 49%] [32mBuilding CXX object CMakeFiles/hunter_msgs__rosidl_typesupport_fastrtps_cpp.dir/rosidl_typesupport_fastrtps_cpp/hunter_msgs/msg/detail/dds_fastrtps/hunter_actuator_state__type_support.cpp.o[0m
[3.318s] [ 50%] [32mBuilding CXX object CMakeFiles/hunter_msgs__rosidl_typesupport_fastrtps_cpp.dir/rosidl_typesupport_fastrtps_cpp/hunter_msgs/msg/detail/dds_fastrtps/hunter_light_cmd__type_support.cpp.o[0m
[3.342s] [ 50%] Built target hunter_msgs__rosidl_typesupport_c
[3.402s] [ 52%] [32mBuilding CXX object CMakeFiles/hunter_msgs__rosidl_typesupport_fastrtps_cpp.dir/rosidl_typesupport_fastrtps_cpp/hunter_msgs/msg/detail/dds_fastrtps/hunter_light_state__type_support.cpp.o[0m
[3.420s] [ 53%] [32mBuilding CXX object CMakeFiles/hunter_msgs__rosidl_typesupport_fastrtps_cpp.dir/rosidl_typesupport_fastrtps_cpp/hunter_msgs/msg/detail/dds_fastrtps/hunter_rc_state__type_support.cpp.o[0m
[3.506s] [ 55%] [32mBuilding CXX object CMakeFiles/hunter_msgs__rosidl_typesupport_fastrtps_c.dir/rosidl_typesupport_fastrtps_c/hunter_msgs/msg/detail/hunter_actuator_state__type_support_c.cpp.o[0m
[3.553s] [ 57%] [32mBuilding CXX object CMakeFiles/hunter_msgs__rosidl_typesupport_fastrtps_cpp.dir/rosidl_typesupport_fastrtps_cpp/hunter_msgs/msg/detail/dds_fastrtps/hunter_status__type_support.cpp.o[0m
[3.570s] [ 58%] [32mBuilding CXX object CMakeFiles/hunter_msgs__rosidl_typesupport_fastrtps_c.dir/rosidl_typesupport_fastrtps_c/hunter_msgs/msg/detail/hunter_light_state__type_support_c.cpp.o[0m
[3.570s] [ 60%] [32m[1mLinking CXX shared library libhunter_msgs__rosidl_typesupport_cpp.so[0m
[3.572s] [ 61%] [32mBuilding CXX object CMakeFiles/hunter_msgs__rosidl_typesupport_fastrtps_c.dir/rosidl_typesupport_fastrtps_c/hunter_msgs/msg/detail/hunter_light_cmd__type_support_c.cpp.o[0m
[3.589s] [ 63%] [32mBuilding CXX object CMakeFiles/hunter_msgs__rosidl_typesupport_fastrtps_c.dir/rosidl_typesupport_fastrtps_c/hunter_msgs/msg/detail/hunter_rc_state__type_support_c.cpp.o[0m
[3.664s] [ 65%] [32mBuilding C object CMakeFiles/hunter_msgs__rosidl_typesupport_introspection_c.dir/rosidl_typesupport_introspection_c/hunter_msgs/msg/detail/hunter_actuator_state__type_support.c.o[0m
[3.728s] [ 65%] Built target hunter_msgs__rosidl_typesupport_cpp
[3.748s] [ 66%] [32mBuilding C object CMakeFiles/hunter_msgs__rosidl_typesupport_introspection_c.dir/rosidl_typesupport_introspection_c/hunter_msgs/msg/detail/hunter_light_cmd__type_support.c.o[0m
[3.784s] [ 68%] [32mBuilding C object CMakeFiles/hunter_msgs__rosidl_typesupport_introspection_c.dir/rosidl_typesupport_introspection_c/hunter_msgs/msg/detail/hunter_light_state__type_support.c.o[0m
[3.841s] [ 69%] [32mBuilding C object CMakeFiles/hunter_msgs__rosidl_typesupport_introspection_c.dir/rosidl_typesupport_introspection_c/hunter_msgs/msg/detail/hunter_rc_state__type_support.c.o[0m
[3.900s] [ 71%] [32mBuilding C object CMakeFiles/hunter_msgs__rosidl_typesupport_introspection_c.dir/rosidl_typesupport_introspection_c/hunter_msgs/msg/detail/hunter_status__type_support.c.o[0m
[3.909s] [ 73%] [32mBuilding CXX object CMakeFiles/hunter_msgs__rosidl_typesupport_fastrtps_c.dir/rosidl_typesupport_fastrtps_c/hunter_msgs/msg/detail/hunter_status__type_support_c.cpp.o[0m
[3.957s] [ 74%] [32m[1mLinking C shared library libhunter_msgs__rosidl_typesupport_introspection_c.so[0m
[3.999s] [ 74%] Built target hunter_msgs__rosidl_typesupport_introspection_c
[4.006s] [ 76%] [32m[1mLinking CXX shared library libhunter_msgs__rosidl_typesupport_introspection_cpp.so[0m
[4.131s] [ 76%] Built target hunter_msgs__rosidl_typesupport_introspection_cpp
[4.181s] [ 77%] [32m[1mLinking CXX shared library libhunter_msgs__rosidl_typesupport_fastrtps_cpp.so[0m
[4.259s] [ 79%] [32m[1mLinking CXX shared library libhunter_msgs__rosidl_typesupport_fastrtps_c.so[0m
[4.279s] [ 79%] Built target hunter_msgs__rosidl_typesupport_fastrtps_cpp
[4.382s] [ 79%] Built target hunter_msgs__rosidl_typesupport_fastrtps_c
[4.402s] [ 79%] Built target hunter_msgs
[4.423s] [ 80%] [34m[1mGenerating Python code for ROS interfaces[0m
[5.378s] [ 80%] Built target hunter_msgs__py
[5.406s] [ 82%] [32mBuilding C object CMakeFiles/hunter_msgs__rosidl_generator_py.dir/rosidl_generator_py/hunter_msgs/msg/_hunter_actuator_state_s.c.o[0m
[5.408s] [ 87%] [32mBuilding C object CMakeFiles/hunter_msgs__rosidl_generator_py.dir/rosidl_generator_py/hunter_msgs/msg/_hunter_light_cmd_s.c.o[0m
[5.408s] [ 87%] [32mBuilding C object CMakeFiles/hunter_msgs__rosidl_generator_py.dir/rosidl_generator_py/hunter_msgs/msg/_hunter_light_state_s.c.o[0m
[5.408s] [ 87%] [32mBuilding C object CMakeFiles/hunter_msgs__rosidl_generator_py.dir/rosidl_generator_py/hunter_msgs/msg/_hunter_rc_state_s.c.o[0m
[5.408s] [ 88%] [32mBuilding C object CMakeFiles/hunter_msgs__rosidl_generator_py.dir/rosidl_generator_py/hunter_msgs/msg/_hunter_status_s.c.o[0m
[5.575s] [ 90%] [32m[1mLinking C shared library rosidl_generator_py/hunter_msgs/libhunter_msgs__rosidl_generator_py.so[0m
[5.633s] [ 90%] Built target hunter_msgs__rosidl_generator_py
[5.659s] [ 92%] [32mBuilding C object CMakeFiles/hunter_msgs__rosidl_typesupport_fastrtps_c__pyext.dir/rosidl_generator_py/hunter_msgs/_hunter_msgs_s.ep.rosidl_typesupport_fastrtps_c.c.o[0m
[5.667s] [ 95%] [32mBuilding C object CMakeFiles/hunter_msgs__rosidl_typesupport_c__pyext.dir/rosidl_generator_py/hunter_msgs/_hunter_msgs_s.ep.rosidl_typesupport_c.c.o[0m
[5.667s] [ 95%] [32mBuilding C object CMakeFiles/hunter_msgs__rosidl_typesupport_introspection_c__pyext.dir/rosidl_generator_py/hunter_msgs/_hunter_msgs_s.ep.rosidl_typesupport_introspection_c.c.o[0m
[5.783s] [ 96%] [32m[1mLinking C shared library rosidl_generator_py/hunter_msgs/hunter_msgs_s__rosidl_typesupport_fastrtps_c.cpython-310-x86_64-linux-gnu.so[0m
[5.805s] [ 98%] [32m[1mLinking C shared library rosidl_generator_py/hunter_msgs/hunter_msgs_s__rosidl_typesupport_c.cpython-310-x86_64-linux-gnu.so[0m
[5.828s] [ 98%] Built target hunter_msgs__rosidl_typesupport_fastrtps_c__pyext
[5.830s] [100%] [32m[1mLinking C shared library rosidl_generator_py/hunter_msgs/hunter_msgs_s__rosidl_typesupport_introspection_c.cpython-310-x86_64-linux-gnu.so[0m
[5.846s] [100%] Built target hunter_msgs__rosidl_typesupport_c__pyext
[5.868s] [100%] Built target hunter_msgs__rosidl_typesupport_introspection_c__pyext
[5.879s] Invoked command in '/home/karch/ws/hunter20_ws/build/hunter_msgs' returned '0': CMAKE_PREFIX_PATH=/opt/ros/humble /usr/bin/cmake --build /home/karch/ws/hunter20_ws/build/hunter_msgs -- -j16 -l16
[5.987s] Invoking command in '/home/karch/ws/hunter20_ws/build/hunter_msgs': CMAKE_PREFIX_PATH=/opt/ros/humble /usr/bin/cmake --install /home/karch/ws/hunter20_ws/build/hunter_msgs
[5.994s] -- Install configuration: ""
[5.994s] -- Execute custom install script
[5.994s] -- Symlinking: /home/karch/ws/hunter20_ws/install/hunter_msgs/share/ament_index/resource_index/rosidl_interfaces/hunter_msgs
[6.003s] -- Symlinking: /home/karch/ws/hunter20_ws/install/hunter_msgs/include/hunter_msgs/hunter_msgs/msg/detail/hunter_actuator_state__functions.h
[6.012s] -- Symlinking: /home/karch/ws/hunter20_ws/install/hunter_msgs/include/hunter_msgs/hunter_msgs/msg/detail/hunter_actuator_state__struct.h
[6.019s] -- Symlinking: /home/karch/ws/hunter20_ws/install/hunter_msgs/include/hunter_msgs/hunter_msgs/msg/detail/hunter_actuator_state__type_support.h
[6.026s] -- Symlinking: /home/karch/ws/hunter20_ws/install/hunter_msgs/include/hunter_msgs/hunter_msgs/msg/detail/hunter_light_cmd__functions.h
[6.034s] -- Symlinking: /home/karch/ws/hunter20_ws/install/hunter_msgs/include/hunter_msgs/hunter_msgs/msg/detail/hunter_light_cmd__struct.h
[6.041s] -- Symlinking: /home/karch/ws/hunter20_ws/install/hunter_msgs/include/hunter_msgs/hunter_msgs/msg/detail/hunter_light_cmd__type_support.h
[6.049s] -- Symlinking: /home/karch/ws/hunter20_ws/install/hunter_msgs/include/hunter_msgs/hunter_msgs/msg/detail/hunter_light_state__functions.h
[6.057s] -- Symlinking: /home/karch/ws/hunter20_ws/install/hunter_msgs/include/hunter_msgs/hunter_msgs/msg/detail/hunter_light_state__struct.h
[6.064s] -- Symlinking: /home/karch/ws/hunter20_ws/install/hunter_msgs/include/hunter_msgs/hunter_msgs/msg/detail/hunter_light_state__type_support.h
[6.071s] -- Symlinking: /home/karch/ws/hunter20_ws/install/hunter_msgs/include/hunter_msgs/hunter_msgs/msg/detail/hunter_rc_state__functions.h
[6.080s] -- Symlinking: /home/karch/ws/hunter20_ws/install/hunter_msgs/include/hunter_msgs/hunter_msgs/msg/detail/hunter_rc_state__struct.h
[6.087s] -- Symlinking: /home/karch/ws/hunter20_ws/install/hunter_msgs/include/hunter_msgs/hunter_msgs/msg/detail/hunter_rc_state__type_support.h
[6.094s] -- Symlinking: /home/karch/ws/hunter20_ws/install/hunter_msgs/include/hunter_msgs/hunter_msgs/msg/detail/hunter_status__functions.h
[6.101s] -- Symlinking: /home/karch/ws/hunter20_ws/install/hunter_msgs/include/hunter_msgs/hunter_msgs/msg/detail/hunter_status__struct.h
[6.109s] -- Symlinking: /home/karch/ws/hunter20_ws/install/hunter_msgs/include/hunter_msgs/hunter_msgs/msg/detail/hunter_status__type_support.h
[6.116s] -- Symlinking: /home/karch/ws/hunter20_ws/install/hunter_msgs/include/hunter_msgs/hunter_msgs/msg/hunter_actuator_state.h
[6.124s] -- Symlinking: /home/karch/ws/hunter20_ws/install/hunter_msgs/include/hunter_msgs/hunter_msgs/msg/hunter_light_cmd.h
[6.131s] -- Symlinking: /home/karch/ws/hunter20_ws/install/hunter_msgs/include/hunter_msgs/hunter_msgs/msg/hunter_light_state.h
[6.139s] -- Symlinking: /home/karch/ws/hunter20_ws/install/hunter_msgs/include/hunter_msgs/hunter_msgs/msg/hunter_rc_state.h
[6.146s] -- Symlinking: /home/karch/ws/hunter20_ws/install/hunter_msgs/include/hunter_msgs/hunter_msgs/msg/hunter_status.h
[6.153s] -- Symlinking: /home/karch/ws/hunter20_ws/install/hunter_msgs/include/hunter_msgs/hunter_msgs/msg/rosidl_generator_c__visibility_control.h
[6.161s] -- Symlinking: /home/karch/ws/hunter20_ws/install/hunter_msgs/share/hunter_msgs/environment/library_path.sh
[6.167s] -- Symlinking: /home/karch/ws/hunter20_ws/install/hunter_msgs/share/hunter_msgs/environment/library_path.dsv
[6.175s] -- Symlinking: /home/karch/ws/hunter20_ws/install/hunter_msgs/include/hunter_msgs/hunter_msgs/msg/detail/hunter_actuator_state__rosidl_typesupport_fastrtps_c.h
[6.181s] -- Symlinking: /home/karch/ws/hunter20_ws/install/hunter_msgs/include/hunter_msgs/hunter_msgs/msg/detail/hunter_light_cmd__rosidl_typesupport_fastrtps_c.h
[6.188s] -- Symlinking: /home/karch/ws/hunter20_ws/install/hunter_msgs/include/hunter_msgs/hunter_msgs/msg/detail/hunter_light_state__rosidl_typesupport_fastrtps_c.h
[6.195s] -- Symlinking: /home/karch/ws/hunter20_ws/install/hunter_msgs/include/hunter_msgs/hunter_msgs/msg/detail/hunter_rc_state__rosidl_typesupport_fastrtps_c.h
[6.203s] -- Symlinking: /home/karch/ws/hunter20_ws/install/hunter_msgs/include/hunter_msgs/hunter_msgs/msg/detail/hunter_status__rosidl_typesupport_fastrtps_c.h
[6.211s] -- Symlinking: /home/karch/ws/hunter20_ws/install/hunter_msgs/include/hunter_msgs/hunter_msgs/msg/rosidl_typesupport_fastrtps_c__visibility_control.h
[6.217s] -- Symlinking: /home/karch/ws/hunter20_ws/install/hunter_msgs/include/hunter_msgs/hunter_msgs/msg/detail/hunter_actuator_state__builder.hpp
[6.225s] -- Symlinking: /home/karch/ws/hunter20_ws/install/hunter_msgs/include/hunter_msgs/hunter_msgs/msg/detail/hunter_actuator_state__struct.hpp
[6.232s] -- Symlinking: /home/karch/ws/hunter20_ws/install/hunter_msgs/include/hunter_msgs/hunter_msgs/msg/detail/hunter_actuator_state__traits.hpp
[6.240s] -- Symlinking: /home/karch/ws/hunter20_ws/install/hunter_msgs/include/hunter_msgs/hunter_msgs/msg/detail/hunter_light_cmd__builder.hpp
[6.247s] -- Symlinking: /home/karch/ws/hunter20_ws/install/hunter_msgs/include/hunter_msgs/hunter_msgs/msg/detail/hunter_light_cmd__struct.hpp
[6.255s] -- Symlinking: /home/karch/ws/hunter20_ws/install/hunter_msgs/include/hunter_msgs/hunter_msgs/msg/detail/hunter_light_cmd__traits.hpp
[6.263s] -- Symlinking: /home/karch/ws/hunter20_ws/install/hunter_msgs/include/hunter_msgs/hunter_msgs/msg/detail/hunter_light_state__builder.hpp
[6.271s] -- Symlinking: /home/karch/ws/hunter20_ws/install/hunter_msgs/include/hunter_msgs/hunter_msgs/msg/detail/hunter_light_state__struct.hpp
[6.278s] -- Symlinking: /home/karch/ws/hunter20_ws/install/hunter_msgs/include/hunter_msgs/hunter_msgs/msg/detail/hunter_light_state__traits.hpp
[6.285s] -- Symlinking: /home/karch/ws/hunter20_ws/install/hunter_msgs/include/hunter_msgs/hunter_msgs/msg/detail/hunter_rc_state__builder.hpp
[6.293s] -- Symlinking: /home/karch/ws/hunter20_ws/install/hunter_msgs/include/hunter_msgs/hunter_msgs/msg/detail/hunter_rc_state__struct.hpp
[6.302s] -- Symlinking: /home/karch/ws/hunter20_ws/install/hunter_msgs/include/hunter_msgs/hunter_msgs/msg/detail/hunter_rc_state__traits.hpp
[6.310s] -- Symlinking: /home/karch/ws/hunter20_ws/install/hunter_msgs/include/hunter_msgs/hunter_msgs/msg/detail/hunter_status__builder.hpp
[6.318s] -- Symlinking: /home/karch/ws/hunter20_ws/install/hunter_msgs/include/hunter_msgs/hunter_msgs/msg/detail/hunter_status__struct.hpp
[6.325s] -- Symlinking: /home/karch/ws/hunter20_ws/install/hunter_msgs/include/hunter_msgs/hunter_msgs/msg/detail/hunter_status__traits.hpp
[6.333s] -- Symlinking: /home/karch/ws/hunter20_ws/install/hunter_msgs/include/hunter_msgs/hunter_msgs/msg/hunter_actuator_state.hpp
[6.339s] -- Symlinking: /home/karch/ws/hunter20_ws/install/hunter_msgs/include/hunter_msgs/hunter_msgs/msg/hunter_light_cmd.hpp
[6.348s] -- Symlinking: /home/karch/ws/hunter20_ws/install/hunter_msgs/include/hunter_msgs/hunter_msgs/msg/hunter_light_state.hpp
[6.355s] -- Symlinking: /home/karch/ws/hunter20_ws/install/hunter_msgs/include/hunter_msgs/hunter_msgs/msg/hunter_rc_state.hpp
[6.364s] -- Symlinking: /home/karch/ws/hunter20_ws/install/hunter_msgs/include/hunter_msgs/hunter_msgs/msg/hunter_status.hpp
[6.372s] -- Symlinking: /home/karch/ws/hunter20_ws/install/hunter_msgs/include/hunter_msgs/hunter_msgs/msg/detail/hunter_actuator_state__rosidl_typesupport_fastrtps_cpp.hpp
[6.379s] -- Symlinking: /home/karch/ws/hunter20_ws/install/hunter_msgs/include/hunter_msgs/hunter_msgs/msg/detail/hunter_light_cmd__rosidl_typesupport_fastrtps_cpp.hpp
[6.386s] -- Symlinking: /home/karch/ws/hunter20_ws/install/hunter_msgs/include/hunter_msgs/hunter_msgs/msg/detail/hunter_light_state__rosidl_typesupport_fastrtps_cpp.hpp
[6.393s] -- Symlinking: /home/karch/ws/hunter20_ws/install/hunter_msgs/include/hunter_msgs/hunter_msgs/msg/detail/hunter_rc_state__rosidl_typesupport_fastrtps_cpp.hpp
[6.401s] -- Symlinking: /home/karch/ws/hunter20_ws/install/hunter_msgs/include/hunter_msgs/hunter_msgs/msg/detail/hunter_status__rosidl_typesupport_fastrtps_cpp.hpp
[6.408s] -- Symlinking: /home/karch/ws/hunter20_ws/install/hunter_msgs/include/hunter_msgs/hunter_msgs/msg/rosidl_typesupport_fastrtps_cpp__visibility_control.h
[6.415s] -- Symlinking: /home/karch/ws/hunter20_ws/install/hunter_msgs/include/hunter_msgs/hunter_msgs/msg/detail/hunter_actuator_state__rosidl_typesupport_introspection_c.h
[6.423s] -- Symlinking: /home/karch/ws/hunter20_ws/install/hunter_msgs/include/hunter_msgs/hunter_msgs/msg/detail/hunter_light_cmd__rosidl_typesupport_introspection_c.h
[6.431s] -- Symlinking: /home/karch/ws/hunter20_ws/install/hunter_msgs/include/hunter_msgs/hunter_msgs/msg/detail/hunter_light_state__rosidl_typesupport_introspection_c.h
[6.438s] -- Symlinking: /home/karch/ws/hunter20_ws/install/hunter_msgs/include/hunter_msgs/hunter_msgs/msg/detail/hunter_rc_state__rosidl_typesupport_introspection_c.h
[6.445s] -- Symlinking: /home/karch/ws/hunter20_ws/install/hunter_msgs/include/hunter_msgs/hunter_msgs/msg/detail/hunter_status__rosidl_typesupport_introspection_c.h
[6.453s] -- Symlinking: /home/karch/ws/hunter20_ws/install/hunter_msgs/include/hunter_msgs/hunter_msgs/msg/rosidl_typesupport_introspection_c__visibility_control.h
[6.460s] -- Symlinking: /home/karch/ws/hunter20_ws/install/hunter_msgs/include/hunter_msgs/hunter_msgs/msg/detail/hunter_actuator_state__rosidl_typesupport_introspection_cpp.hpp
[6.468s] -- Symlinking: /home/karch/ws/hunter20_ws/install/hunter_msgs/include/hunter_msgs/hunter_msgs/msg/detail/hunter_light_cmd__rosidl_typesupport_introspection_cpp.hpp
[6.475s] -- Symlinking: /home/karch/ws/hunter20_ws/install/hunter_msgs/include/hunter_msgs/hunter_msgs/msg/detail/hunter_light_state__rosidl_typesupport_introspection_cpp.hpp
[6.482s] -- Symlinking: /home/karch/ws/hunter20_ws/install/hunter_msgs/include/hunter_msgs/hunter_msgs/msg/detail/hunter_rc_state__rosidl_typesupport_introspection_cpp.hpp
[6.489s] -- Symlinking: /home/karch/ws/hunter20_ws/install/hunter_msgs/include/hunter_msgs/hunter_msgs/msg/detail/hunter_status__rosidl_typesupport_introspection_cpp.hpp
[6.497s] -- Symlinking: /home/karch/ws/hunter20_ws/install/hunter_msgs/share/hunter_msgs/environment/pythonpath.sh
[6.505s] -- Symlinking: /home/karch/ws/hunter20_ws/install/hunter_msgs/share/hunter_msgs/environment/pythonpath.dsv
[6.514s] -- Symlinking: /home/karch/ws/hunter20_ws/install/hunter_msgs/local/lib/python3.10/dist-packages/hunter_msgs-0.0.1-py3.10.egg-info/PKG-INFO
[6.522s] -- Symlinking: /home/karch/ws/hunter20_ws/install/hunter_msgs/local/lib/python3.10/dist-packages/hunter_msgs-0.0.1-py3.10.egg-info/SOURCES.txt
[6.530s] -- Symlinking: /home/karch/ws/hunter20_ws/install/hunter_msgs/local/lib/python3.10/dist-packages/hunter_msgs-0.0.1-py3.10.egg-info/dependency_links.txt
[6.537s] -- Symlinking: /home/karch/ws/hunter20_ws/install/hunter_msgs/local/lib/python3.10/dist-packages/hunter_msgs-0.0.1-py3.10.egg-info/top_level.txt
[6.547s] -- Symlinking: /home/karch/ws/hunter20_ws/install/hunter_msgs/local/lib/python3.10/dist-packages/hunter_msgs/__init__.py
[6.554s] -- Symlinking: /home/karch/ws/hunter20_ws/install/hunter_msgs/local/lib/python3.10/dist-packages/hunter_msgs/_hunter_msgs_s.ep.rosidl_typesupport_c.c
[6.561s] -- Symlinking: /home/karch/ws/hunter20_ws/install/hunter_msgs/local/lib/python3.10/dist-packages/hunter_msgs/_hunter_msgs_s.ep.rosidl_typesupport_fastrtps_c.c
[6.569s] -- Symlinking: /home/karch/ws/hunter20_ws/install/hunter_msgs/local/lib/python3.10/dist-packages/hunter_msgs/_hunter_msgs_s.ep.rosidl_typesupport_introspection_c.c
[6.576s] -- Symlinking: /home/karch/ws/hunter20_ws/install/hunter_msgs/local/lib/python3.10/dist-packages/hunter_msgs/hunter_msgs_s__rosidl_typesupport_c.cpython-310-x86_64-linux-gnu.so
[6.584s] -- Symlinking: /home/karch/ws/hunter20_ws/install/hunter_msgs/local/lib/python3.10/dist-packages/hunter_msgs/hunter_msgs_s__rosidl_typesupport_fastrtps_c.cpython-310-x86_64-linux-gnu.so
[6.591s] -- Symlinking: /home/karch/ws/hunter20_ws/install/hunter_msgs/local/lib/python3.10/dist-packages/hunter_msgs/hunter_msgs_s__rosidl_typesupport_introspection_c.cpython-310-x86_64-linux-gnu.so
[6.599s] -- Symlinking: /home/karch/ws/hunter20_ws/install/hunter_msgs/local/lib/python3.10/dist-packages/hunter_msgs/libhunter_msgs__rosidl_generator_py.so
[6.606s] -- Symlinking: /home/karch/ws/hunter20_ws/install/hunter_msgs/local/lib/python3.10/dist-packages/hunter_msgs/msg/__init__.py
[6.613s] -- Symlinking: /home/karch/ws/hunter20_ws/install/hunter_msgs/local/lib/python3.10/dist-packages/hunter_msgs/msg/_hunter_actuator_state.py
[6.621s] -- Symlinking: /home/karch/ws/hunter20_ws/install/hunter_msgs/local/lib/python3.10/dist-packages/hunter_msgs/msg/_hunter_actuator_state_s.c
[6.628s] -- Symlinking: /home/karch/ws/hunter20_ws/install/hunter_msgs/local/lib/python3.10/dist-packages/hunter_msgs/msg/_hunter_light_cmd.py
[6.636s] -- Symlinking: /home/karch/ws/hunter20_ws/install/hunter_msgs/local/lib/python3.10/dist-packages/hunter_msgs/msg/_hunter_light_cmd_s.c
[6.643s] -- Symlinking: /home/karch/ws/hunter20_ws/install/hunter_msgs/local/lib/python3.10/dist-packages/hunter_msgs/msg/_hunter_light_state.py
[6.650s] -- Symlinking: /home/karch/ws/hunter20_ws/install/hunter_msgs/local/lib/python3.10/dist-packages/hunter_msgs/msg/_hunter_light_state_s.c
[6.657s] -- Symlinking: /home/karch/ws/hunter20_ws/install/hunter_msgs/local/lib/python3.10/dist-packages/hunter_msgs/msg/_hunter_rc_state.py
[6.665s] -- Symlinking: /home/karch/ws/hunter20_ws/install/hunter_msgs/local/lib/python3.10/dist-packages/hunter_msgs/msg/_hunter_rc_state_s.c
[6.672s] -- Symlinking: /home/karch/ws/hunter20_ws/install/hunter_msgs/local/lib/python3.10/dist-packages/hunter_msgs/msg/_hunter_status.py
[6.679s] -- Symlinking: /home/karch/ws/hunter20_ws/install/hunter_msgs/local/lib/python3.10/dist-packages/hunter_msgs/msg/_hunter_status_s.c
[6.688s] -- Up-to-date symlink: /home/karch/ws/hunter20_ws/install/hunter_msgs/local/lib/python3.10/dist-packages/hunter_msgs/hunter_msgs_s__rosidl_typesupport_fastrtps_c.cpython-310-x86_64-linux-gnu.so
[6.689s] -- Up-to-date symlink: /home/karch/ws/hunter20_ws/install/hunter_msgs/local/lib/python3.10/dist-packages/hunter_msgs/hunter_msgs_s__rosidl_typesupport_introspection_c.cpython-310-x86_64-linux-gnu.so
[6.689s] -- Up-to-date symlink: /home/karch/ws/hunter20_ws/install/hunter_msgs/local/lib/python3.10/dist-packages/hunter_msgs/hunter_msgs_s__rosidl_typesupport_c.cpython-310-x86_64-linux-gnu.so
[6.689s] -- Symlinking: /home/karch/ws/hunter20_ws/install/hunter_msgs/share/hunter_msgs/msg/HunterActuatorState.idl
[6.697s] -- Symlinking: /home/karch/ws/hunter20_ws/install/hunter_msgs/share/hunter_msgs/msg/HunterLightCmd.idl
[6.705s] -- Symlinking: /home/karch/ws/hunter20_ws/install/hunter_msgs/share/hunter_msgs/msg/HunterLightState.idl
[6.713s] -- Symlinking: /home/karch/ws/hunter20_ws/install/hunter_msgs/share/hunter_msgs/msg/HunterRCState.idl
[6.721s] -- Symlinking: /home/karch/ws/hunter20_ws/install/hunter_msgs/share/hunter_msgs/msg/HunterStatus.idl
[6.728s] -- Symlinking: /home/karch/ws/hunter20_ws/install/hunter_msgs/share/hunter_msgs/msg/HunterActuatorState.msg
[6.735s] -- Symlinking: /home/karch/ws/hunter20_ws/install/hunter_msgs/share/hunter_msgs/msg/HunterLightCmd.msg
[6.743s] -- Symlinking: /home/karch/ws/hunter20_ws/install/hunter_msgs/share/hunter_msgs/msg/HunterLightState.msg
[6.750s] -- Symlinking: /home/karch/ws/hunter20_ws/install/hunter_msgs/share/hunter_msgs/msg/HunterRCState.msg
[6.757s] -- Symlinking: /home/karch/ws/hunter20_ws/install/hunter_msgs/share/hunter_msgs/msg/HunterStatus.msg
[6.766s] -- Symlinking: /home/karch/ws/hunter20_ws/install/hunter_msgs/share/ament_index/resource_index/package_run_dependencies/hunter_msgs
[6.774s] -- Symlinking: /home/karch/ws/hunter20_ws/install/hunter_msgs/share/ament_index/resource_index/parent_prefix_path/hunter_msgs
[6.781s] -- Symlinking: /home/karch/ws/hunter20_ws/install/hunter_msgs/share/hunter_msgs/environment/ament_prefix_path.sh
[6.789s] -- Symlinking: /home/karch/ws/hunter20_ws/install/hunter_msgs/share/hunter_msgs/environment/ament_prefix_path.dsv
[6.797s] -- Symlinking: /home/karch/ws/hunter20_ws/install/hunter_msgs/share/hunter_msgs/environment/path.sh
[6.804s] -- Symlinking: /home/karch/ws/hunter20_ws/install/hunter_msgs/share/hunter_msgs/environment/path.dsv
[6.812s] -- Symlinking: /home/karch/ws/hunter20_ws/install/hunter_msgs/share/hunter_msgs/local_setup.bash
[6.820s] -- Symlinking: /home/karch/ws/hunter20_ws/install/hunter_msgs/share/hunter_msgs/local_setup.sh
[6.827s] -- Symlinking: /home/karch/ws/hunter20_ws/install/hunter_msgs/share/hunter_msgs/local_setup.zsh
[6.835s] -- Symlinking: /home/karch/ws/hunter20_ws/install/hunter_msgs/share/hunter_msgs/local_setup.dsv
[6.842s] -- Symlinking: /home/karch/ws/hunter20_ws/install/hunter_msgs/share/hunter_msgs/package.dsv
[6.849s] -- Symlinking: /home/karch/ws/hunter20_ws/install/hunter_msgs/share/ament_index/resource_index/packages/hunter_msgs
[6.857s] -- Symlinking: /home/karch/ws/hunter20_ws/install/hunter_msgs/share/hunter_msgs/cmake/rosidl_cmake-extras.cmake
[6.865s] -- Symlinking: /home/karch/ws/hunter20_ws/install/hunter_msgs/share/hunter_msgs/cmake/ament_cmake_export_dependencies-extras.cmake
[6.872s] -- Symlinking: /home/karch/ws/hunter20_ws/install/hunter_msgs/share/hunter_msgs/cmake/ament_cmake_export_include_directories-extras.cmake
[6.879s] -- Symlinking: /home/karch/ws/hunter20_ws/install/hunter_msgs/share/hunter_msgs/cmake/ament_cmake_export_libraries-extras.cmake
[6.887s] -- Symlinking: /home/karch/ws/hunter20_ws/install/hunter_msgs/share/hunter_msgs/cmake/ament_cmake_export_targets-extras.cmake
[6.894s] -- Symlinking: /home/karch/ws/hunter20_ws/install/hunter_msgs/share/hunter_msgs/cmake/rosidl_cmake_export_typesupport_targets-extras.cmake
[6.901s] -- Symlinking: /home/karch/ws/hunter20_ws/install/hunter_msgs/share/hunter_msgs/cmake/rosidl_cmake_export_typesupport_libraries-extras.cmake
[6.909s] -- Symlinking: /home/karch/ws/hunter20_ws/install/hunter_msgs/share/hunter_msgs/cmake/hunter_msgsConfig.cmake
[6.918s] -- Symlinking: /home/karch/ws/hunter20_ws/install/hunter_msgs/share/hunter_msgs/cmake/hunter_msgsConfig-version.cmake
[6.926s] -- Symlinking: /home/karch/ws/hunter20_ws/install/hunter_msgs/share/hunter_msgs/package.xml
[6.933s] -- Installing: /home/karch/ws/hunter20_ws/install/hunter_msgs/lib/libhunter_msgs__rosidl_generator_c.so
[6.934s] -- Set runtime path of "/home/karch/ws/hunter20_ws/install/hunter_msgs/lib/libhunter_msgs__rosidl_generator_c.so" to ""
[6.934s] -- Installing: /home/karch/ws/hunter20_ws/install/hunter_msgs/lib/libhunter_msgs__rosidl_typesupport_fastrtps_c.so
[6.934s] -- Set runtime path of "/home/karch/ws/hunter20_ws/install/hunter_msgs/lib/libhunter_msgs__rosidl_typesupport_fastrtps_c.so" to ""
[6.935s] -- Installing: /home/karch/ws/hunter20_ws/install/hunter_msgs/lib/libhunter_msgs__rosidl_typesupport_fastrtps_cpp.so
[6.935s] -- Set runtime path of "/home/karch/ws/hunter20_ws/install/hunter_msgs/lib/libhunter_msgs__rosidl_typesupport_fastrtps_cpp.so" to ""
[6.935s] -- Installing: /home/karch/ws/hunter20_ws/install/hunter_msgs/lib/libhunter_msgs__rosidl_typesupport_introspection_c.so
[6.936s] -- Set runtime path of "/home/karch/ws/hunter20_ws/install/hunter_msgs/lib/libhunter_msgs__rosidl_typesupport_introspection_c.so" to ""
[6.936s] -- Installing: /home/karch/ws/hunter20_ws/install/hunter_msgs/lib/libhunter_msgs__rosidl_typesupport_c.so
[6.937s] -- Set runtime path of "/home/karch/ws/hunter20_ws/install/hunter_msgs/lib/libhunter_msgs__rosidl_typesupport_c.so" to ""
[6.937s] -- Installing: /home/karch/ws/hunter20_ws/install/hunter_msgs/lib/libhunter_msgs__rosidl_typesupport_introspection_cpp.so
[6.937s] -- Set runtime path of "/home/karch/ws/hunter20_ws/install/hunter_msgs/lib/libhunter_msgs__rosidl_typesupport_introspection_cpp.so" to ""
[6.938s] -- Installing: /home/karch/ws/hunter20_ws/install/hunter_msgs/lib/libhunter_msgs__rosidl_typesupport_cpp.so
[6.938s] -- Set runtime path of "/home/karch/ws/hunter20_ws/install/hunter_msgs/lib/libhunter_msgs__rosidl_typesupport_cpp.so" to ""
[6.965s] Listing '/home/karch/ws/hunter20_ws/install/hunter_msgs/local/lib/python3.10/dist-packages/hunter_msgs'...
[6.965s] Compiling '/home/karch/ws/hunter20_ws/install/hunter_msgs/local/lib/python3.10/dist-packages/hunter_msgs/__init__.py'...
[6.965s] Listing '/home/karch/ws/hunter20_ws/install/hunter_msgs/local/lib/python3.10/dist-packages/hunter_msgs/msg'...
[6.966s] Compiling '/home/karch/ws/hunter20_ws/install/hunter_msgs/local/lib/python3.10/dist-packages/hunter_msgs/msg/__init__.py'...
[6.966s] Compiling '/home/karch/ws/hunter20_ws/install/hunter_msgs/local/lib/python3.10/dist-packages/hunter_msgs/msg/_hunter_actuator_state.py'...
[6.966s] Compiling '/home/karch/ws/hunter20_ws/install/hunter_msgs/local/lib/python3.10/dist-packages/hunter_msgs/msg/_hunter_light_cmd.py'...
[6.966s] Compiling '/home/karch/ws/hunter20_ws/install/hunter_msgs/local/lib/python3.10/dist-packages/hunter_msgs/msg/_hunter_light_state.py'...
[6.966s] Compiling '/home/karch/ws/hunter20_ws/install/hunter_msgs/local/lib/python3.10/dist-packages/hunter_msgs/msg/_hunter_rc_state.py'...
[6.966s] Compiling '/home/karch/ws/hunter20_ws/install/hunter_msgs/local/lib/python3.10/dist-packages/hunter_msgs/msg/_hunter_status.py'...
[6.969s] -- Installing: /home/karch/ws/hunter20_ws/install/hunter_msgs/lib/libhunter_msgs__rosidl_generator_py.so
[6.969s] -- Set runtime path of "/home/karch/ws/hunter20_ws/install/hunter_msgs/lib/libhunter_msgs__rosidl_generator_py.so" to ""
[6.969s] -- Installing: /home/karch/ws/hunter20_ws/install/hunter_msgs/share/hunter_msgs/cmake/export_hunter_msgs__rosidl_generator_cExport.cmake
[6.970s] -- Installing: /home/karch/ws/hunter20_ws/install/hunter_msgs/share/hunter_msgs/cmake/export_hunter_msgs__rosidl_generator_cExport-noconfig.cmake
[6.970s] -- Installing: /home/karch/ws/hunter20_ws/install/hunter_msgs/share/hunter_msgs/cmake/export_hunter_msgs__rosidl_typesupport_fastrtps_cExport.cmake
[6.970s] -- Installing: /home/karch/ws/hunter20_ws/install/hunter_msgs/share/hunter_msgs/cmake/export_hunter_msgs__rosidl_typesupport_fastrtps_cExport-noconfig.cmake
[6.970s] -- Installing: /home/karch/ws/hunter20_ws/install/hunter_msgs/share/hunter_msgs/cmake/export_hunter_msgs__rosidl_generator_cppExport.cmake
[6.971s] -- Installing: /home/karch/ws/hunter20_ws/install/hunter_msgs/share/hunter_msgs/cmake/export_hunter_msgs__rosidl_typesupport_fastrtps_cppExport.cmake
[6.971s] -- Installing: /home/karch/ws/hunter20_ws/install/hunter_msgs/share/hunter_msgs/cmake/export_hunter_msgs__rosidl_typesupport_fastrtps_cppExport-noconfig.cmake
[6.971s] -- Installing: /home/karch/ws/hunter20_ws/install/hunter_msgs/share/hunter_msgs/cmake/hunter_msgs__rosidl_typesupport_introspection_cExport.cmake
[6.971s] -- Installing: /home/karch/ws/hunter20_ws/install/hunter_msgs/share/hunter_msgs/cmake/hunter_msgs__rosidl_typesupport_introspection_cExport-noconfig.cmake
[6.971s] -- Installing: /home/karch/ws/hunter20_ws/install/hunter_msgs/share/hunter_msgs/cmake/hunter_msgs__rosidl_typesupport_cExport.cmake
[6.972s] -- Installing: /home/karch/ws/hunter20_ws/install/hunter_msgs/share/hunter_msgs/cmake/hunter_msgs__rosidl_typesupport_cExport-noconfig.cmake
[6.972s] -- Installing: /home/karch/ws/hunter20_ws/install/hunter_msgs/share/hunter_msgs/cmake/hunter_msgs__rosidl_typesupport_introspection_cppExport.cmake
[6.972s] -- Installing: /home/karch/ws/hunter20_ws/install/hunter_msgs/share/hunter_msgs/cmake/hunter_msgs__rosidl_typesupport_introspection_cppExport-noconfig.cmake
[6.972s] -- Installing: /home/karch/ws/hunter20_ws/install/hunter_msgs/share/hunter_msgs/cmake/hunter_msgs__rosidl_typesupport_cppExport.cmake
[6.972s] -- Installing: /home/karch/ws/hunter20_ws/install/hunter_msgs/share/hunter_msgs/cmake/hunter_msgs__rosidl_typesupport_cppExport-noconfig.cmake
[6.973s] -- Installing: /home/karch/ws/hunter20_ws/install/hunter_msgs/share/hunter_msgs/cmake/export_hunter_msgs__rosidl_generator_pyExport.cmake
[6.973s] -- Installing: /home/karch/ws/hunter20_ws/install/hunter_msgs/share/hunter_msgs/cmake/export_hunter_msgs__rosidl_generator_pyExport-noconfig.cmake
[6.979s] Invoked command in '/home/karch/ws/hunter20_ws/build/hunter_msgs' returned '0': CMAKE_PREFIX_PATH=/opt/ros/humble /usr/bin/cmake --install /home/karch/ws/hunter20_ws/build/hunter_msgs
