[0.018s] Invoking command in '/home/karch/ws/hunter20_ws/build/ugv_sdk': /usr/bin/cmake --build /home/karch/ws/hunter20_ws/build/ugv_sdk -- -j16 -l16
[0.064s] [35m[1mConsolidate compiler generated dependencies of target ugv_sdk[0m
[0.106s] [ 40%] Built target ugv_sdk
[0.124s] [35m[1mConsolidate compiler generated dependencies of target demo_bunker_robot[0m
[0.124s] [35m[1mConsolidate compiler generated dependencies of target demo_scout_robot[0m
[0.125s] [35m[1mConsolidate compiler generated dependencies of target demo_scout_mini_omni_robot[0m
[0.126s] [35m[1mConsolidate compiler generated dependencies of target demo_tracer_robot[0m
[0.127s] [35m[1mConsolidate compiler generated dependencies of target demo_hunter_robot[0m
[0.127s] [35m[1mConsolidate compiler generated dependencies of target demo_robot_version[0m
[0.127s] [35m[1mConsolidate compiler generated dependencies of target demo_protocol_detector[0m
[0.127s] [35m[1mConsolidate compiler generated dependencies of target demo_ranger_robot[0m
[0.141s] [ 48%] Built target demo_bunker_robot
[0.153s] [ 55%] Built target demo_protocol_detector
[0.153s] [ 62%] Built target demo_hunter_robot
[0.154s] [ 77%] Built target demo_scout_robot
[0.154s] [ 77%] Built target demo_scout_mini_omni_robot
[0.154s] [ 85%] Built target demo_tracer_robot
[0.155s] [ 92%] Built target demo_robot_version
[0.158s] [100%] Built target demo_ranger_robot
[0.171s] Invoked command in '/home/karch/ws/hunter20_ws/build/ugv_sdk' returned '0': /usr/bin/cmake --build /home/karch/ws/hunter20_ws/build/ugv_sdk -- -j16 -l16
[0.295s] Invoking command in '/home/karch/ws/hunter20_ws/build/ugv_sdk': /usr/bin/cmake --install /home/karch/ws/hunter20_ws/build/ugv_sdk
[0.302s] -- Install configuration: "Release"
[0.302s] -- Up-to-date: /home/karch/ws/hunter20_ws/install/ugv_sdk/lib/libugv_sdk.a
[0.302s] -- Up-to-date: /home/karch/ws/hunter20_ws/install/ugv_sdk/include/ugv_sdk
[0.303s] -- Up-to-date: /home/karch/ws/hunter20_ws/install/ugv_sdk/include/ugv_sdk/mobile_robot
[0.303s] -- Up-to-date: /home/karch/ws/hunter20_ws/install/ugv_sdk/include/ugv_sdk/mobile_robot/bunker_robot.hpp
[0.303s] -- Up-to-date: /home/karch/ws/hunter20_ws/install/ugv_sdk/include/ugv_sdk/mobile_robot/tracer_robot.hpp
[0.303s] -- Up-to-date: /home/karch/ws/hunter20_ws/install/ugv_sdk/include/ugv_sdk/mobile_robot/scout_robot.hpp
[0.303s] -- Up-to-date: /home/karch/ws/hunter20_ws/install/ugv_sdk/include/ugv_sdk/mobile_robot/hunter_robot.hpp
[0.303s] -- Up-to-date: /home/karch/ws/hunter20_ws/install/ugv_sdk/include/ugv_sdk/mobile_robot/ranger_robot.hpp
[0.303s] -- Up-to-date: /home/karch/ws/hunter20_ws/install/ugv_sdk/include/ugv_sdk/details
[0.304s] -- Up-to-date: /home/karch/ws/hunter20_ws/install/ugv_sdk/include/ugv_sdk/details/protocol_v1
[0.304s] -- Up-to-date: /home/karch/ws/hunter20_ws/install/ugv_sdk/include/ugv_sdk/details/protocol_v1/agilex_msg_parser_v1.h
[0.304s] -- Up-to-date: /home/karch/ws/hunter20_ws/install/ugv_sdk/include/ugv_sdk/details/protocol_v1/robot_limits.hpp
[0.304s] -- Up-to-date: /home/karch/ws/hunter20_ws/install/ugv_sdk/include/ugv_sdk/details/protocol_v1/protocol_v1_parser.hpp
[0.304s] -- Up-to-date: /home/karch/ws/hunter20_ws/install/ugv_sdk/include/ugv_sdk/details/protocol_v2
[0.304s] -- Up-to-date: /home/karch/ws/hunter20_ws/install/ugv_sdk/include/ugv_sdk/details/protocol_v2/protocol_v2_parser.hpp
[0.304s] -- Up-to-date: /home/karch/ws/hunter20_ws/install/ugv_sdk/include/ugv_sdk/details/robot_base
[0.304s] -- Up-to-date: /home/karch/ws/hunter20_ws/install/ugv_sdk/include/ugv_sdk/details/robot_base/scout_base.hpp
[0.304s] -- Up-to-date: /home/karch/ws/hunter20_ws/install/ugv_sdk/include/ugv_sdk/details/robot_base/bunker_base.hpp
[0.305s] -- Up-to-date: /home/karch/ws/hunter20_ws/install/ugv_sdk/include/ugv_sdk/details/robot_base/ranger_base.hpp
[0.305s] -- Up-to-date: /home/karch/ws/hunter20_ws/install/ugv_sdk/include/ugv_sdk/details/robot_base/hunter_base.hpp
[0.305s] -- Up-to-date: /home/karch/ws/hunter20_ws/install/ugv_sdk/include/ugv_sdk/details/robot_base/tracer_base.hpp
[0.305s] -- Up-to-date: /home/karch/ws/hunter20_ws/install/ugv_sdk/include/ugv_sdk/details/robot_base/agilex_base.hpp
[0.305s] -- Up-to-date: /home/karch/ws/hunter20_ws/install/ugv_sdk/include/ugv_sdk/details/interface
[0.305s] -- Up-to-date: /home/karch/ws/hunter20_ws/install/ugv_sdk/include/ugv_sdk/details/interface/agilex_types.h
[0.305s] -- Up-to-date: /home/karch/ws/hunter20_ws/install/ugv_sdk/include/ugv_sdk/details/interface/ranger_interface.hpp
[0.305s] -- Up-to-date: /home/karch/ws/hunter20_ws/install/ugv_sdk/include/ugv_sdk/details/interface/bunker_interface.hpp
[0.305s] -- Up-to-date: /home/karch/ws/hunter20_ws/install/ugv_sdk/include/ugv_sdk/details/interface/tracer_interface.hpp
[0.305s] -- Up-to-date: /home/karch/ws/hunter20_ws/install/ugv_sdk/include/ugv_sdk/details/interface/scout_interface.hpp
[0.305s] -- Up-to-date: /home/karch/ws/hunter20_ws/install/ugv_sdk/include/ugv_sdk/details/interface/robot_common_interface.hpp
[0.306s] -- Up-to-date: /home/karch/ws/hunter20_ws/install/ugv_sdk/include/ugv_sdk/details/interface/parser_interface.hpp
[0.306s] -- Up-to-date: /home/karch/ws/hunter20_ws/install/ugv_sdk/include/ugv_sdk/details/interface/hunter_interface.hpp
[0.306s] -- Up-to-date: /home/karch/ws/hunter20_ws/install/ugv_sdk/include/ugv_sdk/details/interface/agilex_message.h
[0.306s] -- Up-to-date: /home/karch/ws/hunter20_ws/install/ugv_sdk/include/ugv_sdk/details/async_port
[0.306s] -- Up-to-date: /home/karch/ws/hunter20_ws/install/ugv_sdk/include/ugv_sdk/details/async_port/async_serial.hpp
[0.306s] -- Up-to-date: /home/karch/ws/hunter20_ws/install/ugv_sdk/include/ugv_sdk/details/async_port/ring_buffer.hpp
[0.306s] -- Up-to-date: /home/karch/ws/hunter20_ws/install/ugv_sdk/include/ugv_sdk/details/async_port/async_can.hpp
[0.306s] -- Up-to-date: /home/karch/ws/hunter20_ws/install/ugv_sdk/include/ugv_sdk/utilities
[0.306s] -- Up-to-date: /home/karch/ws/hunter20_ws/install/ugv_sdk/include/ugv_sdk/utilities/protocol_detector.hpp
[0.306s] -- Up-to-date: /home/karch/ws/hunter20_ws/install/ugv_sdk/lib/cmake/ugv_sdk/ugv_sdkTargets.cmake
[0.306s] -- Up-to-date: /home/karch/ws/hunter20_ws/install/ugv_sdk/lib/cmake/ugv_sdk/ugv_sdkTargets-release.cmake
[0.306s] -- Up-to-date: /home/karch/ws/hunter20_ws/install/ugv_sdk/lib/cmake/ugv_sdk/ugv_sdkConfig.cmake
[0.306s] -- Up-to-date: /home/karch/ws/hunter20_ws/install/ugv_sdk/lib/cmake/ugv_sdk/ugv_sdkConfigVersion.cmake
[0.309s] Invoked command in '/home/karch/ws/hunter20_ws/build/ugv_sdk' returned '0': /usr/bin/cmake --install /home/karch/ws/hunter20_ws/build/ugv_sdk
